#
# There is insufficient memory for the Java Runtime Environment to continue.
# Native memory allocation (malloc) failed to allocate 2280288 bytes for Chunk::new
# Possible reasons:
#   The system is out of physical RAM or swap space
#   The process is running with CompressedOops enabled, and the Java Heap may be blocking the growth of the native heap
# Possible solutions:
#   Reduce memory load on the system
#   Increase physical memory or swap space
#   Check if swap backing store is full
#   Decrease Java heap size (-Xmx/-Xms)
#   Decrease number of Java threads
#   Decrease Java thread stack sizes (-Xss)
#   Set larger code cache with -XX:ReservedCodeCacheSize=
#   JVM is running with Unscaled Compressed Oops mode in which the Java heap is
#     placed in the first 4GB address space. The Java Heap base address is the
#     maximum limit for the native heap growth. Please use -XX:HeapBaseMinAddress
#     to set the Java Heap base and to place the Java Heap above 4GB virtual address.
# This output file may be truncated or incomplete.
#
#  Out of Memory Error (./open/src/hotspot/share/memory/arena.cpp:195), pid=22544, tid=15760
#
# JRE version: OpenJDK Runtime Environment (15.0.2+7) (build 15.0.2+7-27)
# Java VM: OpenJDK 64-Bit Server VM (15.0.2+7-27, mixed mode, tiered, compressed oops, g1 gc, windows-amd64)
# No core dump will be written. Minidumps are not enabled by default on client versions of Windows
#

---------------  S U M M A R Y ------------

Command Line: -Dfile.encoding=UTF-8 -XX:+ShowCodeDetailsInExceptionMessages project.project

Host: Intel(R) Core(TM) i7-8565U CPU @ 1.80GHz, 8 cores, 7G,  Windows 10 , 64 bit Build 18362 (10.0.18362.1350)
Time: Fri Apr  9 09:55:48 2021 SE Asia Standard Time elapsed time: 23.009538 seconds (0d 0h 0m 23s)

---------------  T H R E A D  ---------------

Current thread (0x0000018c3dc83720):  JavaThread "C2 CompilerThread0" daemon [_thread_in_native, id=15760, stack(0x0000007a2b900000,0x0000007a2ba00000)]


Current CompileTask:
C2:  23009 3148   !   4       sun.font.GlyphLayout::layout (683 bytes)

Stack: [0x0000007a2b900000,0x0000007a2ba00000]
Native frames: (J=compiled Java code, j=interpreted, Vv=VM code, C=native code)
V  [jvm.dll+0x62ae9a]
V  [jvm.dll+0x7817a9]
V  [jvm.dll+0x782f03]
V  [jvm.dll+0x783563]
V  [jvm.dll+0x216325]
V  [jvm.dll+0x97f3a]
V  [jvm.dll+0x9861c]
V  [jvm.dll+0x32e305]
V  [jvm.dll+0x2f768a]
V  [jvm.dll+0x2f6a4a]
V  [jvm.dll+0x1ea705]
V  [jvm.dll+0x1e996e]
V  [jvm.dll+0x178567]
V  [jvm.dll+0x1f9225]
V  [jvm.dll+0x1f72cc]
V  [jvm.dll+0x74495d]
V  [jvm.dll+0x73d75a]
V  [jvm.dll+0x629c56]
C  [ucrtbase.dll+0x210b2]
C  [KERNEL32.DLL+0x17c24]
C  [ntdll.dll+0x6d721]


---------------  P R O C E S S  ---------------

Threads class SMR info:
_java_thread_list=0x0000018c3e5f22d0, length=25, elements={
0x0000018c3d415040, 0x0000018c3d415a00, 0x0000018c3dc7e2b0, 0x0000018c3dc7eb70,
0x0000018c3dc7f530, 0x0000018c3dc83720, 0x0000018c3dc3c690, 0x0000018c3d41e3a0,
0x0000018c3de06f90, 0x0000018c3de1d7a0, 0x0000018c3e411d50, 0x0000018c3e412220,
0x0000018c3e4126f0, 0x0000018c3e50ae30, 0x0000018c3e525e20, 0x0000018c3e54d190,
0x0000018c23142da0, 0x0000018c3e6afd40, 0x0000018c3e6b1550, 0x0000018c3e6ae060,
0x0000018c3e6b0210, 0x0000018c3e6aea00, 0x0000018c3e6aeed0, 0x0000018c3e6af3a0,
0x0000018c3e6af870
}

Java Threads: ( => current thread )
  0x0000018c3d415040 JavaThread "Reference Handler" daemon [_thread_blocked, id=24312, stack(0x0000007a2b400000,0x0000007a2b500000)]
  0x0000018c3d415a00 JavaThread "Finalizer" daemon [_thread_blocked, id=22616, stack(0x0000007a2b500000,0x0000007a2b600000)]
  0x0000018c3dc7e2b0 JavaThread "Signal Dispatcher" daemon [_thread_blocked, id=23456, stack(0x0000007a2b600000,0x0000007a2b700000)]
  0x0000018c3dc7eb70 JavaThread "Attach Listener" daemon [_thread_blocked, id=15120, stack(0x0000007a2b700000,0x0000007a2b800000)]
  0x0000018c3dc7f530 JavaThread "Service Thread" daemon [_thread_blocked, id=14632, stack(0x0000007a2b800000,0x0000007a2b900000)]
=>0x0000018c3dc83720 JavaThread "C2 CompilerThread0" daemon [_thread_in_native, id=15760, stack(0x0000007a2b900000,0x0000007a2ba00000)]
  0x0000018c3dc3c690 JavaThread "C1 CompilerThread0" daemon [_thread_blocked, id=15220, stack(0x0000007a2ba00000,0x0000007a2bb00000)]
  0x0000018c3d41e3a0 JavaThread "Sweeper thread" daemon [_thread_blocked, id=23584, stack(0x0000007a2bb00000,0x0000007a2bc00000)]
  0x0000018c3de06f90 JavaThread "Notification Thread" daemon [_thread_blocked, id=9896, stack(0x0000007a2bc00000,0x0000007a2bd00000)]
  0x0000018c3de1d7a0 JavaThread "Common-Cleaner" daemon [_thread_blocked, id=21812, stack(0x0000007a2be00000,0x0000007a2bf00000)]
  0x0000018c3e411d50 JavaThread "Java2D Disposer" daemon [_thread_blocked, id=19720, stack(0x0000007a2bf00000,0x0000007a2c000000)]
  0x0000018c3e412220 JavaThread "AWT-Shutdown" [_thread_blocked, id=22428, stack(0x0000007a2c000000,0x0000007a2c100000)]
  0x0000018c3e4126f0 JavaThread "AWT-Windows" daemon [_thread_in_native, id=22384, stack(0x0000007a2c100000,0x0000007a2c200000)]
  0x0000018c3e50ae30 JavaThread "TimerQueue" daemon [_thread_blocked, id=18276, stack(0x0000007a2c200000,0x0000007a2c300000)]
  0x0000018c3e525e20 JavaThread "Thread-0" [_thread_blocked, id=14212, stack(0x0000007a2c300000,0x0000007a2c400000)]
  0x0000018c3e54d190 JavaThread "AWT-EventQueue-0" [_thread_blocked, id=10184, stack(0x0000007a2c400000,0x0000007a2c500000)]
  0x0000018c23142da0 JavaThread "DestroyJavaVM" [_thread_blocked, id=5436, stack(0x0000007a2ad00000,0x0000007a2ae00000)]
  0x0000018c3e6afd40 JavaThread "Thread-1" [_thread_blocked, id=21568, stack(0x0000007a2c500000,0x0000007a2c600000)]
  0x0000018c3e6b1550 JavaThread "Thread-2" [_thread_blocked, id=16096, stack(0x0000007a2cd00000,0x0000007a2ce00000)]
  0x0000018c3e6ae060 JavaThread "Thread-3" [_thread_blocked, id=23936, stack(0x0000007a2ce00000,0x0000007a2cf00000)]
  0x0000018c3e6b0210 JavaThread "Thread-4" [_thread_blocked, id=13468, stack(0x0000007a2cf00000,0x0000007a2d000000)]
  0x0000018c3e6aea00 JavaThread "Thread-5" [_thread_blocked, id=20608, stack(0x0000007a2d000000,0x0000007a2d100000)]
  0x0000018c3e6aeed0 JavaThread "Thread-6" [_thread_blocked, id=17568, stack(0x0000007a2d100000,0x0000007a2d200000)]
  0x0000018c3e6af3a0 JavaThread "Thread-7" [_thread_blocked, id=14024, stack(0x0000007a2d200000,0x0000007a2d300000)]
  0x0000018c3e6af870 JavaThread "Thread-8" [_thread_blocked, id=16360, stack(0x0000007a2d300000,0x0000007a2d400000)]

Other Threads:
  0x0000018c3dc2d9e0 VMThread "VM Thread" [stack: 0x0000007a2b300000,0x0000007a2b400000] [id=19752]
  0x0000018c3de09470 WatcherThread [stack: 0x0000007a2bd00000,0x0000007a2be00000] [id=22604]
  0x0000018c23184a50 GCTaskThread "GC Thread#0" [stack: 0x0000007a2ae00000,0x0000007a2af00000] [id=20164]
  0x0000018c3de45dc0 GCTaskThread "GC Thread#1" [stack: 0x0000007a2c600000,0x0000007a2c700000] [id=24548]
  0x0000018c3de470e0 GCTaskThread "GC Thread#2" [stack: 0x0000007a2c700000,0x0000007a2c800000] [id=15428]
  0x0000018c3de45760 GCTaskThread "GC Thread#3" [stack: 0x0000007a2c800000,0x0000007a2c900000] [id=15592]
  0x0000018c3de480d0 GCTaskThread "GC Thread#4" [stack: 0x0000007a2c900000,0x0000007a2ca00000] [id=22068]
  0x0000018c3de460f0 GCTaskThread "GC Thread#5" [stack: 0x0000007a2ca00000,0x0000007a2cb00000] [id=23784]
  0x0000018c3de46420 GCTaskThread "GC Thread#6" [stack: 0x0000007a2cb00000,0x0000007a2cc00000] [id=23760]
  0x0000018c3de48a60 GCTaskThread "GC Thread#7" [stack: 0x0000007a2cc00000,0x0000007a2cd00000] [id=22520]
  0x0000018c23196fa0 ConcurrentGCThread "G1 Main Marker" [stack: 0x0000007a2af00000,0x0000007a2b000000] [id=22844]
  0x0000018c23198ab0 ConcurrentGCThread "G1 Conc#0" [stack: 0x0000007a2b000000,0x0000007a2b100000] [id=23880]
  0x0000018c3d2420b0 ConcurrentGCThread "G1 Refine#0" [stack: 0x0000007a2b100000,0x0000007a2b200000] [id=24556]
  0x0000018c3d242900 ConcurrentGCThread "G1 Young RemSet Sampling" [stack: 0x0000007a2b200000,0x0000007a2b300000] [id=22096]

Threads with active compile tasks:
C2 CompilerThread0    23038 3148   !   4       sun.font.GlyphLayout::layout (683 bytes)

VM state: not at safepoint (normal execution)

VM Mutex/Monitor currently owned by a thread: None

Heap address: 0x0000000081e00000, size: 2018 MB, Compressed Oops mode: 32-bit
CDS disabled.
Compressed class space mapped at: 0x0000000100000000-0x0000000140000000, size: 1073741824
Narrow klass base: 0x0000000000000000, Narrow klass shift: 3, Narrow klass range: 0x140000000

GC Precious Log:
 CPUs: 8 total, 8 available
 Memory: 8068M
 Large Page Support: Disabled
 NUMA Support: Disabled
 Compressed Oops: Enabled (32-bit)
 Heap Region Size: 1M
 Heap Min Capacity: 8M
 Heap Initial Capacity: 128M
 Heap Max Capacity: 2018M
 Pre-touch: Disabled
 Parallel Workers: 8
 Concurrent Workers: 2
 Concurrent Refinement Workers: 8
 Periodic GC: Disabled

Heap:
 garbage-first heap   total 131072K, used 37256K [0x0000000081e00000, 0x0000000100000000)
  region size 1024K, 24 young (24576K), 1 survivors (1024K)
 Metaspace       used 18670K, capacity 18874K, committed 18944K, reserved 1067008K
  class space    used 1694K, capacity 1782K, committed 1792K, reserved 1048576K

Heap Regions: E=young(eden), S=young(survivor), O=old, HS=humongous(starts), HC=humongous(continues), CS=collection set, F=free, OA=open archive, CA=closed archive, TAMS=top-at-mark-start (previous, next)
|   0|0x0000000081e00000, 0x0000000081f00000, 0x0000000081f00000|100%|HS|  |TAMS 0x0000000081e00000, 0x0000000081e00000| Complete 
|   1|0x0000000081f00000, 0x0000000082000000, 0x0000000082000000|100%|HC|  |TAMS 0x0000000081f00000, 0x0000000081f00000| Complete 
|   2|0x0000000082000000, 0x0000000082100000, 0x0000000082100000|100%| O|  |TAMS 0x0000000082000000, 0x0000000082000000| Untracked 
|   3|0x0000000082100000, 0x0000000082200000, 0x0000000082200000|100%|HS|  |TAMS 0x0000000082100000, 0x0000000082100000| Complete 
|   4|0x0000000082200000, 0x0000000082300000, 0x0000000082300000|100%|HC|  |TAMS 0x0000000082200000, 0x0000000082200000| Complete 
|   5|0x0000000082300000, 0x0000000082400000, 0x0000000082400000|100%|HS|  |TAMS 0x0000000082300000, 0x0000000082300000| Complete 
|   6|0x0000000082400000, 0x0000000082500000, 0x0000000082500000|100%|HC|  |TAMS 0x0000000082400000, 0x0000000082400000| Complete 
|   7|0x0000000082500000, 0x0000000082600000, 0x0000000082600000|100%|HC|  |TAMS 0x0000000082500000, 0x0000000082500000| Complete 
|   8|0x0000000082600000, 0x0000000082700000, 0x0000000082700000|100%|HS|  |TAMS 0x0000000082600000, 0x0000000082600000| Complete 
|   9|0x0000000082700000, 0x0000000082800000, 0x0000000082800000|100%|HC|  |TAMS 0x0000000082700000, 0x0000000082700000| Complete 
|  10|0x0000000082800000, 0x0000000082900000, 0x0000000082900000|100%|HC|  |TAMS 0x0000000082800000, 0x0000000082800000| Complete 
|  11|0x0000000082900000, 0x0000000082a00000, 0x0000000082a00000|100%| O|  |TAMS 0x0000000082900000, 0x0000000082900000| Untracked 
|  12|0x0000000082a00000, 0x0000000082b00000, 0x0000000082b00000|100%| O|  |TAMS 0x0000000082a00000, 0x0000000082a00000| Untracked 
|  13|0x0000000082b00000, 0x0000000082b9dc08, 0x0000000082c00000| 61%| O|  |TAMS 0x0000000082b00000, 0x0000000082b00000| Untracked 
|  14|0x0000000082c00000, 0x0000000082c00000, 0x0000000082d00000|  0%| F|  |TAMS 0x0000000082c00000, 0x0000000082c00000| Untracked 
|  15|0x0000000082d00000, 0x0000000082d00000, 0x0000000082e00000|  0%| F|  |TAMS 0x0000000082d00000, 0x0000000082d00000| Untracked 
|  16|0x0000000082e00000, 0x0000000082e00000, 0x0000000082f00000|  0%| F|  |TAMS 0x0000000082e00000, 0x0000000082e00000| Untracked 
|  17|0x0000000082f00000, 0x0000000082f00000, 0x0000000083000000|  0%| F|  |TAMS 0x0000000082f00000, 0x0000000082f00000| Untracked 
|  18|0x0000000083000000, 0x0000000083000000, 0x0000000083100000|  0%| F|  |TAMS 0x0000000083000000, 0x0000000083000000| Untracked 
|  19|0x0000000083100000, 0x0000000083100000, 0x0000000083200000|  0%| F|  |TAMS 0x0000000083100000, 0x0000000083100000| Untracked 
|  20|0x0000000083200000, 0x0000000083200000, 0x0000000083300000|  0%| F|  |TAMS 0x0000000083200000, 0x0000000083200000| Untracked 
|  21|0x0000000083300000, 0x0000000083300000, 0x0000000083400000|  0%| F|  |TAMS 0x0000000083300000, 0x0000000083300000| Untracked 
|  22|0x0000000083400000, 0x0000000083400000, 0x0000000083500000|  0%| F|  |TAMS 0x0000000083400000, 0x0000000083400000| Untracked 
|  23|0x0000000083500000, 0x0000000083500000, 0x0000000083600000|  0%| F|  |TAMS 0x0000000083500000, 0x0000000083500000| Untracked 
|  24|0x0000000083600000, 0x0000000083600000, 0x0000000083700000|  0%| F|  |TAMS 0x0000000083600000, 0x0000000083600000| Untracked 
|  25|0x0000000083700000, 0x0000000083700000, 0x0000000083800000|  0%| F|  |TAMS 0x0000000083700000, 0x0000000083700000| Untracked 
|  26|0x0000000083800000, 0x0000000083800000, 0x0000000083900000|  0%| F|  |TAMS 0x0000000083800000, 0x0000000083800000| Untracked 
|  27|0x0000000083900000, 0x0000000083900000, 0x0000000083a00000|  0%| F|  |TAMS 0x0000000083900000, 0x0000000083900000| Untracked 
|  28|0x0000000083a00000, 0x0000000083a00000, 0x0000000083b00000|  0%| F|  |TAMS 0x0000000083a00000, 0x0000000083a00000| Untracked 
|  29|0x0000000083b00000, 0x0000000083b00000, 0x0000000083c00000|  0%| F|  |TAMS 0x0000000083b00000, 0x0000000083b00000| Untracked 
|  30|0x0000000083c00000, 0x0000000083c00000, 0x0000000083d00000|  0%| F|  |TAMS 0x0000000083c00000, 0x0000000083c00000| Untracked 
|  31|0x0000000083d00000, 0x0000000083d00000, 0x0000000083e00000|  0%| F|  |TAMS 0x0000000083d00000, 0x0000000083d00000| Untracked 
|  32|0x0000000083e00000, 0x0000000083e00000, 0x0000000083f00000|  0%| F|  |TAMS 0x0000000083e00000, 0x0000000083e00000| Untracked 
|  33|0x0000000083f00000, 0x0000000083f00000, 0x0000000084000000|  0%| F|  |TAMS 0x0000000083f00000, 0x0000000083f00000| Untracked 
|  34|0x0000000084000000, 0x0000000084000000, 0x0000000084100000|  0%| F|  |TAMS 0x0000000084000000, 0x0000000084000000| Untracked 
|  35|0x0000000084100000, 0x0000000084100000, 0x0000000084200000|  0%| F|  |TAMS 0x0000000084100000, 0x0000000084100000| Untracked 
|  36|0x0000000084200000, 0x0000000084200000, 0x0000000084300000|  0%| F|  |TAMS 0x0000000084200000, 0x0000000084200000| Untracked 
|  37|0x0000000084300000, 0x0000000084300000, 0x0000000084400000|  0%| F|  |TAMS 0x0000000084300000, 0x0000000084300000| Untracked 
|  38|0x0000000084400000, 0x0000000084400000, 0x0000000084500000|  0%| F|  |TAMS 0x0000000084400000, 0x0000000084400000| Untracked 
|  39|0x0000000084500000, 0x0000000084500000, 0x0000000084600000|  0%| F|  |TAMS 0x0000000084500000, 0x0000000084500000| Untracked 
|  40|0x0000000084600000, 0x0000000084600000, 0x0000000084700000|  0%| F|  |TAMS 0x0000000084600000, 0x0000000084600000| Untracked 
|  41|0x0000000084700000, 0x0000000084700000, 0x0000000084800000|  0%| F|  |TAMS 0x0000000084700000, 0x0000000084700000| Untracked 
|  42|0x0000000084800000, 0x0000000084800000, 0x0000000084900000|  0%| F|  |TAMS 0x0000000084800000, 0x0000000084800000| Untracked 
|  43|0x0000000084900000, 0x0000000084900000, 0x0000000084a00000|  0%| F|  |TAMS 0x0000000084900000, 0x0000000084900000| Untracked 
|  44|0x0000000084a00000, 0x0000000084a00000, 0x0000000084b00000|  0%| F|  |TAMS 0x0000000084a00000, 0x0000000084a00000| Untracked 
|  45|0x0000000084b00000, 0x0000000084b00000, 0x0000000084c00000|  0%| F|  |TAMS 0x0000000084b00000, 0x0000000084b00000| Untracked 
|  46|0x0000000084c00000, 0x0000000084c00000, 0x0000000084d00000|  0%| F|  |TAMS 0x0000000084c00000, 0x0000000084c00000| Untracked 
|  47|0x0000000084d00000, 0x0000000084d00000, 0x0000000084e00000|  0%| F|  |TAMS 0x0000000084d00000, 0x0000000084d00000| Untracked 
|  48|0x0000000084e00000, 0x0000000084e00000, 0x0000000084f00000|  0%| F|  |TAMS 0x0000000084e00000, 0x0000000084e00000| Untracked 
|  49|0x0000000084f00000, 0x0000000084f00000, 0x0000000085000000|  0%| F|  |TAMS 0x0000000084f00000, 0x0000000084f00000| Untracked 
|  50|0x0000000085000000, 0x0000000085000000, 0x0000000085100000|  0%| F|  |TAMS 0x0000000085000000, 0x0000000085000000| Untracked 
|  51|0x0000000085100000, 0x0000000085100000, 0x0000000085200000|  0%| F|  |TAMS 0x0000000085100000, 0x0000000085100000| Untracked 
|  52|0x0000000085200000, 0x0000000085200000, 0x0000000085300000|  0%| F|  |TAMS 0x0000000085200000, 0x0000000085200000| Untracked 
|  53|0x0000000085300000, 0x0000000085300000, 0x0000000085400000|  0%| F|  |TAMS 0x0000000085300000, 0x0000000085300000| Untracked 
|  54|0x0000000085400000, 0x0000000085400000, 0x0000000085500000|  0%| F|  |TAMS 0x0000000085400000, 0x0000000085400000| Untracked 
|  55|0x0000000085500000, 0x0000000085500000, 0x0000000085600000|  0%| F|  |TAMS 0x0000000085500000, 0x0000000085500000| Untracked 
|  56|0x0000000085600000, 0x0000000085600000, 0x0000000085700000|  0%| F|  |TAMS 0x0000000085600000, 0x0000000085600000| Untracked 
|  57|0x0000000085700000, 0x0000000085700000, 0x0000000085800000|  0%| F|  |TAMS 0x0000000085700000, 0x0000000085700000| Untracked 
|  58|0x0000000085800000, 0x0000000085800000, 0x0000000085900000|  0%| F|  |TAMS 0x0000000085800000, 0x0000000085800000| Untracked 
|  59|0x0000000085900000, 0x0000000085900000, 0x0000000085a00000|  0%| F|  |TAMS 0x0000000085900000, 0x0000000085900000| Untracked 
|  60|0x0000000085a00000, 0x0000000085a00000, 0x0000000085b00000|  0%| F|  |TAMS 0x0000000085a00000, 0x0000000085a00000| Untracked 
|  61|0x0000000085b00000, 0x0000000085b00000, 0x0000000085c00000|  0%| F|  |TAMS 0x0000000085b00000, 0x0000000085b00000| Untracked 
|  62|0x0000000085c00000, 0x0000000085c00000, 0x0000000085d00000|  0%| F|  |TAMS 0x0000000085c00000, 0x0000000085c00000| Untracked 
|  63|0x0000000085d00000, 0x0000000085d00000, 0x0000000085e00000|  0%| F|  |TAMS 0x0000000085d00000, 0x0000000085d00000| Untracked 
|  64|0x0000000085e00000, 0x0000000085e00000, 0x0000000085f00000|  0%| F|  |TAMS 0x0000000085e00000, 0x0000000085e00000| Untracked 
|  65|0x0000000085f00000, 0x0000000085f00000, 0x0000000086000000|  0%| F|  |TAMS 0x0000000085f00000, 0x0000000085f00000| Untracked 
|  66|0x0000000086000000, 0x0000000086000000, 0x0000000086100000|  0%| F|  |TAMS 0x0000000086000000, 0x0000000086000000| Untracked 
|  67|0x0000000086100000, 0x0000000086100000, 0x0000000086200000|  0%| F|  |TAMS 0x0000000086100000, 0x0000000086100000| Untracked 
|  68|0x0000000086200000, 0x0000000086200000, 0x0000000086300000|  0%| F|  |TAMS 0x0000000086200000, 0x0000000086200000| Untracked 
|  69|0x0000000086300000, 0x0000000086300000, 0x0000000086400000|  0%| F|  |TAMS 0x0000000086300000, 0x0000000086300000| Untracked 
|  70|0x0000000086400000, 0x0000000086400000, 0x0000000086500000|  0%| F|  |TAMS 0x0000000086400000, 0x0000000086400000| Untracked 
|  71|0x0000000086500000, 0x0000000086500000, 0x0000000086600000|  0%| F|  |TAMS 0x0000000086500000, 0x0000000086500000| Untracked 
|  72|0x0000000086600000, 0x0000000086600000, 0x0000000086700000|  0%| F|  |TAMS 0x0000000086600000, 0x0000000086600000| Untracked 
|  73|0x0000000086700000, 0x0000000086700000, 0x0000000086800000|  0%| F|  |TAMS 0x0000000086700000, 0x0000000086700000| Untracked 
|  74|0x0000000086800000, 0x0000000086800000, 0x0000000086900000|  0%| F|  |TAMS 0x0000000086800000, 0x0000000086800000| Untracked 
|  75|0x0000000086900000, 0x0000000086900000, 0x0000000086a00000|  0%| F|  |TAMS 0x0000000086900000, 0x0000000086900000| Untracked 
|  76|0x0000000086a00000, 0x0000000086a00000, 0x0000000086b00000|  0%| F|  |TAMS 0x0000000086a00000, 0x0000000086a00000| Untracked 
|  77|0x0000000086b00000, 0x0000000086b00000, 0x0000000086c00000|  0%| F|  |TAMS 0x0000000086b00000, 0x0000000086b00000| Untracked 
|  78|0x0000000086c00000, 0x0000000086c00000, 0x0000000086d00000|  0%| F|  |TAMS 0x0000000086c00000, 0x0000000086c00000| Untracked 
|  79|0x0000000086d00000, 0x0000000086d00000, 0x0000000086e00000|  0%| F|  |TAMS 0x0000000086d00000, 0x0000000086d00000| Untracked 
|  80|0x0000000086e00000, 0x0000000086e00000, 0x0000000086f00000|  0%| F|  |TAMS 0x0000000086e00000, 0x0000000086e00000| Untracked 
|  81|0x0000000086f00000, 0x0000000086f00000, 0x0000000087000000|  0%| F|  |TAMS 0x0000000086f00000, 0x0000000086f00000| Untracked 
|  82|0x0000000087000000, 0x0000000087000000, 0x0000000087100000|  0%| F|  |TAMS 0x0000000087000000, 0x0000000087000000| Untracked 
|  83|0x0000000087100000, 0x0000000087100000, 0x0000000087200000|  0%| F|  |TAMS 0x0000000087100000, 0x0000000087100000| Untracked 
|  84|0x0000000087200000, 0x0000000087200000, 0x0000000087300000|  0%| F|  |TAMS 0x0000000087200000, 0x0000000087200000| Untracked 
|  85|0x0000000087300000, 0x0000000087300000, 0x0000000087400000|  0%| F|  |TAMS 0x0000000087300000, 0x0000000087300000| Untracked 
|  86|0x0000000087400000, 0x0000000087400000, 0x0000000087500000|  0%| F|  |TAMS 0x0000000087400000, 0x0000000087400000| Untracked 
|  87|0x0000000087500000, 0x0000000087500000, 0x0000000087600000|  0%| F|  |TAMS 0x0000000087500000, 0x0000000087500000| Untracked 
|  88|0x0000000087600000, 0x0000000087600000, 0x0000000087700000|  0%| F|  |TAMS 0x0000000087600000, 0x0000000087600000| Untracked 
|  89|0x0000000087700000, 0x0000000087700000, 0x0000000087800000|  0%| F|  |TAMS 0x0000000087700000, 0x0000000087700000| Untracked 
|  90|0x0000000087800000, 0x0000000087800000, 0x0000000087900000|  0%| F|  |TAMS 0x0000000087800000, 0x0000000087800000| Untracked 
|  91|0x0000000087900000, 0x0000000087900000, 0x0000000087a00000|  0%| F|  |TAMS 0x0000000087900000, 0x0000000087900000| Untracked 
|  92|0x0000000087a00000, 0x0000000087a00000, 0x0000000087b00000|  0%| F|  |TAMS 0x0000000087a00000, 0x0000000087a00000| Untracked 
|  93|0x0000000087b00000, 0x0000000087b00000, 0x0000000087c00000|  0%| F|  |TAMS 0x0000000087b00000, 0x0000000087b00000| Untracked 
|  94|0x0000000087c00000, 0x0000000087cc4560, 0x0000000087d00000| 76%| S|CS|TAMS 0x0000000087c00000, 0x0000000087c00000| Complete 
|  95|0x0000000087d00000, 0x0000000087d00000, 0x0000000087e00000|  0%| F|  |TAMS 0x0000000087d00000, 0x0000000087d00000| Untracked 
|  96|0x0000000087e00000, 0x0000000087e00000, 0x0000000087f00000|  0%| F|  |TAMS 0x0000000087e00000, 0x0000000087e00000| Untracked 
|  97|0x0000000087f00000, 0x0000000087f00000, 0x0000000088000000|  0%| F|  |TAMS 0x0000000087f00000, 0x0000000087f00000| Untracked 
|  98|0x0000000088000000, 0x0000000088000000, 0x0000000088100000|  0%| F|  |TAMS 0x0000000088000000, 0x0000000088000000| Untracked 
|  99|0x0000000088100000, 0x0000000088100000, 0x0000000088200000|  0%| F|  |TAMS 0x0000000088100000, 0x0000000088100000| Untracked 
| 100|0x0000000088200000, 0x0000000088200000, 0x0000000088300000|  0%| F|  |TAMS 0x0000000088200000, 0x0000000088200000| Untracked 
| 101|0x0000000088300000, 0x0000000088300000, 0x0000000088400000|  0%| F|  |TAMS 0x0000000088300000, 0x0000000088300000| Untracked 
| 102|0x0000000088400000, 0x0000000088400000, 0x0000000088500000|  0%| F|  |TAMS 0x0000000088400000, 0x0000000088400000| Untracked 
| 103|0x0000000088500000, 0x0000000088500000, 0x0000000088600000|  0%| F|  |TAMS 0x0000000088500000, 0x0000000088500000| Untracked 
| 104|0x0000000088600000, 0x0000000088600000, 0x0000000088700000|  0%| F|  |TAMS 0x0000000088600000, 0x0000000088600000| Untracked 
| 105|0x0000000088700000, 0x0000000088780800, 0x0000000088800000| 50%| E|  |TAMS 0x0000000088700000, 0x0000000088700000| Complete 
| 106|0x0000000088800000, 0x0000000088900000, 0x0000000088900000|100%| E|CS|TAMS 0x0000000088800000, 0x0000000088800000| Complete 
| 107|0x0000000088900000, 0x0000000088a00000, 0x0000000088a00000|100%| E|CS|TAMS 0x0000000088900000, 0x0000000088900000| Complete 
| 108|0x0000000088a00000, 0x0000000088b00000, 0x0000000088b00000|100%| E|CS|TAMS 0x0000000088a00000, 0x0000000088a00000| Complete 
| 109|0x0000000088b00000, 0x0000000088c00000, 0x0000000088c00000|100%| E|CS|TAMS 0x0000000088b00000, 0x0000000088b00000| Complete 
| 110|0x0000000088c00000, 0x0000000088d00000, 0x0000000088d00000|100%| E|CS|TAMS 0x0000000088c00000, 0x0000000088c00000| Complete 
| 111|0x0000000088d00000, 0x0000000088e00000, 0x0000000088e00000|100%| E|CS|TAMS 0x0000000088d00000, 0x0000000088d00000| Complete 
| 112|0x0000000088e00000, 0x0000000088f00000, 0x0000000088f00000|100%| E|CS|TAMS 0x0000000088e00000, 0x0000000088e00000| Complete 
| 113|0x0000000088f00000, 0x0000000089000000, 0x0000000089000000|100%| E|CS|TAMS 0x0000000088f00000, 0x0000000088f00000| Complete 
| 114|0x0000000089000000, 0x0000000089100000, 0x0000000089100000|100%| E|CS|TAMS 0x0000000089000000, 0x0000000089000000| Complete 
| 115|0x0000000089100000, 0x0000000089200000, 0x0000000089200000|100%| E|CS|TAMS 0x0000000089100000, 0x0000000089100000| Complete 
| 116|0x0000000089200000, 0x0000000089300000, 0x0000000089300000|100%| E|CS|TAMS 0x0000000089200000, 0x0000000089200000| Complete 
| 117|0x0000000089300000, 0x0000000089400000, 0x0000000089400000|100%| E|CS|TAMS 0x0000000089300000, 0x0000000089300000| Complete 
| 118|0x0000000089400000, 0x0000000089500000, 0x0000000089500000|100%| E|CS|TAMS 0x0000000089400000, 0x0000000089400000| Complete 
| 119|0x0000000089500000, 0x0000000089600000, 0x0000000089600000|100%| E|CS|TAMS 0x0000000089500000, 0x0000000089500000| Complete 
| 120|0x0000000089600000, 0x0000000089700000, 0x0000000089700000|100%| E|CS|TAMS 0x0000000089600000, 0x0000000089600000| Complete 
| 121|0x0000000089700000, 0x0000000089800000, 0x0000000089800000|100%| E|CS|TAMS 0x0000000089700000, 0x0000000089700000| Complete 
| 122|0x0000000089800000, 0x0000000089900000, 0x0000000089900000|100%| E|CS|TAMS 0x0000000089800000, 0x0000000089800000| Complete 
| 123|0x0000000089900000, 0x0000000089a00000, 0x0000000089a00000|100%| E|CS|TAMS 0x0000000089900000, 0x0000000089900000| Complete 
| 124|0x0000000089a00000, 0x0000000089b00000, 0x0000000089b00000|100%| E|CS|TAMS 0x0000000089a00000, 0x0000000089a00000| Complete 
| 125|0x0000000089b00000, 0x0000000089c00000, 0x0000000089c00000|100%| E|CS|TAMS 0x0000000089b00000, 0x0000000089b00000| Complete 
| 126|0x0000000089c00000, 0x0000000089d00000, 0x0000000089d00000|100%| E|CS|TAMS 0x0000000089c00000, 0x0000000089c00000| Complete 
| 127|0x0000000089d00000, 0x0000000089e00000, 0x0000000089e00000|100%| E|CS|TAMS 0x0000000089d00000, 0x0000000089d00000| Complete 

Card table byte_map: [0x0000018c36280000,0x0000018c36680000] _byte_map_base: 0x0000018c35e71000

Marking Bits (Prev, Next): (CMBitMap*) 0x0000018c231851d0, (CMBitMap*) 0x0000018c23185210
 Prev Bits: [0x0000018c36a80000, 0x0000018c38a08000)
 Next Bits: [0x0000018c38a10000, 0x0000018c3a998000)

Polling page: 0x0000018c22910000

Metaspace:

Usage:
  Non-class:     16.69 MB capacity,    16.58 MB (>99%) used,    92.96 KB ( <1%) free+waste,    22.94 KB ( <1%) overhead. 
      Class:      1.74 MB capacity,     1.65 MB ( 95%) used,    80.30 KB (  5%) free+waste,     7.50 KB ( <1%) overhead. 
       Both:     18.43 MB capacity,    18.23 MB ( 99%) used,   173.27 KB ( <1%) free+waste,    30.44 KB ( <1%) overhead. 

Virtual space:
  Non-class space:       18.00 MB reserved,      16.75 MB ( 93%) committed 
      Class space:        1.00 GB reserved,       1.75 MB ( <1%) committed 
             Both:        1.02 GB reserved,      18.50 MB (  2%) committed 

Chunk freelists:
   Non-Class:  0 bytes
       Class:  10.00 KB
        Both:  10.00 KB

MaxMetaspaceSize: 17179869184.00 GB
CompressedClassSpaceSize: 1.00 GB

CodeHeap 'non-profiled nmethods': size=120000Kb used=1643Kb max_used=1643Kb free=118357Kb
 bounds [0x0000018c2e620000, 0x0000018c2e890000, 0x0000018c35b50000]
CodeHeap 'profiled nmethods': size=120000Kb used=6148Kb max_used=6148Kb free=113851Kb
 bounds [0x0000018c270f0000, 0x0000018c27700000, 0x0000018c2e620000]
CodeHeap 'non-nmethods': size=5760Kb used=1315Kb max_used=1390Kb free=4444Kb
 bounds [0x0000018c26b50000, 0x0000018c26dc0000, 0x0000018c270f0000]
 total_blobs=3750 nmethods=3139 adapters=522
 compilation: enabled
              stopped_count=0, restarted_count=0
 full_count=0

Compilation events (20 events):
Event: 22.760 Thread 0x0000018c3dc83720 3136       4       java.lang.String::substring (58 bytes)
Event: 22.760 Thread 0x0000018c3dc3c690 nmethod 3145 0x0000018c276ed310 code [0x0000018c276ed520, 0x0000018c276edc28]
Event: 22.761 Thread 0x0000018c3dc3c690 3140       3       org.graphstream.ui.graphicGraph.stylesheet.StyleSheet::getRulesFor (97 bytes)
Event: 22.762 Thread 0x0000018c3dc3c690 nmethod 3140 0x0000018c276edf10 code [0x0000018c276ee1a0, 0x0000018c276eef88]
Event: 22.762 Thread 0x0000018c3dc3c690 3141       1       org.graphstream.ui.graphicGraph.stylesheet.Rule::setStyle (6 bytes)
Event: 22.762 Thread 0x0000018c3dc3c690 nmethod 3141 0x0000018c2e7b8610 code [0x0000018c2e7b87a0, 0x0000018c2e7b8898]
Event: 22.762 Thread 0x0000018c3dc3c690 3142       1       org.graphstream.ui.graphicGraph.stylesheet.Selector::getType (5 bytes)
Event: 22.762 Thread 0x0000018c3dc3c690 nmethod 3142 0x0000018c2e7b8910 code [0x0000018c2e7b8aa0, 0x0000018c2e7b8b58]
Event: 22.762 Thread 0x0000018c3dc3c690 3143       1       org.graphstream.ui.graphicGraph.stylesheet.Selector::getPseudoClass (5 bytes)
Event: 22.762 Thread 0x0000018c3dc3c690 nmethod 3143 0x0000018c2e7b8c10 code [0x0000018c2e7b8da0, 0x0000018c2e7b8e58]
Event: 22.765 Thread 0x0000018c3dc83720 nmethod 3136 0x0000018c2e7b8f10 code [0x0000018c2e7b90a0, 0x0000018c2e7b9558]
Event: 22.766 Thread 0x0000018c3dc83720 3146       4       java.util.regex.Pattern$BranchConn::match (11 bytes)
Event: 22.772 Thread 0x0000018c3dc3c690 3147       3       org.graphstream.stream.thread.ThreadProxyPipe::edgeAttributeAdded (46 bytes)
Event: 22.773 Thread 0x0000018c3dc3c690 nmethod 3147 0x0000018c276ef310 code [0x0000018c276ef540, 0x0000018c276f0108]
Event: 22.776 Thread 0x0000018c3dc83720 nmethod 3146 0x0000018c2e7b9810 code [0x0000018c2e7b9a20, 0x0000018c2e7ba308]
Event: 22.776 Thread 0x0000018c3dc83720 3148   !   4       sun.font.GlyphLayout::layout (683 bytes)
Event: 22.801 Thread 0x0000018c3dc3c690 3150       3       java.awt.geom.Path2D$Float::needRoom (72 bytes)
Event: 22.801 Thread 0x0000018c3dc3c690 nmethod 3150 0x0000018c276f0410 code [0x0000018c276f05e0, 0x0000018c276f09a8]
Event: 22.884 Thread 0x0000018c3dc3c690 3151  s    3       java.awt.geom.Path2D$Float::curveTo (130 bytes)
Event: 22.884 Thread 0x0000018c3dc3c690 nmethod 3151 0x0000018c276f0b10 code [0x0000018c276f0cc0, 0x0000018c276f10a8]

GC Heap History (4 events):
Event: 0.964 GC heap before
{Heap before GC invocations=0 (full 0):
 garbage-first heap   total 131072K, used 25600K [0x0000000081e00000, 0x0000000100000000)
  region size 1024K, 23 young (23552K), 0 survivors (0K)
 Metaspace       used 15716K, capacity 15877K, committed 16000K, reserved 1062912K
  class space    used 1510K, capacity 1573K, committed 1664K, reserved 1048576K
}
Event: 0.970 GC heap after
{Heap after GC invocations=1 (full 0):
 garbage-first heap   total 131072K, used 5765K [0x0000000081e00000, 0x0000000100000000)
  region size 1024K, 3 young (3072K), 3 survivors (3072K)
 Metaspace       used 15716K, capacity 15877K, committed 16000K, reserved 1062912K
  class space    used 1510K, capacity 1573K, committed 1664K, reserved 1048576K
}
Event: 10.481 GC heap before
{Heap before GC invocations=1 (full 0):
 garbage-first heap   total 131072K, used 44677K [0x0000000081e00000, 0x0000000100000000)
  region size 1024K, 33 young (33792K), 3 survivors (3072K)
 Metaspace       used 18264K, capacity 18416K, committed 18688K, reserved 1067008K
  class space    used 1670K, capacity 1736K, committed 1792K, reserved 1048576K
}
Event: 10.486 GC heap after
{Heap after GC invocations=2 (full 0):
 garbage-first heap   total 131072K, used 14728K [0x0000000081e00000, 0x0000000100000000)
  region size 1024K, 1 young (1024K), 1 survivors (1024K)
 Metaspace       used 18264K, capacity 18416K, committed 18688K, reserved 1067008K
  class space    used 1670K, capacity 1736K, committed 1792K, reserved 1048576K
}

Deoptimization events (20 events):
Event: 22.173 Thread 0x0000018c3e54d190 Uncommon trap: trap_request=0xffffff45 fr.pc=0x0000018c2e76e154 relative=0x0000000000003bd4
Event: 22.173 Thread 0x0000018c3e54d190 Uncommon trap: reason=unstable_if action=reinterpret pc=0x0000018c2e76e154 method=org.graphstream.ui.graphicGraph.StyleGroup.getValue(Ljava/lang/String;[Ljava/lang/String;)Ljava/lang/Object; @ 21 c2
Event: 22.173 Thread 0x0000018c3e54d190 DEOPT PACKING pc=0x0000018c2e76e154 sp=0x0000007a2c4fd330
Event: 22.173 Thread 0x0000018c3e54d190 DEOPT UNPACKING pc=0x0000018c26b9e42f sp=0x0000007a2c4fd160 mode 2
Event: 22.186 Thread 0x0000018c3e6afd40 Uncommon trap: trap_request=0xffffff45 fr.pc=0x0000018c2e6e83c8 relative=0x00000000000008a8
Event: 22.186 Thread 0x0000018c3e6afd40 Uncommon trap: reason=unstable_if action=reinterpret pc=0x0000018c2e6e83c8 method=org.graphstream.ui.layout.springbox.NodeParticle.move(I)V @ 4 c2
Event: 22.186 Thread 0x0000018c3e6afd40 DEOPT PACKING pc=0x0000018c2e6e83c8 sp=0x0000007a2c5ff1a0
Event: 22.186 Thread 0x0000018c3e6afd40 DEOPT UNPACKING pc=0x0000018c26b9e42f sp=0x0000007a2c5ff198 mode 2
Event: 22.186 Thread 0x0000018c3e6afd40 Uncommon trap: trap_request=0xffffff45 fr.pc=0x0000018c2e710c70 relative=0x00000000000010b0
Event: 22.186 Thread 0x0000018c3e6afd40 Uncommon trap: reason=unstable_if action=reinterpret pc=0x0000018c2e710c70 method=org.graphstream.ui.layout.springbox.NodeParticle.nextStep(I)V @ 4 c2
Event: 22.186 Thread 0x0000018c3e6afd40 DEOPT PACKING pc=0x0000018c2e710c70 sp=0x0000007a2c5ff240
Event: 22.186 Thread 0x0000018c3e6afd40 DEOPT UNPACKING pc=0x0000018c26b9e42f sp=0x0000007a2c5ff1a0 mode 2
Event: 22.194 Thread 0x0000018c3e54d190 Uncommon trap: trap_request=0xffffff45 fr.pc=0x0000018c2e785904 relative=0x0000000000000844
Event: 22.194 Thread 0x0000018c3e54d190 Uncommon trap: reason=unstable_if action=reinterpret pc=0x0000018c2e785904 method=org.graphstream.stream.SourceBase.sendAttributeChangedEvent(Ljava/lang/String;JLjava/lang/String;Lorg/graphstream/stream/SourceBase$ElementType;Ljava/lang/String;Lorg/graphs
Event: 22.194 Thread 0x0000018c3e54d190 DEOPT PACKING pc=0x0000018c2e785904 sp=0x0000007a2c4fe060
Event: 22.194 Thread 0x0000018c3e54d190 DEOPT UNPACKING pc=0x0000018c26b9e42f sp=0x0000007a2c4fdfd0 mode 2
Event: 22.734 Thread 0x0000018c3e54d190 Uncommon trap: trap_request=0xffffff45 fr.pc=0x0000018c2e735554 relative=0x0000000000000c74
Event: 22.734 Thread 0x0000018c3e54d190 Uncommon trap: reason=unstable_if action=reinterpret pc=0x0000018c2e735554 method=java.util.WeakHashMap.get(Ljava/lang/Object;)Ljava/lang/Object; @ 44 c2
Event: 22.734 Thread 0x0000018c3e54d190 DEOPT PACKING pc=0x0000018c2e735554 sp=0x0000007a2c4fe110
Event: 22.734 Thread 0x0000018c3e54d190 DEOPT UNPACKING pc=0x0000018c26b9e42f sp=0x0000007a2c4fe0d0 mode 2

Classes unloaded (0 events):
No events

Classes redefined (0 events):
No events

Internal exceptions (17 events):
Event: 0.123 Thread 0x0000018c23142da0 Exception <a 'java/lang/NoSuchMethodError'{0x0000000089c37260}: 'void java.lang.invoke.DirectMethodHandle$Holder.invokeSpecial(java.lang.Object, java.lang.Object, java.lang.Object)'> (0x0000000089c37260) 
thrown [./open/src/hotspot/share/interpreter/linkResolver.cpp, line 782]
Event: 0.167 Thread 0x0000018c23142da0 Exception <a 'java/lang/ClassNotFoundException'{0x0000000089c60fc0}: sun/awt/resources/spi/awtProvider> (0x0000000089c60fc0) 
thrown [./open/src/hotspot/share/classfile/systemDictionary.cpp, line 295]
Event: 0.201 Thread 0x0000018c23142da0 Exception <a 'java/io/FileNotFoundException'{0x0000000089cbd310}> (0x0000000089cbd310) 
thrown [./open/src/hotspot/share/prims/jni.cpp, line 578]
Event: 0.211 Thread 0x0000018c23142da0 Exception <a 'java/io/FileNotFoundException'{0x0000000089cebbf0}> (0x0000000089cebbf0) 
thrown [./open/src/hotspot/share/prims/jni.cpp, line 578]
Event: 0.211 Thread 0x0000018c23142da0 Exception <a 'java/lang/NoSuchMethodError'{0x0000000089ced180}: 'java.lang.Object java.lang.invoke.DirectMethodHandle$Holder.invokeStatic(java.lang.Object)'> (0x0000000089ced180) 
thrown [./open/src/hotspot/share/interpreter/linkResolver.cpp, line 782]
Event: 0.272 Thread 0x0000018c23142da0 Exception <a 'java/lang/NoSuchMethodError'{0x0000000089b37688}: 'java.lang.Object java.lang.invoke.DirectMethodHandle$Holder.invokeStaticInit(java.lang.Object)'> (0x0000000089b37688) 
thrown [./open/src/hotspot/share/interpreter/linkResolver.cpp, line 782]
Event: 0.327 Thread 0x0000018c23142da0 Exception <a 'java/lang/NoSuchMethodError'{0x0000000089a1f860}: 'java.lang.Object java.lang.invoke.DirectMethodHandle$Holder.newInvokeSpecial(java.lang.Object, java.lang.Object, java.lang.Object, java.lang.Object, java.lang.Object)'> (0x0000000089a1f860) 
thrown [./open/src/hotspot/share/interpreter/linkResolver.cpp, line 782]
Event: 0.328 Thread 0x0000018c23142da0 Exception <a 'java/lang/NoSuchMethodError'{0x0000000089a2b2f0}: 'java.lang.Object java.lang.invoke.DirectMethodHandle$Holder.invokeStatic(java.lang.Object, int, java.lang.Object, java.lang.Object, java.lang.Object, java.lang.Object)'> (0x0000000089a2b2f0) 
thrown [./open/src/hotspot/share/interpreter/linkResolver.cpp, line 782]
Event: 0.332 Thread 0x0000018c23142da0 Exception <a 'java/lang/NoSuchMethodError'{0x0000000089a51598}: 'java.lang.Object java.lang.invoke.DirectMethodHandle$Holder.invokeStatic(java.lang.Object, int, java.lang.Object)'> (0x0000000089a51598) 
thrown [./open/src/hotspot/share/interpreter/linkResolver.cpp, line 782]
Event: 0.356 Thread 0x0000018c23142da0 Exception <a 'java/lang/ClassNotFoundException'{0x0000000089909cb0}: com/sun/swing/internal/plaf/metal/resources/spi/metalProvider> (0x0000000089909cb0) 
thrown [./open/src/hotspot/share/classfile/systemDictionary.cpp, line 295]
Event: 0.357 Thread 0x0000018c23142da0 Exception <a 'java/lang/ClassNotFoundException'{0x000000008990dd68}: com/sun/swing/internal/plaf/basic/resources/spi/basicProvider> (0x000000008990dd68) 
thrown [./open/src/hotspot/share/classfile/systemDictionary.cpp, line 295]
Event: 0.492 Thread 0x0000018c23142da0 Exception <a 'java/lang/NoSuchMethodError'{0x0000000089774820}: 'java.lang.Object java.lang.invoke.Invokers$Holder.invokeExact_MT(java.lang.Object, java.lang.Object, java.lang.Object, java.lang.Object, java.lang.Object, java.lang.Object)'> (0x0000000089774820) 
thrown [./open/src/hotspot/share/interpreter/linkResolver.cpp, line 782]
Event: 0.971 Thread 0x0000018c3e54d190 Exception <a 'java/lang/NoSuchMethodError'{0x0000000089dcec50}: 'void java.lang.invoke.DirectMethodHandle$Holder.invokeSpecial(java.lang.Object, java.lang.Object, java.lang.Object, java.lang.Object, java.lang.Object)'> (0x0000000089dcec50) 
thrown [./open/src/hotspot/share/interpreter/linkResolver.cpp, line 782]
Event: 1.014 Thread 0x0000018c3e54d190 Implicit null exception at 0x0000018c2e664f60 to 0x0000018c2e665054
Event: 2.401 Thread 0x0000018c3e54d190 Exception <a 'java/lang/NoSuchMethodError'{0x00000000899fda40}: 'void java.lang.invoke.DirectMethodHandle$Holder.invokeStaticInit(java.lang.Object)'> (0x00000000899fda40) 
thrown [./open/src/hotspot/share/interpreter/linkResolver.cpp, line 782]
Event: 15.293 Thread 0x0000018c3e54d190 Exception <a 'java/lang/NoSuchMethodError'{0x00000000897ee7c0}: 'void java.lang.invoke.DirectMethodHandle$Holder.invokeStatic(java.lang.Object, java.lang.Object)'> (0x00000000897ee7c0) 
thrown [./open/src/hotspot/share/interpreter/linkResolver.cpp, line 782]
Event: 15.366 Thread 0x0000018c3e54d190 Exception <a 'java/lang/NoSuchMethodError'{0x0000000089646fb8}: 'void java.lang.invoke.DirectMethodHandle$Holder.invokeInterface(java.lang.Object, java.lang.Object, java.lang.Object)'> (0x0000000089646fb8) 
thrown [./open/src/hotspot/share/interpreter/linkResolver.cpp, line 782]

Events (20 events):
Event: 15.366 loading class java/util/stream/StreamSpliterators done
Event: 15.488 Executing VM operation: HandshakeAllThreads
Event: 15.488 Executing VM operation: HandshakeAllThreads done
Event: 16.332 Thread 0x0000018c3e6aeed0 Thread added: 0x0000018c3e6aeed0
Event: 19.142 Thread 0x0000018c3dc3e4f0 Thread added: 0x0000018c3dc3e4f0
Event: 19.346 Thread 0x0000018c3dc3e4f0 Thread exited: 0x0000018c3dc3e4f0
Event: 20.490 Executing VM operation: HandshakeAllThreads
Event: 20.490 Executing VM operation: HandshakeAllThreads done
Event: 20.942 Thread 0x0000018c3e6af3a0 Thread added: 0x0000018c3e6af3a0
Event: 22.186 Executing VM operation: HandshakeAllThreads
Event: 22.186 Executing VM operation: HandshakeAllThreads done
Event: 22.189 Executing VM operation: ICBufferFull
Event: 22.189 Executing VM operation: ICBufferFull done
Event: 22.189 Executing VM operation: HandshakeAllThreads
Event: 22.189 Executing VM operation: HandshakeAllThreads done
Event: 22.675 Executing VM operation: ICBufferFull
Event: 22.675 Executing VM operation: ICBufferFull done
Event: 22.675 Executing VM operation: HandshakeAllThreads
Event: 22.675 Executing VM operation: HandshakeAllThreads done
Event: 22.695 Thread 0x0000018c3e6af870 Thread added: 0x0000018c3e6af870


Dynamic libraries:
0x00007ff63fc80000 - 0x00007ff63fc8d000 	C:\Users\Hiep\.p2\pool\plugins\org.eclipse.justj.openjdk.hotspot.jre.full.win32.x86_64_15.0.2.v20210201-0955\jre\bin\javaw.exe
0x00007ffe3c480000 - 0x00007ffe3c670000 	C:\Windows\SYSTEM32\ntdll.dll
0x00007ffe3c210000 - 0x00007ffe3c2c2000 	C:\Windows\System32\KERNEL32.DLL
0x00007ffe397c0000 - 0x00007ffe39a65000 	C:\Windows\System32\KERNELBASE.dll
0x00007ffe394b0000 - 0x00007ffe395aa000 	C:\Windows\System32\ucrtbase.dll
0x00007ffdfc780000 - 0x00007ffdfc798000 	C:\Users\Hiep\.p2\pool\plugins\org.eclipse.justj.openjdk.hotspot.jre.full.win32.x86_64_15.0.2.v20210201-0955\jre\bin\jli.dll
0x00007ffdfc7e0000 - 0x00007ffdfc7f9000 	C:\Users\Hiep\.p2\pool\plugins\org.eclipse.justj.openjdk.hotspot.jre.full.win32.x86_64_15.0.2.v20210201-0955\jre\bin\VCRUNTIME140.dll
0x00007ffe3a9d0000 - 0x00007ffe3ab64000 	C:\Windows\System32\USER32.dll
0x00007ffe190a0000 - 0x00007ffe19324000 	C:\Windows\WinSxS\amd64_microsoft.windows.common-controls_6595b64144ccf1df_6.0.18362.1440_none_9e7dbfb9e45e8e67\COMCTL32.dll
0x00007ffe39420000 - 0x00007ffe39441000 	C:\Windows\System32\win32u.dll
0x00007ffe3b330000 - 0x00007ffe3b3ce000 	C:\Windows\System32\msvcrt.dll
0x00007ffe3c410000 - 0x00007ffe3c436000 	C:\Windows\System32\GDI32.dll
0x00007ffe3a530000 - 0x00007ffe3a866000 	C:\Windows\System32\combase.dll
0x00007ffe39600000 - 0x00007ffe39798000 	C:\Windows\System32\gdi32full.dll
0x00007ffe39a70000 - 0x00007ffe39b0e000 	C:\Windows\System32\msvcp_win.dll
0x00007ffe3b160000 - 0x00007ffe3b27f000 	C:\Windows\System32\RPCRT4.dll
0x00007ffe39b10000 - 0x00007ffe39b91000 	C:\Windows\System32\bcryptPrimitives.dll
0x00007ffe3bb30000 - 0x00007ffe3bb5e000 	C:\Windows\System32\IMM32.DLL
0x00007ffe10800000 - 0x00007ffe1080c000 	C:\Users\Hiep\.p2\pool\plugins\org.eclipse.justj.openjdk.hotspot.jre.full.win32.x86_64_15.0.2.v20210201-0955\jre\bin\vcruntime140_1.dll
0x00007ffdf5b70000 - 0x00007ffdf5c01000 	C:\Users\Hiep\.p2\pool\plugins\org.eclipse.justj.openjdk.hotspot.jre.full.win32.x86_64_15.0.2.v20210201-0955\jre\bin\msvcp140.dll
0x00007ffdeae80000 - 0x00007ffdeb9de000 	C:\Users\Hiep\.p2\pool\plugins\org.eclipse.justj.openjdk.hotspot.jre.full.win32.x86_64_15.0.2.v20210201-0955\jre\bin\server\jvm.dll
0x00007ffe3ab70000 - 0x00007ffe3ac13000 	C:\Windows\System32\ADVAPI32.dll
0x00007ffe3c100000 - 0x00007ffe3c197000 	C:\Windows\System32\sechost.dll
0x00007ffe3c200000 - 0x00007ffe3c208000 	C:\Windows\System32\PSAPI.DLL
0x00007ffe32f70000 - 0x00007ffe32f94000 	C:\Windows\SYSTEM32\WINMM.dll
0x00007ffe24510000 - 0x00007ffe24519000 	C:\Windows\SYSTEM32\WSOCK32.dll
0x00007ffe33d10000 - 0x00007ffe33d1a000 	C:\Windows\SYSTEM32\VERSION.dll
0x00007ffe3b3d0000 - 0x00007ffe3b43f000 	C:\Windows\System32\WS2_32.dll
0x00007ffe32e50000 - 0x00007ffe32e7d000 	C:\Windows\SYSTEM32\winmmbase.dll
0x00007ffe395b0000 - 0x00007ffe395fa000 	C:\Windows\System32\cfgmgr32.dll
0x00007ffe39360000 - 0x00007ffe39371000 	C:\Windows\System32\kernel.appcore.dll
0x00007ffe1e470000 - 0x00007ffe1e47a000 	C:\Users\Hiep\.p2\pool\plugins\org.eclipse.justj.openjdk.hotspot.jre.full.win32.x86_64_15.0.2.v20210201-0955\jre\bin\jimage.dll
0x00007ffe31ab0000 - 0x00007ffe31ca4000 	C:\Windows\SYSTEM32\DBGHELP.DLL
0x00007ffe1b760000 - 0x00007ffe1b78a000 	C:\Windows\SYSTEM32\dbgcore.DLL
0x00007ffe03370000 - 0x00007ffe03395000 	C:\Users\Hiep\.p2\pool\plugins\org.eclipse.justj.openjdk.hotspot.jre.full.win32.x86_64_15.0.2.v20210201-0955\jre\bin\java.dll
0x00007ffdff810000 - 0x00007ffdff828000 	C:\Users\Hiep\.p2\pool\plugins\org.eclipse.justj.openjdk.hotspot.jre.full.win32.x86_64_15.0.2.v20210201-0955\jre\bin\zip.dll
0x00007ffe3b440000 - 0x00007ffe3bb28000 	C:\Windows\System32\SHELL32.dll
0x00007ffe3af30000 - 0x00007ffe3afd7000 	C:\Windows\System32\shcore.dll
0x00007ffe39db0000 - 0x00007ffe3a52b000 	C:\Windows\System32\windows.storage.dll
0x00007ffe39380000 - 0x00007ffe3939e000 	C:\Windows\System32\profapi.dll
0x00007ffe393a0000 - 0x00007ffe393ea000 	C:\Windows\System32\powrprof.dll
0x00007ffe39330000 - 0x00007ffe39340000 	C:\Windows\System32\UMPDC.dll
0x00007ffe3b0f0000 - 0x00007ffe3b142000 	C:\Windows\System32\shlwapi.dll
0x00007ffe397a0000 - 0x00007ffe397b7000 	C:\Windows\System32\cryptsp.dll
0x00007ffdfe740000 - 0x00007ffdfe759000 	C:\Users\Hiep\.p2\pool\plugins\org.eclipse.justj.openjdk.hotspot.jre.full.win32.x86_64_15.0.2.v20210201-0955\jre\bin\net.dll
0x00007ffe27eb0000 - 0x00007ffe27faa000 	C:\Windows\SYSTEM32\WINHTTP.dll
0x00007ffe38b70000 - 0x00007ffe38bd7000 	C:\Windows\system32\mswsock.dll
0x00007ffdfe720000 - 0x00007ffdfe732000 	C:\Users\Hiep\.p2\pool\plugins\org.eclipse.justj.openjdk.hotspot.jre.full.win32.x86_64_15.0.2.v20210201-0955\jre\bin\nio.dll
0x00007ffdee7d0000 - 0x00007ffdee94f000 	C:\Users\Hiep\.p2\pool\plugins\org.eclipse.justj.openjdk.hotspot.jre.full.win32.x86_64_15.0.2.v20210201-0955\jre\bin\awt.dll
0x00007ffe3aca0000 - 0x00007ffe3ad65000 	C:\Windows\System32\OLEAUT32.dll
0x00007ffe374a0000 - 0x00007ffe3752f000 	C:\Windows\SYSTEM32\apphelp.dll
0x00007ffe37aa0000 - 0x00007ffe37acd000 	C:\Windows\system32\DWMAPI.DLL
0x00007ffe37590000 - 0x00007ffe37629000 	C:\Windows\system32\uxtheme.dll
0x00007ffe25bc0000 - 0x00007ffe25d16000 	C:\Windows\system32\opengl32.dll
0x00007ffe33ad0000 - 0x00007ffe33afc000 	C:\Windows\SYSTEM32\GLU32.dll
0x00007ffe37f70000 - 0x00007ffe37f90000 	C:\Windows\SYSTEM32\dxcore.dll
0x00007ffe3c2d0000 - 0x00007ffe3c405000 	C:\Windows\System32\MSCTF.dll
0x00007ffe3a870000 - 0x00007ffe3a9c7000 	C:\Windows\System32\ole32.dll
0x00007ffe1b490000 - 0x00007ffe1b4a0000 	C:\Users\Hiep\.p2\pool\plugins\org.eclipse.justj.openjdk.hotspot.jre.full.win32.x86_64_15.0.2.v20210201-0955\jre\bin\verify.dll
0x00007ffdf1ae0000 - 0x00007ffdf1b65000 	C:\Users\Hiep\.p2\pool\plugins\org.eclipse.justj.openjdk.hotspot.jre.full.win32.x86_64_15.0.2.v20210201-0955\jre\bin\freetype.dll
0x00007ffdf0760000 - 0x00007ffdf0809000 	C:\Users\Hiep\.p2\pool\plugins\org.eclipse.justj.openjdk.hotspot.jre.full.win32.x86_64_15.0.2.v20210201-0955\jre\bin\fontmanager.dll
0x00007ffe26680000 - 0x00007ffe2671d000 	C:\Windows\System32\TextInputFramework.dll
0x00007ffe37290000 - 0x00007ffe37364000 	C:\Windows\System32\CoreMessaging.dll
0x00007ffe31780000 - 0x00007ffe31aaa000 	C:\Windows\System32\CoreUIComponents.dll
0x00007ffe38480000 - 0x00007ffe384b1000 	C:\Windows\SYSTEM32\ntmarta.dll
0x00007ffe34d00000 - 0x00007ffe34e52000 	C:\Windows\SYSTEM32\wintypes.dll
0x00007ffe26220000 - 0x00007ffe264c7000 	C:\Windows\System32\iertutil.dll

dbghelp: loaded successfully - version: 4.0.5 - missing functions: none
symbol engine: initialized successfully - sym options: 0x614 - pdb path: .;C:\Users\Hiep\.p2\pool\plugins\org.eclipse.justj.openjdk.hotspot.jre.full.win32.x86_64_15.0.2.v20210201-0955\jre\bin;C:\Windows\SYSTEM32;C:\Windows\WinSxS\amd64_microsoft.windows.common-controls_6595b64144ccf1df_6.0.18362.1440_none_9e7dbfb9e45e8e67;C:\Users\Hiep\.p2\pool\plugins\org.eclipse.justj.openjdk.hotspot.jre.full.win32.x86_64_15.0.2.v20210201-0955\jre\bin\server

VM Arguments:
jvm_args: -Dfile.encoding=UTF-8 -XX:+ShowCodeDetailsInExceptionMessages 
java_command: project.project
java_class_path (initial): D:\TTH\app code\Visual Studio\Java\Java_Eclipse\project_oopt\project\bin;D:\TTH\Java\demo\gs-core\bin;C:\Users\Hiep\.m2\repository\org\graphstream\pherd\1.0\pherd-1.0.jar;C:\Users\Hiep\.m2\repository\org\graphstream\mbox2\1.0\mbox2-1.0.jar
Launcher Type: SUN_STANDARD

[Global flags]
     intx CICompilerCount                          = 4                                         {product} {ergonomic}
     uint ConcGCThreads                            = 2                                         {product} {ergonomic}
     uint G1ConcRefinementThreads                  = 8                                         {product} {ergonomic}
   size_t G1HeapRegionSize                         = 1048576                                   {product} {ergonomic}
    uintx GCDrainStackTargetSize                   = 64                                        {product} {ergonomic}
   size_t InitialHeapSize                          = 134217728                                 {product} {ergonomic}
   size_t MarkStackSize                            = 4194304                                   {product} {ergonomic}
   size_t MaxHeapSize                              = 2116026368                                {product} {ergonomic}
   size_t MaxNewSize                               = 1268776960                                {product} {ergonomic}
   size_t MinHeapDeltaBytes                        = 1048576                                   {product} {ergonomic}
   size_t MinHeapSize                              = 8388608                                   {product} {ergonomic}
    uintx NonNMethodCodeHeapSize                   = 5839372                                {pd product} {ergonomic}
    uintx NonProfiledCodeHeapSize                  = 122909434                              {pd product} {ergonomic}
    uintx ProfiledCodeHeapSize                     = 122909434                              {pd product} {ergonomic}
    uintx ReservedCodeCacheSize                    = 251658240                              {pd product} {ergonomic}
     bool SegmentedCodeCache                       = true                                      {product} {ergonomic}
     bool ShowCodeDetailsInExceptionMessages       = true                                   {manageable} {command line}
   size_t SoftMaxHeapSize                          = 2116026368                             {manageable} {ergonomic}
     bool UseCompressedClassPointers               = true                                 {lp64_product} {ergonomic}
     bool UseCompressedOops                        = true                                 {lp64_product} {ergonomic}
     bool UseG1GC                                  = true                                      {product} {ergonomic}
     bool UseLargePagesIndividualAllocation        = false                                  {pd product} {ergonomic}

Logging:
Log output configuration:
 #0: stdout all=warning uptime,level,tags
 #1: stderr all=off uptime,level,tags

Environment Variables:
JAVA_HOME=C:\Program Files\Java\jdk-14
PATH=C:/Users/Hiep/.p2/pool/plugins/org.eclipse.justj.openjdk.hotspot.jre.full.win32.x86_64_15.0.2.v20210201-0955/jre/bin/server;C:/Users/Hiep/.p2/pool/plugins/org.eclipse.justj.openjdk.hotspot.jre.full.win32.x86_64_15.0.2.v20210201-0955/jre/bin;C:\Program Files\AdoptOpenJDK\jdk-11.0.10.9-hotspot;C:\Program Files (x86)\VMware\VMware Workstation\bin\;C:\ProgramData\Anaconda3;C:\ProgramData\Anaconda3\Library\mingw-w64\bin;C:\ProgramData\Anaconda3\Library\usr\bin;C:\ProgramData\Anaconda3\Library\bin;C:\ProgramData\Anaconda3\Scripts;C:\Program Files\Java\jdk-14\bin;C:\Program Files\Calibre2\;C:\Program Files\Microsoft Network Monitor 3\;C:\Program Files\mingw-w64\x86_64-8.1.0-posix-seh-rt_v6-rev0\mingw64\bin;C:\Windows\system32\WindowsPowerShell\v1.0\powershell.exe;D:\Git\cmd;C:\Program Files\AdoptOpenJDK\jdk-11.0.10.9-hotspot\bin;C:\Users\Hiep\AppData\Local\Programs\Python\Python38-32\Scripts\;C:\Users\Hiep\AppData\Local\Programs\Python\Python38-32\;C:\Users\Hiep\AppData\Local\Microsoft\WindowsApps;C:\Users\Hiep\AppData\Local\Programs\Microsoft VS Code\bin;C:\Program Files (x86)\CodeBlocks\MinGW\bin;C:\Program Files\JetBrains\PyCharm 2020.2.3\bin;;C:\Users\Hiep;
USERNAME=Hiep
OS=Windows_NT
PROCESSOR_IDENTIFIER=Intel64 Family 6 Model 142 Stepping 12, GenuineIntel



---------------  S Y S T E M  ---------------

OS:
 Windows 10 , 64 bit Build 18362 (10.0.18362.1350)
OS uptime: 0 days 19:25 hours

CPU: total 8 (initial active 8) (4 cores per cpu, 2 threads per core) family 6 model 142 stepping 12 microcode 0xca, cmov, cx8, fxsr, mmx, sse, sse2, sse3, ssse3, sse4.1, sse4.2, popcnt, vzeroupper, avx, avx2, aes, clmul, erms, 3dnowpref, lzcnt, ht, tsc, tscinvbit, bmi1, bmi2, adx, fma, clflush, clflushopt

Memory: 4k page, system-wide physical 8068M (432M free)
TotalPageFile size 21492M (AvailPageFile size 5M)
current process WorkingSet (physical memory assigned to process): 153M, peak: 158M
current process commit charge ("private bytes"): 274M, peak: 281M

vm_info: OpenJDK 64-Bit Server VM (15.0.2+7-27) for windows-amd64 JRE (15.0.2+7-27), built on Dec  7 2020 20:02:38 by "mach5one" with unknown MS VC++:1925

END.
