#
# There is insufficient memory for the Java Runtime Environment to continue.
# Native memory allocation (malloc) failed to allocate 2155792 bytes for Chunk::new
# Possible reasons:
#   The system is out of physical RAM or swap space
#   The process is running with CompressedOops enabled, and the Java Heap may be blocking the growth of the native heap
# Possible solutions:
#   Reduce memory load on the system
#   Increase physical memory or swap space
#   Check if swap backing store is full
#   Decrease Java heap size (-Xmx/-Xms)
#   Decrease number of Java threads
#   Decrease Java thread stack sizes (-Xss)
#   Set larger code cache with -XX:ReservedCodeCacheSize=
#   JVM is running with Unscaled Compressed Oops mode in which the Java heap is
#     placed in the first 4GB address space. The Java Heap base address is the
#     maximum limit for the native heap growth. Please use -XX:HeapBaseMinAddress
#     to set the Java Heap base and to place the Java Heap above 4GB virtual address.
# This output file may be truncated or incomplete.
#
#  Out of Memory Error (./open/src/hotspot/share/memory/arena.cpp:195), pid=23788, tid=22120
#
# JRE version: OpenJDK Runtime Environment (15.0.2+7) (build 15.0.2+7-27)
# Java VM: OpenJDK 64-Bit Server VM (15.0.2+7-27, mixed mode, tiered, compressed oops, g1 gc, windows-amd64)
# No core dump will be written. Minidumps are not enabled by default on client versions of Windows
#

---------------  S U M M A R Y ------------

Command Line: -Dfile.encoding=UTF-8 -XX:+ShowCodeDetailsInExceptionMessages project.project

Host: Intel(R) Core(TM) i7-8565U CPU @ 1.80GHz, 8 cores, 7G,  Windows 10 , 64 bit Build 18362 (10.0.18362.1350)
Time: Fri Apr  9 10:01:10 2021 SE Asia Standard Time elapsed time: 11.053861 seconds (0d 0h 0m 11s)

---------------  T H R E A D  ---------------

Current thread (0x000002237d87a2c0):  JavaThread "C2 CompilerThread0" daemon [_thread_in_native, id=22120, stack(0x00000026df300000,0x00000026df400000)]


Current CompileTask:
C2:  11053 2876       4       org.graphstream.ui.swing.renderer.StyleRenderer$$Lambda$154/0x000000010014d080::apply (20 bytes)

Stack: [0x00000026df300000,0x00000026df400000]
Native frames: (J=compiled Java code, j=interpreted, Vv=VM code, C=native code)
V  [jvm.dll+0x62ae9a]
V  [jvm.dll+0x7817a9]
V  [jvm.dll+0x782f03]
V  [jvm.dll+0x783563]
V  [jvm.dll+0x216325]
V  [jvm.dll+0x97f3a]
V  [jvm.dll+0x9861c]
V  [jvm.dll+0x32e305]
V  [jvm.dll+0x18e1ba]
V  [jvm.dll+0x1ea822]
V  [jvm.dll+0x1e996e]
V  [jvm.dll+0x178567]
V  [jvm.dll+0x1f9225]
V  [jvm.dll+0x1f72cc]
V  [jvm.dll+0x74495d]
V  [jvm.dll+0x73d75a]
V  [jvm.dll+0x629c56]
C  [ucrtbase.dll+0x210b2]
C  [KERNEL32.DLL+0x17c24]
C  [ntdll.dll+0x6d721]


---------------  P R O C E S S  ---------------

Threads class SMR info:
_java_thread_list=0x0000022300414030, length=22, elements={
0x000002237d876060, 0x000002237d876a20, 0x000002237e0d6000, 0x000002237e0da8e0,
0x000002237e097500, 0x000002237d87a2c0, 0x000002237d87e650, 0x000002237e0ef000,
0x000002237e2668e0, 0x000002237e26e9a0, 0x000002237e768940, 0x000002237e84dae0,
0x000002237e81d620, 0x000002237e8d14d0, 0x000002237e9263c0, 0x000002237e999340,
0x0000022363592dd0, 0x000002237e907c70, 0x000002237e90a7c0, 0x000002237e90ac90,
0x000002237e9077a0, 0x000002237e909e20
}

Java Threads: ( => current thread )
  0x000002237d876060 JavaThread "Reference Handler" daemon [_thread_blocked, id=23504, stack(0x00000026dee00000,0x00000026def00000)]
  0x000002237d876a20 JavaThread "Finalizer" daemon [_thread_blocked, id=15740, stack(0x00000026def00000,0x00000026df000000)]
  0x000002237e0d6000 JavaThread "Signal Dispatcher" daemon [_thread_blocked, id=15708, stack(0x00000026df000000,0x00000026df100000)]
  0x000002237e0da8e0 JavaThread "Attach Listener" daemon [_thread_blocked, id=14656, stack(0x00000026df100000,0x00000026df200000)]
  0x000002237e097500 JavaThread "Service Thread" daemon [_thread_blocked, id=23632, stack(0x00000026df200000,0x00000026df300000)]
=>0x000002237d87a2c0 JavaThread "C2 CompilerThread0" daemon [_thread_in_native, id=22120, stack(0x00000026df300000,0x00000026df400000)]
  0x000002237d87e650 JavaThread "C1 CompilerThread0" daemon [_thread_blocked, id=24340, stack(0x00000026df400000,0x00000026df500000)]
  0x000002237e0ef000 JavaThread "Sweeper thread" daemon [_thread_blocked, id=12580, stack(0x00000026df500000,0x00000026df600000)]
  0x000002237e2668e0 JavaThread "Notification Thread" daemon [_thread_blocked, id=18920, stack(0x00000026df600000,0x00000026df700000)]
  0x000002237e26e9a0 JavaThread "Common-Cleaner" daemon [_thread_blocked, id=19568, stack(0x00000026df800000,0x00000026df900000)]
  0x000002237e768940 JavaThread "Java2D Disposer" daemon [_thread_blocked, id=19644, stack(0x00000026df900000,0x00000026dfa00000)]
  0x000002237e84dae0 JavaThread "AWT-Shutdown" [_thread_blocked, id=5544, stack(0x00000026dfa00000,0x00000026dfb00000)]
  0x000002237e81d620 JavaThread "AWT-Windows" daemon [_thread_in_native, id=12488, stack(0x00000026dfb00000,0x00000026dfc00000)]
  0x000002237e8d14d0 JavaThread "TimerQueue" daemon [_thread_blocked, id=11908, stack(0x00000026dfc00000,0x00000026dfd00000)]
  0x000002237e9263c0 JavaThread "Thread-0" [_thread_blocked, id=15392, stack(0x00000026dfd00000,0x00000026dfe00000)]
  0x000002237e999340 JavaThread "AWT-EventQueue-0" [_thread_blocked, id=6924, stack(0x00000026dfe00000,0x00000026dff00000)]
  0x0000022363592dd0 JavaThread "DestroyJavaVM" [_thread_blocked, id=23124, stack(0x00000026de700000,0x00000026de800000)]
  0x000002237e907c70 JavaThread "Thread-1" [_thread_blocked, id=22876, stack(0x00000026e0600000,0x00000026e0700000)]
  0x000002237e90a7c0 JavaThread "Thread-2" [_thread_blocked, id=11416, stack(0x00000026e0700000,0x00000026e0800000)]
  0x000002237e90ac90 JavaThread "Thread-3" [_thread_blocked, id=23056, stack(0x00000026e0800000,0x00000026e0900000)]
  0x000002237e9077a0 JavaThread "Thread-4" [_thread_blocked, id=21784, stack(0x00000026e0900000,0x00000026e0a00000)]
  0x000002237e909e20 JavaThread "Thread-5" [_thread_blocked, id=24552, stack(0x00000026e0a00000,0x00000026e0b00000)]

Other Threads:
  0x000002237e08fdf0 VMThread "VM Thread" [stack: 0x00000026ded00000,0x00000026dee00000] [id=23424]
  0x000002237e266db0 WatcherThread [stack: 0x00000026df700000,0x00000026df800000] [id=7992]
  0x00000223635d4a80 GCTaskThread "GC Thread#0" [stack: 0x00000026de800000,0x00000026de900000] [id=23392]
  0x000002237e292d00 GCTaskThread "GC Thread#1" [stack: 0x00000026dff00000,0x00000026e0000000] [id=13816]
  0x000002237e2926a0 GCTaskThread "GC Thread#2" [stack: 0x00000026e0000000,0x00000026e0100000] [id=13200]
  0x000002237e295cd0 GCTaskThread "GC Thread#3" [stack: 0x00000026e0100000,0x00000026e0200000] [id=22036]
  0x000002237e294020 GCTaskThread "GC Thread#4" [stack: 0x00000026e0200000,0x00000026e0300000] [id=14308]
  0x000002237e293690 GCTaskThread "GC Thread#5" [stack: 0x00000026e0300000,0x00000026e0400000] [id=16340]
  0x000002237e2939c0 GCTaskThread "GC Thread#6" [stack: 0x00000026e0400000,0x00000026e0500000] [id=22672]
  0x000002237e294350 GCTaskThread "GC Thread#7" [stack: 0x00000026e0500000,0x00000026e0600000] [id=3012]
  0x00000223635e6050 ConcurrentGCThread "G1 Main Marker" [stack: 0x00000026de900000,0x00000026dea00000] [id=3768]
  0x00000223635e7be0 ConcurrentGCThread "G1 Conc#0" [stack: 0x00000026dea00000,0x00000026deb00000] [id=13612]
  0x0000022363653090 ConcurrentGCThread "G1 Refine#0" [stack: 0x00000026deb00000,0x00000026dec00000] [id=16848]
  0x0000022363653c20 ConcurrentGCThread "G1 Young RemSet Sampling" [stack: 0x00000026dec00000,0x00000026ded00000] [id=21844]

Threads with active compile tasks:
C2 CompilerThread0    11080 2876       4       org.graphstream.ui.swing.renderer.StyleRenderer$$Lambda$154/0x000000010014d080::apply (20 bytes)

VM state: not at safepoint (normal execution)

VM Mutex/Monitor currently owned by a thread: None

Heap address: 0x0000000081e00000, size: 2018 MB, Compressed Oops mode: 32-bit
CDS disabled.
Compressed class space mapped at: 0x0000000100000000-0x0000000140000000, size: 1073741824
Narrow klass base: 0x0000000000000000, Narrow klass shift: 3, Narrow klass range: 0x140000000

GC Precious Log:
 CPUs: 8 total, 8 available
 Memory: 8068M
 Large Page Support: Disabled
 NUMA Support: Disabled
 Compressed Oops: Enabled (32-bit)
 Heap Region Size: 1M
 Heap Min Capacity: 8M
 Heap Initial Capacity: 128M
 Heap Max Capacity: 2018M
 Pre-touch: Disabled
 Parallel Workers: 8
 Concurrent Workers: 2
 Concurrent Refinement Workers: 8
 Periodic GC: Disabled

Heap:
 garbage-first heap   total 131072K, used 19969K [0x0000000081e00000, 0x0000000100000000)
  region size 1024K, 7 young (7168K), 1 survivors (1024K)
 Metaspace       used 18363K, capacity 18544K, committed 18688K, reserved 1067008K
  class space    used 1671K, capacity 1736K, committed 1792K, reserved 1048576K

Heap Regions: E=young(eden), S=young(survivor), O=old, HS=humongous(starts), HC=humongous(continues), CS=collection set, F=free, OA=open archive, CA=closed archive, TAMS=top-at-mark-start (previous, next)
|   0|0x0000000081e00000, 0x0000000081f00000, 0x0000000081f00000|100%|HS|  |TAMS 0x0000000081e00000, 0x0000000081e00000| Complete 
|   1|0x0000000081f00000, 0x0000000082000000, 0x0000000082000000|100%|HC|  |TAMS 0x0000000081f00000, 0x0000000081f00000| Complete 
|   2|0x0000000082000000, 0x0000000082100000, 0x0000000082100000|100%| O|  |TAMS 0x0000000082000000, 0x0000000082000000| Untracked 
|   3|0x0000000082100000, 0x0000000082200000, 0x0000000082200000|100%|HS|  |TAMS 0x0000000082100000, 0x0000000082100000| Complete 
|   4|0x0000000082200000, 0x0000000082300000, 0x0000000082300000|100%|HC|  |TAMS 0x0000000082200000, 0x0000000082200000| Complete 
|   5|0x0000000082300000, 0x0000000082400000, 0x0000000082400000|100%|HS|  |TAMS 0x0000000082300000, 0x0000000082300000| Complete 
|   6|0x0000000082400000, 0x0000000082500000, 0x0000000082500000|100%|HC|  |TAMS 0x0000000082400000, 0x0000000082400000| Complete 
|   7|0x0000000082500000, 0x0000000082600000, 0x0000000082600000|100%|HC|  |TAMS 0x0000000082500000, 0x0000000082500000| Complete 
|   8|0x0000000082600000, 0x0000000082700000, 0x0000000082700000|100%|HS|  |TAMS 0x0000000082600000, 0x0000000082600000| Complete 
|   9|0x0000000082700000, 0x0000000082800000, 0x0000000082800000|100%|HC|  |TAMS 0x0000000082700000, 0x0000000082700000| Complete 
|  10|0x0000000082800000, 0x0000000082900000, 0x0000000082900000|100%|HC|  |TAMS 0x0000000082800000, 0x0000000082800000| Complete 
|  11|0x0000000082900000, 0x0000000082a00000, 0x0000000082a00000|100%| O|  |TAMS 0x0000000082900000, 0x0000000082900000| Untracked 
|  12|0x0000000082a00000, 0x0000000082b00000, 0x0000000082b00000|100%| O|  |TAMS 0x0000000082a00000, 0x0000000082a00000| Untracked 
|  13|0x0000000082b00000, 0x0000000082b9e800, 0x0000000082c00000| 61%| O|  |TAMS 0x0000000082b00000, 0x0000000082b00000| Untracked 
|  14|0x0000000082c00000, 0x0000000082c00000, 0x0000000082d00000|  0%| F|  |TAMS 0x0000000082c00000, 0x0000000082c00000| Untracked 
|  15|0x0000000082d00000, 0x0000000082d00000, 0x0000000082e00000|  0%| F|  |TAMS 0x0000000082d00000, 0x0000000082d00000| Untracked 
|  16|0x0000000082e00000, 0x0000000082e00000, 0x0000000082f00000|  0%| F|  |TAMS 0x0000000082e00000, 0x0000000082e00000| Untracked 
|  17|0x0000000082f00000, 0x0000000082f00000, 0x0000000083000000|  0%| F|  |TAMS 0x0000000082f00000, 0x0000000082f00000| Untracked 
|  18|0x0000000083000000, 0x0000000083000000, 0x0000000083100000|  0%| F|  |TAMS 0x0000000083000000, 0x0000000083000000| Untracked 
|  19|0x0000000083100000, 0x0000000083100000, 0x0000000083200000|  0%| F|  |TAMS 0x0000000083100000, 0x0000000083100000| Untracked 
|  20|0x0000000083200000, 0x0000000083200000, 0x0000000083300000|  0%| F|  |TAMS 0x0000000083200000, 0x0000000083200000| Untracked 
|  21|0x0000000083300000, 0x0000000083300000, 0x0000000083400000|  0%| F|  |TAMS 0x0000000083300000, 0x0000000083300000| Untracked 
|  22|0x0000000083400000, 0x0000000083400000, 0x0000000083500000|  0%| F|  |TAMS 0x0000000083400000, 0x0000000083400000| Untracked 
|  23|0x0000000083500000, 0x0000000083500000, 0x0000000083600000|  0%| F|  |TAMS 0x0000000083500000, 0x0000000083500000| Untracked 
|  24|0x0000000083600000, 0x0000000083600000, 0x0000000083700000|  0%| F|  |TAMS 0x0000000083600000, 0x0000000083600000| Untracked 
|  25|0x0000000083700000, 0x0000000083700000, 0x0000000083800000|  0%| F|  |TAMS 0x0000000083700000, 0x0000000083700000| Untracked 
|  26|0x0000000083800000, 0x0000000083800000, 0x0000000083900000|  0%| F|  |TAMS 0x0000000083800000, 0x0000000083800000| Untracked 
|  27|0x0000000083900000, 0x0000000083900000, 0x0000000083a00000|  0%| F|  |TAMS 0x0000000083900000, 0x0000000083900000| Untracked 
|  28|0x0000000083a00000, 0x0000000083a00000, 0x0000000083b00000|  0%| F|  |TAMS 0x0000000083a00000, 0x0000000083a00000| Untracked 
|  29|0x0000000083b00000, 0x0000000083b00000, 0x0000000083c00000|  0%| F|  |TAMS 0x0000000083b00000, 0x0000000083b00000| Untracked 
|  30|0x0000000083c00000, 0x0000000083c00000, 0x0000000083d00000|  0%| F|  |TAMS 0x0000000083c00000, 0x0000000083c00000| Untracked 
|  31|0x0000000083d00000, 0x0000000083d00000, 0x0000000083e00000|  0%| F|  |TAMS 0x0000000083d00000, 0x0000000083d00000| Untracked 
|  32|0x0000000083e00000, 0x0000000083e00000, 0x0000000083f00000|  0%| F|  |TAMS 0x0000000083e00000, 0x0000000083e00000| Untracked 
|  33|0x0000000083f00000, 0x0000000083f00000, 0x0000000084000000|  0%| F|  |TAMS 0x0000000083f00000, 0x0000000083f00000| Untracked 
|  34|0x0000000084000000, 0x0000000084000000, 0x0000000084100000|  0%| F|  |TAMS 0x0000000084000000, 0x0000000084000000| Untracked 
|  35|0x0000000084100000, 0x0000000084100000, 0x0000000084200000|  0%| F|  |TAMS 0x0000000084100000, 0x0000000084100000| Untracked 
|  36|0x0000000084200000, 0x0000000084200000, 0x0000000084300000|  0%| F|  |TAMS 0x0000000084200000, 0x0000000084200000| Untracked 
|  37|0x0000000084300000, 0x0000000084300000, 0x0000000084400000|  0%| F|  |TAMS 0x0000000084300000, 0x0000000084300000| Untracked 
|  38|0x0000000084400000, 0x0000000084400000, 0x0000000084500000|  0%| F|  |TAMS 0x0000000084400000, 0x0000000084400000| Untracked 
|  39|0x0000000084500000, 0x0000000084500000, 0x0000000084600000|  0%| F|  |TAMS 0x0000000084500000, 0x0000000084500000| Untracked 
|  40|0x0000000084600000, 0x0000000084600000, 0x0000000084700000|  0%| F|  |TAMS 0x0000000084600000, 0x0000000084600000| Untracked 
|  41|0x0000000084700000, 0x0000000084700000, 0x0000000084800000|  0%| F|  |TAMS 0x0000000084700000, 0x0000000084700000| Untracked 
|  42|0x0000000084800000, 0x0000000084800000, 0x0000000084900000|  0%| F|  |TAMS 0x0000000084800000, 0x0000000084800000| Untracked 
|  43|0x0000000084900000, 0x0000000084900000, 0x0000000084a00000|  0%| F|  |TAMS 0x0000000084900000, 0x0000000084900000| Untracked 
|  44|0x0000000084a00000, 0x0000000084a00000, 0x0000000084b00000|  0%| F|  |TAMS 0x0000000084a00000, 0x0000000084a00000| Untracked 
|  45|0x0000000084b00000, 0x0000000084b00000, 0x0000000084c00000|  0%| F|  |TAMS 0x0000000084b00000, 0x0000000084b00000| Untracked 
|  46|0x0000000084c00000, 0x0000000084c00000, 0x0000000084d00000|  0%| F|  |TAMS 0x0000000084c00000, 0x0000000084c00000| Untracked 
|  47|0x0000000084d00000, 0x0000000084d00000, 0x0000000084e00000|  0%| F|  |TAMS 0x0000000084d00000, 0x0000000084d00000| Untracked 
|  48|0x0000000084e00000, 0x0000000084e00000, 0x0000000084f00000|  0%| F|  |TAMS 0x0000000084e00000, 0x0000000084e00000| Untracked 
|  49|0x0000000084f00000, 0x0000000084f00000, 0x0000000085000000|  0%| F|  |TAMS 0x0000000084f00000, 0x0000000084f00000| Untracked 
|  50|0x0000000085000000, 0x0000000085000000, 0x0000000085100000|  0%| F|  |TAMS 0x0000000085000000, 0x0000000085000000| Untracked 
|  51|0x0000000085100000, 0x0000000085100000, 0x0000000085200000|  0%| F|  |TAMS 0x0000000085100000, 0x0000000085100000| Untracked 
|  52|0x0000000085200000, 0x0000000085200000, 0x0000000085300000|  0%| F|  |TAMS 0x0000000085200000, 0x0000000085200000| Untracked 
|  53|0x0000000085300000, 0x0000000085300000, 0x0000000085400000|  0%| F|  |TAMS 0x0000000085300000, 0x0000000085300000| Untracked 
|  54|0x0000000085400000, 0x0000000085400000, 0x0000000085500000|  0%| F|  |TAMS 0x0000000085400000, 0x0000000085400000| Untracked 
|  55|0x0000000085500000, 0x0000000085500000, 0x0000000085600000|  0%| F|  |TAMS 0x0000000085500000, 0x0000000085500000| Untracked 
|  56|0x0000000085600000, 0x0000000085600000, 0x0000000085700000|  0%| F|  |TAMS 0x0000000085600000, 0x0000000085600000| Untracked 
|  57|0x0000000085700000, 0x0000000085700000, 0x0000000085800000|  0%| F|  |TAMS 0x0000000085700000, 0x0000000085700000| Untracked 
|  58|0x0000000085800000, 0x0000000085800000, 0x0000000085900000|  0%| F|  |TAMS 0x0000000085800000, 0x0000000085800000| Untracked 
|  59|0x0000000085900000, 0x0000000085900000, 0x0000000085a00000|  0%| F|  |TAMS 0x0000000085900000, 0x0000000085900000| Untracked 
|  60|0x0000000085a00000, 0x0000000085a00000, 0x0000000085b00000|  0%| F|  |TAMS 0x0000000085a00000, 0x0000000085a00000| Untracked 
|  61|0x0000000085b00000, 0x0000000085b00000, 0x0000000085c00000|  0%| F|  |TAMS 0x0000000085b00000, 0x0000000085b00000| Untracked 
|  62|0x0000000085c00000, 0x0000000085c00000, 0x0000000085d00000|  0%| F|  |TAMS 0x0000000085c00000, 0x0000000085c00000| Untracked 
|  63|0x0000000085d00000, 0x0000000085d00000, 0x0000000085e00000|  0%| F|  |TAMS 0x0000000085d00000, 0x0000000085d00000| Untracked 
|  64|0x0000000085e00000, 0x0000000085e00000, 0x0000000085f00000|  0%| F|  |TAMS 0x0000000085e00000, 0x0000000085e00000| Untracked 
|  65|0x0000000085f00000, 0x0000000085f00000, 0x0000000086000000|  0%| F|  |TAMS 0x0000000085f00000, 0x0000000085f00000| Untracked 
|  66|0x0000000086000000, 0x0000000086000000, 0x0000000086100000|  0%| F|  |TAMS 0x0000000086000000, 0x0000000086000000| Untracked 
|  67|0x0000000086100000, 0x0000000086100000, 0x0000000086200000|  0%| F|  |TAMS 0x0000000086100000, 0x0000000086100000| Untracked 
|  68|0x0000000086200000, 0x0000000086200000, 0x0000000086300000|  0%| F|  |TAMS 0x0000000086200000, 0x0000000086200000| Untracked 
|  69|0x0000000086300000, 0x0000000086300000, 0x0000000086400000|  0%| F|  |TAMS 0x0000000086300000, 0x0000000086300000| Untracked 
|  70|0x0000000086400000, 0x0000000086400000, 0x0000000086500000|  0%| F|  |TAMS 0x0000000086400000, 0x0000000086400000| Untracked 
|  71|0x0000000086500000, 0x0000000086500000, 0x0000000086600000|  0%| F|  |TAMS 0x0000000086500000, 0x0000000086500000| Untracked 
|  72|0x0000000086600000, 0x0000000086600000, 0x0000000086700000|  0%| F|  |TAMS 0x0000000086600000, 0x0000000086600000| Untracked 
|  73|0x0000000086700000, 0x0000000086700000, 0x0000000086800000|  0%| F|  |TAMS 0x0000000086700000, 0x0000000086700000| Untracked 
|  74|0x0000000086800000, 0x0000000086800000, 0x0000000086900000|  0%| F|  |TAMS 0x0000000086800000, 0x0000000086800000| Untracked 
|  75|0x0000000086900000, 0x0000000086900000, 0x0000000086a00000|  0%| F|  |TAMS 0x0000000086900000, 0x0000000086900000| Untracked 
|  76|0x0000000086a00000, 0x0000000086a00000, 0x0000000086b00000|  0%| F|  |TAMS 0x0000000086a00000, 0x0000000086a00000| Untracked 
|  77|0x0000000086b00000, 0x0000000086b00000, 0x0000000086c00000|  0%| F|  |TAMS 0x0000000086b00000, 0x0000000086b00000| Untracked 
|  78|0x0000000086c00000, 0x0000000086c00000, 0x0000000086d00000|  0%| F|  |TAMS 0x0000000086c00000, 0x0000000086c00000| Untracked 
|  79|0x0000000086d00000, 0x0000000086d00000, 0x0000000086e00000|  0%| F|  |TAMS 0x0000000086d00000, 0x0000000086d00000| Untracked 
|  80|0x0000000086e00000, 0x0000000086e00000, 0x0000000086f00000|  0%| F|  |TAMS 0x0000000086e00000, 0x0000000086e00000| Untracked 
|  81|0x0000000086f00000, 0x0000000086f00000, 0x0000000087000000|  0%| F|  |TAMS 0x0000000086f00000, 0x0000000086f00000| Untracked 
|  82|0x0000000087000000, 0x0000000087000000, 0x0000000087100000|  0%| F|  |TAMS 0x0000000087000000, 0x0000000087000000| Untracked 
|  83|0x0000000087100000, 0x0000000087100000, 0x0000000087200000|  0%| F|  |TAMS 0x0000000087100000, 0x0000000087100000| Untracked 
|  84|0x0000000087200000, 0x0000000087200000, 0x0000000087300000|  0%| F|  |TAMS 0x0000000087200000, 0x0000000087200000| Untracked 
|  85|0x0000000087300000, 0x0000000087300000, 0x0000000087400000|  0%| F|  |TAMS 0x0000000087300000, 0x0000000087300000| Untracked 
|  86|0x0000000087400000, 0x0000000087400000, 0x0000000087500000|  0%| F|  |TAMS 0x0000000087400000, 0x0000000087400000| Untracked 
|  87|0x0000000087500000, 0x0000000087500000, 0x0000000087600000|  0%| F|  |TAMS 0x0000000087500000, 0x0000000087500000| Untracked 
|  88|0x0000000087600000, 0x0000000087600000, 0x0000000087700000|  0%| F|  |TAMS 0x0000000087600000, 0x0000000087600000| Untracked 
|  89|0x0000000087700000, 0x0000000087700000, 0x0000000087800000|  0%| F|  |TAMS 0x0000000087700000, 0x0000000087700000| Untracked 
|  90|0x0000000087800000, 0x0000000087800000, 0x0000000087900000|  0%| F|  |TAMS 0x0000000087800000, 0x0000000087800000| Untracked 
|  91|0x0000000087900000, 0x0000000087900000, 0x0000000087a00000|  0%| F|  |TAMS 0x0000000087900000, 0x0000000087900000| Untracked 
|  92|0x0000000087a00000, 0x0000000087a00000, 0x0000000087b00000|  0%| F|  |TAMS 0x0000000087a00000, 0x0000000087a00000| Untracked 
|  93|0x0000000087b00000, 0x0000000087b00000, 0x0000000087c00000|  0%| F|  |TAMS 0x0000000087b00000, 0x0000000087b00000| Untracked 
|  94|0x0000000087c00000, 0x0000000087ce1c60, 0x0000000087d00000| 88%| S|CS|TAMS 0x0000000087c00000, 0x0000000087c00000| Complete 
|  95|0x0000000087d00000, 0x0000000087d00000, 0x0000000087e00000|  0%| F|  |TAMS 0x0000000087d00000, 0x0000000087d00000| Untracked 
|  96|0x0000000087e00000, 0x0000000087e00000, 0x0000000087f00000|  0%| F|  |TAMS 0x0000000087e00000, 0x0000000087e00000| Untracked 
|  97|0x0000000087f00000, 0x0000000087f00000, 0x0000000088000000|  0%| F|  |TAMS 0x0000000087f00000, 0x0000000087f00000| Untracked 
|  98|0x0000000088000000, 0x0000000088000000, 0x0000000088100000|  0%| F|  |TAMS 0x0000000088000000, 0x0000000088000000| Untracked 
|  99|0x0000000088100000, 0x0000000088100000, 0x0000000088200000|  0%| F|  |TAMS 0x0000000088100000, 0x0000000088100000| Untracked 
| 100|0x0000000088200000, 0x0000000088200000, 0x0000000088300000|  0%| F|  |TAMS 0x0000000088200000, 0x0000000088200000| Untracked 
| 101|0x0000000088300000, 0x0000000088300000, 0x0000000088400000|  0%| F|  |TAMS 0x0000000088300000, 0x0000000088300000| Untracked 
| 102|0x0000000088400000, 0x0000000088400000, 0x0000000088500000|  0%| F|  |TAMS 0x0000000088400000, 0x0000000088400000| Untracked 
| 103|0x0000000088500000, 0x0000000088500000, 0x0000000088600000|  0%| F|  |TAMS 0x0000000088500000, 0x0000000088500000| Untracked 
| 104|0x0000000088600000, 0x0000000088600000, 0x0000000088700000|  0%| F|  |TAMS 0x0000000088600000, 0x0000000088600000| Untracked 
| 105|0x0000000088700000, 0x0000000088700000, 0x0000000088800000|  0%| F|  |TAMS 0x0000000088700000, 0x0000000088700000| Untracked 
| 106|0x0000000088800000, 0x0000000088800000, 0x0000000088900000|  0%| F|  |TAMS 0x0000000088800000, 0x0000000088800000| Untracked 
| 107|0x0000000088900000, 0x0000000088900000, 0x0000000088a00000|  0%| F|  |TAMS 0x0000000088900000, 0x0000000088900000| Untracked 
| 108|0x0000000088a00000, 0x0000000088a00000, 0x0000000088b00000|  0%| F|  |TAMS 0x0000000088a00000, 0x0000000088a00000| Untracked 
| 109|0x0000000088b00000, 0x0000000088b00000, 0x0000000088c00000|  0%| F|  |TAMS 0x0000000088b00000, 0x0000000088b00000| Untracked 
| 110|0x0000000088c00000, 0x0000000088c00000, 0x0000000088d00000|  0%| F|  |TAMS 0x0000000088c00000, 0x0000000088c00000| Untracked 
| 111|0x0000000088d00000, 0x0000000088d00000, 0x0000000088e00000|  0%| F|  |TAMS 0x0000000088d00000, 0x0000000088d00000| Untracked 
| 112|0x0000000088e00000, 0x0000000088e00000, 0x0000000088f00000|  0%| F|  |TAMS 0x0000000088e00000, 0x0000000088e00000| Untracked 
| 113|0x0000000088f00000, 0x0000000088f00000, 0x0000000089000000|  0%| F|  |TAMS 0x0000000088f00000, 0x0000000088f00000| Untracked 
| 114|0x0000000089000000, 0x0000000089000000, 0x0000000089100000|  0%| F|  |TAMS 0x0000000089000000, 0x0000000089000000| Untracked 
| 115|0x0000000089100000, 0x0000000089100000, 0x0000000089200000|  0%| F|  |TAMS 0x0000000089100000, 0x0000000089100000| Untracked 
| 116|0x0000000089200000, 0x0000000089200000, 0x0000000089300000|  0%| F|  |TAMS 0x0000000089200000, 0x0000000089200000| Untracked 
| 117|0x0000000089300000, 0x0000000089300000, 0x0000000089400000|  0%| F|  |TAMS 0x0000000089300000, 0x0000000089300000| Untracked 
| 118|0x0000000089400000, 0x0000000089400000, 0x0000000089500000|  0%| F|  |TAMS 0x0000000089400000, 0x0000000089400000| Untracked 
| 119|0x0000000089500000, 0x0000000089500000, 0x0000000089600000|  0%| F|  |TAMS 0x0000000089500000, 0x0000000089500000| Untracked 
| 120|0x0000000089600000, 0x0000000089600000, 0x0000000089700000|  0%| F|  |TAMS 0x0000000089600000, 0x0000000089600000| Untracked 
| 121|0x0000000089700000, 0x0000000089700000, 0x0000000089800000|  0%| F|  |TAMS 0x0000000089700000, 0x0000000089700000| Untracked 
| 122|0x0000000089800000, 0x0000000089831768, 0x0000000089900000| 19%| E|  |TAMS 0x0000000089800000, 0x0000000089800000| Complete 
| 123|0x0000000089900000, 0x0000000089a00000, 0x0000000089a00000|100%| E|CS|TAMS 0x0000000089900000, 0x0000000089900000| Complete 
| 124|0x0000000089a00000, 0x0000000089b00000, 0x0000000089b00000|100%| E|CS|TAMS 0x0000000089a00000, 0x0000000089a00000| Complete 
| 125|0x0000000089b00000, 0x0000000089c00000, 0x0000000089c00000|100%| E|CS|TAMS 0x0000000089b00000, 0x0000000089b00000| Complete 
| 126|0x0000000089c00000, 0x0000000089d00000, 0x0000000089d00000|100%| E|CS|TAMS 0x0000000089c00000, 0x0000000089c00000| Complete 
| 127|0x0000000089d00000, 0x0000000089e00000, 0x0000000089e00000|100%| E|CS|TAMS 0x0000000089d00000, 0x0000000089d00000| Complete 

Card table byte_map: [0x00000223766d0000,0x0000022376ad0000] _byte_map_base: 0x00000223762c1000

Marking Bits (Prev, Next): (CMBitMap*) 0x00000223635d5200, (CMBitMap*) 0x00000223635d5240
 Prev Bits: [0x0000022376ed0000, 0x0000022378e58000)
 Next Bits: [0x0000022378e60000, 0x000002237ade8000)

Polling page: 0x00000223612a0000

Metaspace:

Usage:
  Non-class:     16.41 MB capacity,    16.30 MB (>99%) used,    94.19 KB ( <1%) free+waste,    20.94 KB ( <1%) overhead. 
      Class:      1.70 MB capacity,     1.63 MB ( 96%) used,    58.43 KB (  3%) free+waste,     6.56 KB ( <1%) overhead. 
       Both:     18.11 MB capacity,    17.93 MB (>99%) used,   152.62 KB ( <1%) free+waste,    27.50 KB ( <1%) overhead. 

Virtual space:
  Non-class space:       18.00 MB reserved,      16.50 MB ( 92%) committed 
      Class space:        1.00 GB reserved,       1.75 MB ( <1%) committed 
             Both:        1.02 GB reserved,      18.25 MB (  2%) committed 

Chunk freelists:
   Non-Class:  24.00 KB
       Class:  24.00 KB
        Both:  48.00 KB

MaxMetaspaceSize: 17179869184.00 GB
CompressedClassSpaceSize: 1.00 GB

CodeHeap 'non-profiled nmethods': size=120000Kb used=1090Kb max_used=1090Kb free=118909Kb
 bounds [0x000002236ea70000, 0x000002236ece0000, 0x0000022375fa0000]
CodeHeap 'profiled nmethods': size=120000Kb used=5521Kb max_used=5521Kb free=114478Kb
 bounds [0x0000022367540000, 0x0000022367ab0000, 0x000002236ea70000]
CodeHeap 'non-nmethods': size=5760Kb used=1306Kb max_used=1400Kb free=4453Kb
 bounds [0x0000022366fa0000, 0x0000022367210000, 0x0000022367540000]
 total_blobs=3479 nmethods=2875 adapters=516
 compilation: enabled
              stopped_count=0, restarted_count=0
 full_count=0

Compilation events (20 events):
Event: 10.833 Thread 0x000002237d87a2c0 nmethod 2868 0x000002236eb69790 code [0x000002236eb6a000, 0x000002236eb78618]
Event: 10.834 Thread 0x000002237d87a2c0 2869       4       org.graphstream.ui.swing.util.FontSlot::mapFromStyle (155 bytes)
Event: 10.835 Thread 0x000002237d87a2c0 nmethod 2869 0x000002236eb80210 code [0x000002236eb803a0, 0x000002236eb80498]
Event: 10.835 Thread 0x000002237d87a2c0 2867       4       org.graphstream.ui.swing.renderer.StyleRenderer$$Lambda$157/0x0000000100192b38::accept (24 bytes)
Event: 10.835 Thread 0x000002237d87a2c0 nmethod 2867 0x000002236eb80610 code [0x000002236eb807a0, 0x000002236eb808c8]
Event: 10.835 Thread 0x000002237d87a2c0 2876       4       org.graphstream.ui.swing.renderer.StyleRenderer$$Lambda$154/0x000000010014d080::apply (20 bytes)
Event: 10.851 Thread 0x000002237d87e650 2877       3       org.graphstream.ui.swing.SwingGraphRenderer::render (15 bytes)
Event: 10.851 Thread 0x000002237d87e650 nmethod 2877 0x0000022367a9cb10 code [0x0000022367a9ccc0, 0x0000022367a9cee8]
Event: 10.851 Thread 0x000002237d87e650 2878       3       org.graphstream.ui.swing.SwingGraphRenderer::render (236 bytes)
Event: 10.853 Thread 0x000002237d87e650 nmethod 2878 0x0000022367a9d010 code [0x0000022367a9d420, 0x0000022367a9ef88]
Event: 10.853 Thread 0x000002237d87e650 2879       3       org.graphstream.ui.swing.SwingGraphRenderer::startFrame (61 bytes)
Event: 10.853 Thread 0x000002237d87e650 nmethod 2879 0x0000022367a9f990 code [0x0000022367a9fba0, 0x0000022367aa0328]
Event: 10.853 Thread 0x000002237d87e650 2880       3       org.graphstream.graph.Element::hasLabel (16 bytes)
Event: 10.853 Thread 0x000002237d87e650 nmethod 2880 0x0000022367aa0510 code [0x0000022367aa06c0, 0x0000022367aa0908]
Event: 10.853 Thread 0x000002237d87e650 2881       3       org.graphstream.ui.swing.BackendJ2D::prepareNewFrame (24 bytes)
Event: 10.853 Thread 0x000002237d87e650 nmethod 2881 0x0000022367aa0a10 code [0x0000022367aa0be0, 0x0000022367aa0ff8]
Event: 10.853 Thread 0x000002237d87e650 2882       3       org.graphstream.ui.view.camera.DefaultCamera2D::setBounds (35 bytes)
Event: 10.854 Thread 0x000002237d87e650 nmethod 2882 0x0000022367aa1110 code [0x0000022367aa12c0, 0x0000022367aa14c8]
Event: 10.854 Thread 0x000002237d87e650 2883       3       org.graphstream.ui.swing.renderer.GraphBackgroundRenderer::strokeGraph (160 bytes)
Event: 10.855 Thread 0x000002237d87e650 nmethod 2883 0x0000022367aa1610 code [0x0000022367aa1a00, 0x0000022367aa3c58]

GC Heap History (4 events):
Event: 1.008 GC heap before
{Heap before GC invocations=0 (full 0):
 garbage-first heap   total 131072K, used 25600K [0x0000000081e00000, 0x0000000100000000)
  region size 1024K, 23 young (23552K), 0 survivors (0K)
 Metaspace       used 15691K, capacity 15877K, committed 16000K, reserved 1062912K
  class space    used 1508K, capacity 1573K, committed 1664K, reserved 1048576K
}
Event: 1.013 GC heap after
{Heap after GC invocations=1 (full 0):
 garbage-first heap   total 131072K, used 5792K [0x0000000081e00000, 0x0000000100000000)
  region size 1024K, 3 young (3072K), 3 survivors (3072K)
 Metaspace       used 15691K, capacity 15877K, committed 16000K, reserved 1062912K
  class space    used 1508K, capacity 1573K, committed 1664K, reserved 1048576K
}
Event: 9.747 GC heap before
{Heap before GC invocations=1 (full 0):
 garbage-first heap   total 131072K, used 44704K [0x0000000081e00000, 0x0000000100000000)
  region size 1024K, 33 young (33792K), 3 survivors (3072K)
 Metaspace       used 18312K, capacity 18480K, committed 18688K, reserved 1067008K
  class space    used 1671K, capacity 1736K, committed 1792K, reserved 1048576K
}
Event: 9.751 GC heap after
{Heap after GC invocations=2 (full 0):
 garbage-first heap   total 131072K, used 14849K [0x0000000081e00000, 0x0000000100000000)
  region size 1024K, 1 young (1024K), 1 survivors (1024K)
 Metaspace       used 18312K, capacity 18480K, committed 18688K, reserved 1067008K
  class space    used 1671K, capacity 1736K, committed 1792K, reserved 1048576K
}

Deoptimization events (20 events):
Event: 6.705 Thread 0x000002237e999340 DEOPT PACKING pc=0x000002236eb3438c sp=0x00000026dfefd080
Event: 6.705 Thread 0x000002237e999340 DEOPT UNPACKING pc=0x0000022366fee42f sp=0x00000026dfefd058 mode 2
Event: 6.705 Thread 0x000002237e999340 Uncommon trap: trap_request=0xffffffbe fr.pc=0x000002236eb3438c relative=0x000000000000082c
Event: 6.705 Thread 0x000002237e999340 Uncommon trap: reason=profile_predicate action=maybe_recompile pc=0x000002236eb3438c method=sun.java2d.pipe.ShapeSpanIterator.appendPath(Ljava/awt/geom/PathIterator;)V @ 21 c2
Event: 6.705 Thread 0x000002237e999340 DEOPT PACKING pc=0x000002236eb3438c sp=0x00000026dfefcff0
Event: 6.705 Thread 0x000002237e999340 DEOPT UNPACKING pc=0x0000022366fee42f sp=0x00000026dfefcfc8 mode 2
Event: 6.706 Thread 0x000002237e999340 Uncommon trap: trap_request=0xffffffbe fr.pc=0x000002236eb3438c relative=0x000000000000082c
Event: 6.706 Thread 0x000002237e999340 Uncommon trap: reason=profile_predicate action=maybe_recompile pc=0x000002236eb3438c method=sun.java2d.pipe.ShapeSpanIterator.appendPath(Ljava/awt/geom/PathIterator;)V @ 21 c2
Event: 6.706 Thread 0x000002237e999340 DEOPT PACKING pc=0x000002236eb3438c sp=0x00000026dfefcff0
Event: 6.706 Thread 0x000002237e999340 DEOPT UNPACKING pc=0x0000022366fee42f sp=0x00000026dfefcfc8 mode 2
Event: 6.706 Thread 0x000002237e999340 Uncommon trap: trap_request=0xffffffbe fr.pc=0x000002236eb3438c relative=0x000000000000082c
Event: 6.706 Thread 0x000002237e999340 Uncommon trap: reason=profile_predicate action=maybe_recompile pc=0x000002236eb3438c method=sun.java2d.pipe.ShapeSpanIterator.appendPath(Ljava/awt/geom/PathIterator;)V @ 21 c2
Event: 6.706 Thread 0x000002237e999340 DEOPT PACKING pc=0x000002236eb3438c sp=0x00000026dfefcff0
Event: 6.706 Thread 0x000002237e999340 DEOPT UNPACKING pc=0x0000022366fee42f sp=0x00000026dfefcfc8 mode 2
Event: 7.409 Thread 0x000002237e999340 DEOPT PACKING pc=0x00000223677f2c8f sp=0x00000026dfefd810
Event: 7.409 Thread 0x000002237e999340 DEOPT UNPACKING pc=0x0000022366fee23f sp=0x00000026dfefcd20 mode 0
Event: 9.755 Thread 0x000002237e999340 Uncommon trap: trap_request=0xffffff45 fr.pc=0x000002236eb5fe64 relative=0x00000000000002c4
Event: 9.755 Thread 0x000002237e999340 Uncommon trap: reason=unstable_if action=reinterpret pc=0x000002236eb5fe64 method=java.util.WeakHashMap.expungeStaleEntries()V @ 9 c2
Event: 9.755 Thread 0x000002237e999340 DEOPT PACKING pc=0x000002236eb5fe64 sp=0x00000026dfefcc60
Event: 9.755 Thread 0x000002237e999340 DEOPT UNPACKING pc=0x0000022366fee42f sp=0x00000026dfefcbf8 mode 2

Classes unloaded (0 events):
No events

Classes redefined (0 events):
No events

Internal exceptions (15 events):
Event: 0.129 Thread 0x0000022363592dd0 Exception <a 'java/lang/NoSuchMethodError'{0x0000000089c37368}: 'void java.lang.invoke.DirectMethodHandle$Holder.invokeSpecial(java.lang.Object, java.lang.Object, java.lang.Object)'> (0x0000000089c37368) 
thrown [./open/src/hotspot/share/interpreter/linkResolver.cpp, line 782]
Event: 0.177 Thread 0x0000022363592dd0 Exception <a 'java/lang/ClassNotFoundException'{0x0000000089c610c8}: sun/awt/resources/spi/awtProvider> (0x0000000089c610c8) 
thrown [./open/src/hotspot/share/classfile/systemDictionary.cpp, line 295]
Event: 0.212 Thread 0x0000022363592dd0 Exception <a 'java/io/FileNotFoundException'{0x0000000089cbd408}> (0x0000000089cbd408) 
thrown [./open/src/hotspot/share/prims/jni.cpp, line 578]
Event: 0.219 Thread 0x0000022363592dd0 Exception <a 'java/io/FileNotFoundException'{0x0000000089cebce8}> (0x0000000089cebce8) 
thrown [./open/src/hotspot/share/prims/jni.cpp, line 578]
Event: 0.220 Thread 0x0000022363592dd0 Exception <a 'java/lang/NoSuchMethodError'{0x0000000089ced2b8}: 'java.lang.Object java.lang.invoke.DirectMethodHandle$Holder.invokeStatic(java.lang.Object)'> (0x0000000089ced2b8) 
thrown [./open/src/hotspot/share/interpreter/linkResolver.cpp, line 782]
Event: 0.290 Thread 0x0000022363592dd0 Exception <a 'java/lang/NoSuchMethodError'{0x0000000089b377a8}: 'java.lang.Object java.lang.invoke.DirectMethodHandle$Holder.invokeStaticInit(java.lang.Object)'> (0x0000000089b377a8) 
thrown [./open/src/hotspot/share/interpreter/linkResolver.cpp, line 782]
Event: 0.344 Thread 0x0000022363592dd0 Exception <a 'java/lang/NoSuchMethodError'{0x0000000089a1f928}: 'java.lang.Object java.lang.invoke.DirectMethodHandle$Holder.newInvokeSpecial(java.lang.Object, java.lang.Object, java.lang.Object, java.lang.Object, java.lang.Object)'> (0x0000000089a1f928) 
thrown [./open/src/hotspot/share/interpreter/linkResolver.cpp, line 782]
Event: 0.345 Thread 0x0000022363592dd0 Exception <a 'java/lang/NoSuchMethodError'{0x0000000089a2b3b8}: 'java.lang.Object java.lang.invoke.DirectMethodHandle$Holder.invokeStatic(java.lang.Object, int, java.lang.Object, java.lang.Object, java.lang.Object, java.lang.Object)'> (0x0000000089a2b3b8) 
thrown [./open/src/hotspot/share/interpreter/linkResolver.cpp, line 782]
Event: 0.349 Thread 0x0000022363592dd0 Exception <a 'java/lang/NoSuchMethodError'{0x0000000089a51660}: 'java.lang.Object java.lang.invoke.DirectMethodHandle$Holder.invokeStatic(java.lang.Object, int, java.lang.Object)'> (0x0000000089a51660) 
thrown [./open/src/hotspot/share/interpreter/linkResolver.cpp, line 782]
Event: 0.369 Thread 0x0000022363592dd0 Exception <a 'java/lang/ClassNotFoundException'{0x0000000089909ef0}: com/sun/swing/internal/plaf/metal/resources/spi/metalProvider> (0x0000000089909ef0) 
thrown [./open/src/hotspot/share/classfile/systemDictionary.cpp, line 295]
Event: 0.370 Thread 0x0000022363592dd0 Exception <a 'java/lang/ClassNotFoundException'{0x000000008990dfa8}: com/sun/swing/internal/plaf/basic/resources/spi/basicProvider> (0x000000008990dfa8) 
thrown [./open/src/hotspot/share/classfile/systemDictionary.cpp, line 295]
Event: 0.486 Thread 0x0000022363592dd0 Exception <a 'java/lang/NoSuchMethodError'{0x0000000089774820}: 'java.lang.Object java.lang.invoke.Invokers$Holder.invokeExact_MT(java.lang.Object, java.lang.Object, java.lang.Object, java.lang.Object, java.lang.Object, java.lang.Object)'> (0x0000000089774820) 
thrown [./open/src/hotspot/share/interpreter/linkResolver.cpp, line 782]
Event: 1.016 Thread 0x000002237e999340 Exception <a 'java/lang/NoSuchMethodError'{0x0000000089d9f158}: 'void java.lang.invoke.DirectMethodHandle$Holder.invokeSpecial(java.lang.Object, java.lang.Object, java.lang.Object, java.lang.Object, java.lang.Object)'> (0x0000000089d9f158) 
thrown [./open/src/hotspot/share/interpreter/linkResolver.cpp, line 782]
Event: 1.057 Thread 0x000002237e999340 Implicit null exception at 0x000002236eab6860 to 0x000002236eab6954
Event: 2.157 Thread 0x000002237e999340 Exception <a 'java/lang/NoSuchMethodError'{0x0000000089922660}: 'void java.lang.invoke.DirectMethodHandle$Holder.invokeStaticInit(java.lang.Object)'> (0x0000000089922660) 
thrown [./open/src/hotspot/share/interpreter/linkResolver.cpp, line 782]

Events (20 events):
Event: 7.593 loading class jdk/internal/reflect/UTF8
Event: 7.593 loading class jdk/internal/reflect/UTF8 done
Event: 7.593 loading class jdk/internal/reflect/Label
Event: 7.593 loading class jdk/internal/reflect/Label done
Event: 7.593 loading class jdk/internal/reflect/Label$PatchInfo
Event: 7.593 loading class jdk/internal/reflect/Label$PatchInfo done
Event: 7.594 loading class jdk/internal/reflect/MethodAccessorGenerator$1
Event: 7.594 loading class jdk/internal/reflect/MethodAccessorGenerator$1 done
Event: 7.594 loading class jdk/internal/reflect/ClassDefiner
Event: 7.594 loading class jdk/internal/reflect/ClassDefiner done
Event: 7.594 loading class jdk/internal/reflect/ClassDefiner$1
Event: 7.594 loading class jdk/internal/reflect/ClassDefiner$1 done
Event: 7.611 Thread 0x000002237e9077a0 Thread added: 0x000002237e9077a0
Event: 9.022 Thread 0x000002237e909e20 Thread added: 0x000002237e909e20
Event: 9.085 Executing VM operation: HandshakeAllThreads
Event: 9.085 Executing VM operation: HandshakeAllThreads done
Event: 9.746 Executing VM operation: G1CollectForAllocation
Event: 9.751 Executing VM operation: G1CollectForAllocation done
Event: 10.752 Executing VM operation: HandshakeAllThreads
Event: 10.752 Executing VM operation: HandshakeAllThreads done


Dynamic libraries:
0x00007ff63fc80000 - 0x00007ff63fc8d000 	C:\Users\Hiep\.p2\pool\plugins\org.eclipse.justj.openjdk.hotspot.jre.full.win32.x86_64_15.0.2.v20210201-0955\jre\bin\javaw.exe
0x00007ffe3c480000 - 0x00007ffe3c670000 	C:\Windows\SYSTEM32\ntdll.dll
0x00007ffe3c210000 - 0x00007ffe3c2c2000 	C:\Windows\System32\KERNEL32.DLL
0x00007ffe397c0000 - 0x00007ffe39a65000 	C:\Windows\System32\KERNELBASE.dll
0x00007ffe394b0000 - 0x00007ffe395aa000 	C:\Windows\System32\ucrtbase.dll
0x00007ffdfc7e0000 - 0x00007ffdfc7f9000 	C:\Users\Hiep\.p2\pool\plugins\org.eclipse.justj.openjdk.hotspot.jre.full.win32.x86_64_15.0.2.v20210201-0955\jre\bin\VCRUNTIME140.dll
0x00007ffdfc780000 - 0x00007ffdfc798000 	C:\Users\Hiep\.p2\pool\plugins\org.eclipse.justj.openjdk.hotspot.jre.full.win32.x86_64_15.0.2.v20210201-0955\jre\bin\jli.dll
0x00007ffe3a9d0000 - 0x00007ffe3ab64000 	C:\Windows\System32\USER32.dll
0x00007ffe39420000 - 0x00007ffe39441000 	C:\Windows\System32\win32u.dll
0x00007ffe190a0000 - 0x00007ffe19324000 	C:\Windows\WinSxS\amd64_microsoft.windows.common-controls_6595b64144ccf1df_6.0.18362.1440_none_9e7dbfb9e45e8e67\COMCTL32.dll
0x00007ffe3c410000 - 0x00007ffe3c436000 	C:\Windows\System32\GDI32.dll
0x00007ffe3b330000 - 0x00007ffe3b3ce000 	C:\Windows\System32\msvcrt.dll
0x00007ffe39600000 - 0x00007ffe39798000 	C:\Windows\System32\gdi32full.dll
0x00007ffe39a70000 - 0x00007ffe39b0e000 	C:\Windows\System32\msvcp_win.dll
0x00007ffe3a530000 - 0x00007ffe3a866000 	C:\Windows\System32\combase.dll
0x00007ffe3b160000 - 0x00007ffe3b27f000 	C:\Windows\System32\RPCRT4.dll
0x00007ffe39b10000 - 0x00007ffe39b91000 	C:\Windows\System32\bcryptPrimitives.dll
0x00007ffe3bb30000 - 0x00007ffe3bb5e000 	C:\Windows\System32\IMM32.DLL
0x00007ffe10800000 - 0x00007ffe1080c000 	C:\Users\Hiep\.p2\pool\plugins\org.eclipse.justj.openjdk.hotspot.jre.full.win32.x86_64_15.0.2.v20210201-0955\jre\bin\vcruntime140_1.dll
0x00007ffdf5b70000 - 0x00007ffdf5c01000 	C:\Users\Hiep\.p2\pool\plugins\org.eclipse.justj.openjdk.hotspot.jre.full.win32.x86_64_15.0.2.v20210201-0955\jre\bin\msvcp140.dll
0x00007ffdeae80000 - 0x00007ffdeb9de000 	C:\Users\Hiep\.p2\pool\plugins\org.eclipse.justj.openjdk.hotspot.jre.full.win32.x86_64_15.0.2.v20210201-0955\jre\bin\server\jvm.dll
0x00007ffe3ab70000 - 0x00007ffe3ac13000 	C:\Windows\System32\ADVAPI32.dll
0x00007ffe3c100000 - 0x00007ffe3c197000 	C:\Windows\System32\sechost.dll
0x00007ffe3c200000 - 0x00007ffe3c208000 	C:\Windows\System32\PSAPI.DLL
0x00007ffe24510000 - 0x00007ffe24519000 	C:\Windows\SYSTEM32\WSOCK32.dll
0x00007ffe3b3d0000 - 0x00007ffe3b43f000 	C:\Windows\System32\WS2_32.dll
0x00007ffe33d10000 - 0x00007ffe33d1a000 	C:\Windows\SYSTEM32\VERSION.dll
0x00007ffe32f70000 - 0x00007ffe32f94000 	C:\Windows\SYSTEM32\WINMM.dll
0x00007ffe32e50000 - 0x00007ffe32e7d000 	C:\Windows\SYSTEM32\winmmbase.dll
0x00007ffe395b0000 - 0x00007ffe395fa000 	C:\Windows\System32\cfgmgr32.dll
0x00007ffe39360000 - 0x00007ffe39371000 	C:\Windows\System32\kernel.appcore.dll
0x00007ffe1e470000 - 0x00007ffe1e47a000 	C:\Users\Hiep\.p2\pool\plugins\org.eclipse.justj.openjdk.hotspot.jre.full.win32.x86_64_15.0.2.v20210201-0955\jre\bin\jimage.dll
0x00007ffe31ab0000 - 0x00007ffe31ca4000 	C:\Windows\SYSTEM32\DBGHELP.DLL
0x00007ffe1b760000 - 0x00007ffe1b78a000 	C:\Windows\SYSTEM32\dbgcore.DLL
0x00007ffe03370000 - 0x00007ffe03395000 	C:\Users\Hiep\.p2\pool\plugins\org.eclipse.justj.openjdk.hotspot.jre.full.win32.x86_64_15.0.2.v20210201-0955\jre\bin\java.dll
0x00007ffdff810000 - 0x00007ffdff828000 	C:\Users\Hiep\.p2\pool\plugins\org.eclipse.justj.openjdk.hotspot.jre.full.win32.x86_64_15.0.2.v20210201-0955\jre\bin\zip.dll
0x00007ffe3b440000 - 0x00007ffe3bb28000 	C:\Windows\System32\SHELL32.dll
0x00007ffe3af30000 - 0x00007ffe3afd7000 	C:\Windows\System32\shcore.dll
0x00007ffe39db0000 - 0x00007ffe3a52b000 	C:\Windows\System32\windows.storage.dll
0x00007ffe39380000 - 0x00007ffe3939e000 	C:\Windows\System32\profapi.dll
0x00007ffe393a0000 - 0x00007ffe393ea000 	C:\Windows\System32\powrprof.dll
0x00007ffe39330000 - 0x00007ffe39340000 	C:\Windows\System32\UMPDC.dll
0x00007ffe3b0f0000 - 0x00007ffe3b142000 	C:\Windows\System32\shlwapi.dll
0x00007ffe397a0000 - 0x00007ffe397b7000 	C:\Windows\System32\cryptsp.dll
0x00007ffdfe740000 - 0x00007ffdfe759000 	C:\Users\Hiep\.p2\pool\plugins\org.eclipse.justj.openjdk.hotspot.jre.full.win32.x86_64_15.0.2.v20210201-0955\jre\bin\net.dll
0x00007ffe27eb0000 - 0x00007ffe27faa000 	C:\Windows\SYSTEM32\WINHTTP.dll
0x00007ffe38b70000 - 0x00007ffe38bd7000 	C:\Windows\system32\mswsock.dll
0x00007ffdfe720000 - 0x00007ffdfe732000 	C:\Users\Hiep\.p2\pool\plugins\org.eclipse.justj.openjdk.hotspot.jre.full.win32.x86_64_15.0.2.v20210201-0955\jre\bin\nio.dll
0x00007ffdee7d0000 - 0x00007ffdee94f000 	C:\Users\Hiep\.p2\pool\plugins\org.eclipse.justj.openjdk.hotspot.jre.full.win32.x86_64_15.0.2.v20210201-0955\jre\bin\awt.dll
0x00007ffe3aca0000 - 0x00007ffe3ad65000 	C:\Windows\System32\OLEAUT32.dll
0x00007ffe374a0000 - 0x00007ffe3752f000 	C:\Windows\SYSTEM32\apphelp.dll
0x00007ffe37aa0000 - 0x00007ffe37acd000 	C:\Windows\system32\DWMAPI.DLL
0x00007ffe37590000 - 0x00007ffe37629000 	C:\Windows\system32\uxtheme.dll
0x00007ffe25bc0000 - 0x00007ffe25d16000 	C:\Windows\system32\opengl32.dll
0x00007ffe33ad0000 - 0x00007ffe33afc000 	C:\Windows\SYSTEM32\GLU32.dll
0x00007ffe37f70000 - 0x00007ffe37f90000 	C:\Windows\SYSTEM32\dxcore.dll
0x00007ffe3c2d0000 - 0x00007ffe3c405000 	C:\Windows\System32\MSCTF.dll
0x00007ffe3a870000 - 0x00007ffe3a9c7000 	C:\Windows\System32\ole32.dll
0x00007ffe1b490000 - 0x00007ffe1b4a0000 	C:\Users\Hiep\.p2\pool\plugins\org.eclipse.justj.openjdk.hotspot.jre.full.win32.x86_64_15.0.2.v20210201-0955\jre\bin\verify.dll
0x00007ffdf1ae0000 - 0x00007ffdf1b65000 	C:\Users\Hiep\.p2\pool\plugins\org.eclipse.justj.openjdk.hotspot.jre.full.win32.x86_64_15.0.2.v20210201-0955\jre\bin\freetype.dll
0x00007ffdf0760000 - 0x00007ffdf0809000 	C:\Users\Hiep\.p2\pool\plugins\org.eclipse.justj.openjdk.hotspot.jre.full.win32.x86_64_15.0.2.v20210201-0955\jre\bin\fontmanager.dll
0x00007ffe26680000 - 0x00007ffe2671d000 	C:\Windows\System32\TextInputFramework.dll
0x00007ffe37290000 - 0x00007ffe37364000 	C:\Windows\System32\CoreMessaging.dll
0x00007ffe31780000 - 0x00007ffe31aaa000 	C:\Windows\System32\CoreUIComponents.dll
0x00007ffe38480000 - 0x00007ffe384b1000 	C:\Windows\SYSTEM32\ntmarta.dll
0x00007ffe34d00000 - 0x00007ffe34e52000 	C:\Windows\SYSTEM32\wintypes.dll
0x00007ffe26220000 - 0x00007ffe264c7000 	C:\Windows\System32\iertutil.dll

dbghelp: loaded successfully - version: 4.0.5 - missing functions: none
symbol engine: initialized successfully - sym options: 0x614 - pdb path: .;C:\Users\Hiep\.p2\pool\plugins\org.eclipse.justj.openjdk.hotspot.jre.full.win32.x86_64_15.0.2.v20210201-0955\jre\bin;C:\Windows\SYSTEM32;C:\Windows\WinSxS\amd64_microsoft.windows.common-controls_6595b64144ccf1df_6.0.18362.1440_none_9e7dbfb9e45e8e67;C:\Users\Hiep\.p2\pool\plugins\org.eclipse.justj.openjdk.hotspot.jre.full.win32.x86_64_15.0.2.v20210201-0955\jre\bin\server

VM Arguments:
jvm_args: -Dfile.encoding=UTF-8 -XX:+ShowCodeDetailsInExceptionMessages 
java_command: project.project
java_class_path (initial): D:\TTH\app code\Visual Studio\Java\Java_Eclipse\project_oopt\project\bin;D:\TTH\Java\demo\gs-core\bin;C:\Users\Hiep\.m2\repository\org\graphstream\pherd\1.0\pherd-1.0.jar;C:\Users\Hiep\.m2\repository\org\graphstream\mbox2\1.0\mbox2-1.0.jar
Launcher Type: SUN_STANDARD

[Global flags]
     intx CICompilerCount                          = 4                                         {product} {ergonomic}
     uint ConcGCThreads                            = 2                                         {product} {ergonomic}
     uint G1ConcRefinementThreads                  = 8                                         {product} {ergonomic}
   size_t G1HeapRegionSize                         = 1048576                                   {product} {ergonomic}
    uintx GCDrainStackTargetSize                   = 64                                        {product} {ergonomic}
   size_t InitialHeapSize                          = 134217728                                 {product} {ergonomic}
   size_t MarkStackSize                            = 4194304                                   {product} {ergonomic}
   size_t MaxHeapSize                              = 2116026368                                {product} {ergonomic}
   size_t MaxNewSize                               = 1268776960                                {product} {ergonomic}
   size_t MinHeapDeltaBytes                        = 1048576                                   {product} {ergonomic}
   size_t MinHeapSize                              = 8388608                                   {product} {ergonomic}
    uintx NonNMethodCodeHeapSize                   = 5839372                                {pd product} {ergonomic}
    uintx NonProfiledCodeHeapSize                  = 122909434                              {pd product} {ergonomic}
    uintx ProfiledCodeHeapSize                     = 122909434                              {pd product} {ergonomic}
    uintx ReservedCodeCacheSize                    = 251658240                              {pd product} {ergonomic}
     bool SegmentedCodeCache                       = true                                      {product} {ergonomic}
     bool ShowCodeDetailsInExceptionMessages       = true                                   {manageable} {command line}
   size_t SoftMaxHeapSize                          = 2116026368                             {manageable} {ergonomic}
     bool UseCompressedClassPointers               = true                                 {lp64_product} {ergonomic}
     bool UseCompressedOops                        = true                                 {lp64_product} {ergonomic}
     bool UseG1GC                                  = true                                      {product} {ergonomic}
     bool UseLargePagesIndividualAllocation        = false                                  {pd product} {ergonomic}

Logging:
Log output configuration:
 #0: stdout all=warning uptime,level,tags
 #1: stderr all=off uptime,level,tags

Environment Variables:
JAVA_HOME=C:\Program Files\Java\jdk-14
PATH=C:/Users/Hiep/.p2/pool/plugins/org.eclipse.justj.openjdk.hotspot.jre.full.win32.x86_64_15.0.2.v20210201-0955/jre/bin/server;C:/Users/Hiep/.p2/pool/plugins/org.eclipse.justj.openjdk.hotspot.jre.full.win32.x86_64_15.0.2.v20210201-0955/jre/bin;C:\Program Files\AdoptOpenJDK\jdk-11.0.10.9-hotspot;C:\Program Files (x86)\VMware\VMware Workstation\bin\;C:\ProgramData\Anaconda3;C:\ProgramData\Anaconda3\Library\mingw-w64\bin;C:\ProgramData\Anaconda3\Library\usr\bin;C:\ProgramData\Anaconda3\Library\bin;C:\ProgramData\Anaconda3\Scripts;C:\Program Files\Java\jdk-14\bin;C:\Program Files\Calibre2\;C:\Program Files\Microsoft Network Monitor 3\;C:\Program Files\mingw-w64\x86_64-8.1.0-posix-seh-rt_v6-rev0\mingw64\bin;C:\Windows\system32\WindowsPowerShell\v1.0\powershell.exe;D:\Git\cmd;C:\Program Files\AdoptOpenJDK\jdk-11.0.10.9-hotspot\bin;C:\Users\Hiep\AppData\Local\Programs\Python\Python38-32\Scripts\;C:\Users\Hiep\AppData\Local\Programs\Python\Python38-32\;C:\Users\Hiep\AppData\Local\Microsoft\WindowsApps;C:\Users\Hiep\AppData\Local\Programs\Microsoft VS Code\bin;C:\Program Files (x86)\CodeBlocks\MinGW\bin;C:\Program Files\JetBrains\PyCharm 2020.2.3\bin;;C:\Users\Hiep;
USERNAME=Hiep
OS=Windows_NT
PROCESSOR_IDENTIFIER=Intel64 Family 6 Model 142 Stepping 12, GenuineIntel



---------------  S Y S T E M  ---------------

OS:
 Windows 10 , 64 bit Build 18362 (10.0.18362.1350)
OS uptime: 0 days 19:31 hours

CPU: total 8 (initial active 8) (4 cores per cpu, 2 threads per core) family 6 model 142 stepping 12 microcode 0xca, cmov, cx8, fxsr, mmx, sse, sse2, sse3, ssse3, sse4.1, sse4.2, popcnt, vzeroupper, avx, avx2, aes, clmul, erms, 3dnowpref, lzcnt, ht, tsc, tscinvbit, bmi1, bmi2, adx, fma, clflush, clflushopt

Memory: 4k page, system-wide physical 8068M (303M free)
TotalPageFile size 21492M (AvailPageFile size 6M)
current process WorkingSet (physical memory assigned to process): 165M, peak: 169M
current process commit charge ("private bytes"): 286M, peak: 288M

vm_info: OpenJDK 64-Bit Server VM (15.0.2+7-27) for windows-amd64 JRE (15.0.2+7-27), built on Dec  7 2020 20:02:38 by "mach5one" with unknown MS VC++:1925

END.
