#
# There is insufficient memory for the Java Runtime Environment to continue.
# Native memory allocation (malloc) failed to allocate 32744 bytes for ChunkPool::allocate
# Possible reasons:
#   The system is out of physical RAM or swap space
#   The process is running with CompressedOops enabled, and the Java Heap may be blocking the growth of the native heap
# Possible solutions:
#   Reduce memory load on the system
#   Increase physical memory or swap space
#   Check if swap backing store is full
#   Decrease Java heap size (-Xmx/-Xms)
#   Decrease number of Java threads
#   Decrease Java thread stack sizes (-Xss)
#   Set larger code cache with -XX:ReservedCodeCacheSize=
# This output file may be truncated or incomplete.
#
#  Out of Memory Error (./open/src/hotspot/share/memory/arena.cpp:79), pid=5884, tid=22424
#
# JRE version: OpenJDK Runtime Environment (15.0.2+7) (build 15.0.2+7-27)
# Java VM: OpenJDK 64-Bit Server VM (15.0.2+7-27, mixed mode, tiered, compressed oops, g1 gc, windows-amd64)
# No core dump will be written. Minidumps are not enabled by default on client versions of Windows
#

---------------  S U M M A R Y ------------

Command Line: -Dfile.encoding=UTF-8 -XX:+ShowCodeDetailsInExceptionMessages project.original_project

Host: Intel(R) Core(TM) i7-8565U CPU @ 1.80GHz, 8 cores, 7G,  Windows 10 , 64 bit Build 19041 (10.0.19041.928)
Time: Sat May 15 15:40:44 2021 SE Asia Standard Time elapsed time: 36.252132 seconds (0d 0h 0m 36s)

---------------  T H R E A D  ---------------

Current thread (0x000002839d58a6a0):  JavaThread "C2 CompilerThread0" daemon [_thread_in_native, id=22424, stack(0x0000009163f00000,0x0000009164000000)]


Current CompileTask:
C2:  36252 3319       4       java.awt.EventQueue::eventToCacheIndex (80 bytes)

Stack: [0x0000009163f00000,0x0000009164000000]
Native frames: (J=compiled Java code, j=interpreted, Vv=VM code, C=native code)
V  [jvm.dll+0x62ae9a]
V  [jvm.dll+0x7817a9]
V  [jvm.dll+0x782f03]
V  [jvm.dll+0x783563]
V  [jvm.dll+0x216325]
V  [jvm.dll+0x982cf]
V  [jvm.dll+0x9861c]
V  [jvm.dll+0x279f9f]
V  [jvm.dll+0x540794]
V  [jvm.dll+0x1f2cd4]
V  [jvm.dll+0x1ec348]
V  [jvm.dll+0x1e9867]
V  [jvm.dll+0x178567]
V  [jvm.dll+0x1f9225]
V  [jvm.dll+0x1f72cc]
V  [jvm.dll+0x74495d]
V  [jvm.dll+0x73d75a]
V  [jvm.dll+0x629c56]
C  [ucrtbase.dll+0x21bb2]
C  [KERNEL32.DLL+0x17034]
C  [ntdll.dll+0x52651]


---------------  P R O C E S S  ---------------

Threads class SMR info:
_java_thread_list=0x000002839cd08e70, length=18, elements={
0x000002839d59c010, 0x000002839d59e8e0, 0x000002839d5b8000, 0x000002839d5bbad0,
0x000002839d5bc580, 0x000002839d58a6a0, 0x000002839cd69e80, 0x000002839cd6d060,
0x000002839d743420, 0x000002839d7833c0, 0x000002839dd52af0, 0x000002839dd59340,
0x000002839dd55a80, 0x000002839de18080, 0x000002839dff2840, 0x0000028382a81f40,
0x00000283a0937220, 0x00000283a0e30eb0
}

Java Threads: ( => current thread )
  0x000002839d59c010 JavaThread "Reference Handler" daemon [_thread_blocked, id=21600, stack(0x0000009163a00000,0x0000009163b00000)]
  0x000002839d59e8e0 JavaThread "Finalizer" daemon [_thread_blocked, id=1820, stack(0x0000009163b00000,0x0000009163c00000)]
  0x000002839d5b8000 JavaThread "Signal Dispatcher" daemon [_thread_blocked, id=21856, stack(0x0000009163c00000,0x0000009163d00000)]
  0x000002839d5bbad0 JavaThread "Attach Listener" daemon [_thread_blocked, id=8724, stack(0x0000009163d00000,0x0000009163e00000)]
  0x000002839d5bc580 JavaThread "Service Thread" daemon [_thread_blocked, id=4124, stack(0x0000009163e00000,0x0000009163f00000)]
=>0x000002839d58a6a0 JavaThread "C2 CompilerThread0" daemon [_thread_in_native, id=22424, stack(0x0000009163f00000,0x0000009164000000)]
  0x000002839cd69e80 JavaThread "C1 CompilerThread0" daemon [_thread_blocked, id=17624, stack(0x0000009164000000,0x0000009164100000)]
  0x000002839cd6d060 JavaThread "Sweeper thread" daemon [_thread_blocked, id=13228, stack(0x0000009164100000,0x0000009164200000)]
  0x000002839d743420 JavaThread "Notification Thread" daemon [_thread_blocked, id=17328, stack(0x0000009164200000,0x0000009164300000)]
  0x000002839d7833c0 JavaThread "Common-Cleaner" daemon [_thread_blocked, id=21776, stack(0x0000009164400000,0x0000009164500000)]
  0x000002839dd52af0 JavaThread "Java2D Disposer" daemon [_thread_blocked, id=16332, stack(0x0000009164500000,0x0000009164600000)]
  0x000002839dd59340 JavaThread "AWT-Shutdown" [_thread_blocked, id=18848, stack(0x0000009164600000,0x0000009164700000)]
  0x000002839dd55a80 JavaThread "AWT-Windows" daemon [_thread_in_native, id=2176, stack(0x0000009164700000,0x0000009164800000)]
  0x000002839de18080 JavaThread "AWT-EventQueue-0" [_thread_blocked, id=4236, stack(0x0000009164900000,0x0000009164a00000)]
  0x000002839dff2840 JavaThread "Swing-Shell" daemon [_thread_blocked, id=4260, stack(0x0000009164a00000,0x0000009164b00000)]
  0x0000028382a81f40 JavaThread "DestroyJavaVM" [_thread_blocked, id=12276, stack(0x0000009163300000,0x0000009163400000)]
  0x00000283a0937220 JavaThread "TimerQueue" daemon [_thread_in_vm, id=15664, stack(0x0000009165000000,0x0000009165100000)]
  0x00000283a0e30eb0 JavaThread "Thread-0" [_thread_blocked, id=10556, stack(0x0000009165500000,0x0000009165600000)]

Other Threads:
  0x000002839cd134f0 VMThread "VM Thread" [stack: 0x0000009163900000,0x0000009163a00000] [id=7892]
  0x000002839d7438f0 WatcherThread [stack: 0x0000009164300000,0x0000009164400000] [id=15336]
  0x0000028382abff60 GCTaskThread "GC Thread#0" [stack: 0x0000009163400000,0x0000009163500000] [id=21728]
  0x000002839d7e2ae0 GCTaskThread "GC Thread#1" [stack: 0x0000009164f00000,0x0000009165000000] [id=22496]
  0x000002839d7e04a0 GCTaskThread "GC Thread#2" [stack: 0x0000009165100000,0x0000009165200000] [id=21576]
  0x000002839d7e1160 GCTaskThread "GC Thread#3" [stack: 0x0000009165200000,0x0000009165300000] [id=88]
  0x000002839d7e2e10 GCTaskThread "GC Thread#4" [stack: 0x0000009165300000,0x0000009165400000] [id=21912]
  0x000002839d7e17c0 GCTaskThread "GC Thread#5" [stack: 0x0000009165400000,0x0000009165500000] [id=21916]
  0x000002839d7e07d0 GCTaskThread "GC Thread#6" [stack: 0x0000009165600000,0x0000009165700000] [id=22184]
  0x000002839d7e27b0 GCTaskThread "GC Thread#7" [stack: 0x0000009165700000,0x0000009165800000] [id=11860]
  0x0000028382ad25a0 ConcurrentGCThread "G1 Main Marker" [stack: 0x0000009163500000,0x0000009163600000] [id=21528]
  0x0000028382ad43b0 ConcurrentGCThread "G1 Conc#0" [stack: 0x0000009163600000,0x0000009163700000] [id=21572]
  0x000002839d7e37a0 ConcurrentGCThread "G1 Conc#1" [stack: 0x0000009165800000,0x0000009165900000] [id=13220]
  0x0000028382b52ea0 ConcurrentGCThread "G1 Refine#0" [stack: 0x0000009163700000,0x0000009163800000] [id=5640]
  0x0000028382b53aa0 ConcurrentGCThread "G1 Young RemSet Sampling" [stack: 0x0000009163800000,0x0000009163900000] [id=20616]

Threads with active compile tasks:
C2 CompilerThread0    36322 3319       4       java.awt.EventQueue::eventToCacheIndex (80 bytes)

VM state: not at safepoint (normal execution)

VM Mutex/Monitor currently owned by a thread: None

Heap address: 0x0000000081e00000, size: 2018 MB, Compressed Oops mode: 32-bit
CDS disabled.
Compressed class space mapped at: 0x0000000100000000-0x0000000140000000, size: 1073741824
Narrow klass base: 0x0000000000000000, Narrow klass shift: 3, Narrow klass range: 0x140000000

GC Precious Log:
 CPUs: 8 total, 8 available
 Memory: 8068M
 Large Page Support: Disabled
 NUMA Support: Disabled
 Compressed Oops: Enabled (32-bit)
 Heap Region Size: 1M
 Heap Min Capacity: 8M
 Heap Initial Capacity: 128M
 Heap Max Capacity: 2018M
 Pre-touch: Disabled
 Parallel Workers: 8
 Concurrent Workers: 2
 Concurrent Refinement Workers: 8
 Periodic GC: Disabled

Heap:
 garbage-first heap   total 61440K, used 40638K [0x0000000081e00000, 0x0000000100000000)
  region size 1024K, 26 young (26624K), 1 survivors (1024K)
 Metaspace       used 23236K, capacity 23452K, committed 23676K, reserved 1071104K
  class space    used 2339K, capacity 2412K, committed 2432K, reserved 1048576K

Heap Regions: E=young(eden), S=young(survivor), O=old, HS=humongous(starts), HC=humongous(continues), CS=collection set, F=free, OA=open archive, CA=closed archive, TAMS=top-at-mark-start (previous, next)
|   0|0x0000000081e00000, 0x0000000081f00000, 0x0000000081f00000|100%|HS|  |TAMS 0x0000000081f00000, 0x0000000081e00000| Complete 
|   1|0x0000000081f00000, 0x0000000082000000, 0x0000000082000000|100%|HC|  |TAMS 0x0000000082000000, 0x0000000081f00000| Complete 
|   2|0x0000000082000000, 0x0000000082100000, 0x0000000082100000|100%|HC|  |TAMS 0x0000000082100000, 0x0000000082000000| Complete 
|   3|0x0000000082100000, 0x0000000082200000, 0x0000000082200000|100%|HS|  |TAMS 0x0000000082200000, 0x0000000082100000| Complete 
|   4|0x0000000082200000, 0x0000000082300000, 0x0000000082300000|100%|HC|  |TAMS 0x0000000082300000, 0x0000000082200000| Complete 
|   5|0x0000000082300000, 0x0000000082400000, 0x0000000082400000|100%|HC|  |TAMS 0x0000000082400000, 0x0000000082300000| Complete 
|   6|0x0000000082400000, 0x0000000082500000, 0x0000000082500000|100%|HC|  |TAMS 0x0000000082500000, 0x0000000082400000| Complete 
|   7|0x0000000082500000, 0x0000000082600000, 0x0000000082600000|100%|HC|  |TAMS 0x0000000082600000, 0x0000000082500000| Complete 
|   8|0x0000000082600000, 0x0000000082700000, 0x0000000082700000|100%|HC|  |TAMS 0x0000000082700000, 0x0000000082600000| Complete 
|   9|0x0000000082700000, 0x0000000082800000, 0x0000000082800000|100%|HC|  |TAMS 0x0000000082800000, 0x0000000082700000| Complete 
|  10|0x0000000082800000, 0x0000000082900000, 0x0000000082900000|100%|HC|  |TAMS 0x0000000082900000, 0x0000000082800000| Complete 
|  11|0x0000000082900000, 0x0000000082a00000, 0x0000000082a00000|100%| O|  |TAMS 0x00000000829b0400, 0x0000000082900000| Untracked 
|  12|0x0000000082a00000, 0x0000000082b00000, 0x0000000082b00000|100%| O|  |TAMS 0x0000000082a00000, 0x0000000082a00000| Untracked 
|  13|0x0000000082b00000, 0x0000000082c00000, 0x0000000082c00000|100%| O|  |TAMS 0x0000000082b00000, 0x0000000082b00000| Untracked 
|  14|0x0000000082c00000, 0x0000000082cb5200, 0x0000000082d00000| 70%| O|  |TAMS 0x0000000082c00000, 0x0000000082c00000| Untracked 
|  15|0x0000000082d00000, 0x0000000082d00000, 0x0000000082e00000|  0%| F|  |TAMS 0x0000000082d00000, 0x0000000082d00000| Untracked 
|  16|0x0000000082e00000, 0x0000000082e00000, 0x0000000082f00000|  0%| F|  |TAMS 0x0000000082e00000, 0x0000000082e00000| Untracked 
|  17|0x0000000082f00000, 0x0000000082f00000, 0x0000000083000000|  0%| F|  |TAMS 0x0000000082f00000, 0x0000000082f00000| Untracked 
|  18|0x0000000083000000, 0x0000000083000000, 0x0000000083100000|  0%| F|  |TAMS 0x0000000083000000, 0x0000000083000000| Untracked 
|  19|0x0000000083100000, 0x0000000083100000, 0x0000000083200000|  0%| F|  |TAMS 0x0000000083100000, 0x0000000083100000| Untracked 
|  20|0x0000000083200000, 0x0000000083200000, 0x0000000083300000|  0%| F|  |TAMS 0x0000000083200000, 0x0000000083200000| Untracked 
|  21|0x0000000083300000, 0x0000000083300000, 0x0000000083400000|  0%| F|  |TAMS 0x0000000083300000, 0x0000000083300000| Untracked 
|  22|0x0000000083400000, 0x0000000083400000, 0x0000000083500000|  0%| F|  |TAMS 0x0000000083400000, 0x0000000083400000| Untracked 
|  23|0x0000000083500000, 0x0000000083500000, 0x0000000083600000|  0%| F|  |TAMS 0x0000000083500000, 0x0000000083500000| Untracked 
|  24|0x0000000083600000, 0x0000000083600000, 0x0000000083700000|  0%| F|  |TAMS 0x0000000083600000, 0x0000000083600000| Untracked 
|  25|0x0000000083700000, 0x0000000083700000, 0x0000000083800000|  0%| F|  |TAMS 0x0000000083700000, 0x0000000083700000| Untracked 
|  26|0x0000000083800000, 0x0000000083800000, 0x0000000083900000|  0%| F|  |TAMS 0x0000000083800000, 0x0000000083800000| Untracked 
|  27|0x0000000083900000, 0x0000000083900000, 0x0000000083a00000|  0%| F|  |TAMS 0x0000000083900000, 0x0000000083900000| Untracked 
|  28|0x0000000083a00000, 0x0000000083a00000, 0x0000000083b00000|  0%| F|  |TAMS 0x0000000083a00000, 0x0000000083a00000| Untracked 
|  29|0x0000000083b00000, 0x0000000083b00000, 0x0000000083c00000|  0%| F|  |TAMS 0x0000000083b00000, 0x0000000083b00000| Untracked 
|  30|0x0000000083c00000, 0x0000000083c00000, 0x0000000083d00000|  0%| F|  |TAMS 0x0000000083c00000, 0x0000000083c00000| Untracked 
|  31|0x0000000083d00000, 0x0000000083d00000, 0x0000000083e00000|  0%| F|  |TAMS 0x0000000083d00000, 0x0000000083d00000| Untracked 
|  32|0x0000000083e00000, 0x0000000083e00000, 0x0000000083f00000|  0%| F|  |TAMS 0x0000000083e00000, 0x0000000083e00000| Untracked 
|  33|0x0000000083f00000, 0x0000000083f00000, 0x0000000084000000|  0%| F|  |TAMS 0x0000000083f00000, 0x0000000083f00000| Untracked 
|  34|0x0000000084000000, 0x0000000084100000, 0x0000000084100000|100%| E|  |TAMS 0x0000000084000000, 0x0000000084000000| Complete 
|  35|0x0000000084100000, 0x0000000084200000, 0x0000000084200000|100%| E|CS|TAMS 0x0000000084100000, 0x0000000084100000| Complete 
|  36|0x0000000084200000, 0x0000000084300000, 0x0000000084300000|100%| E|CS|TAMS 0x0000000084200000, 0x0000000084200000| Complete 
|  37|0x0000000084300000, 0x0000000084400000, 0x0000000084400000|100%| E|CS|TAMS 0x0000000084300000, 0x0000000084300000| Complete 
|  38|0x0000000084400000, 0x0000000084500000, 0x0000000084500000|100%| E|CS|TAMS 0x0000000084400000, 0x0000000084400000| Complete 
|  39|0x0000000084500000, 0x0000000084600000, 0x0000000084600000|100%| E|CS|TAMS 0x0000000084500000, 0x0000000084500000| Complete 
|  40|0x0000000084600000, 0x0000000084700000, 0x0000000084700000|100%| E|CS|TAMS 0x0000000084600000, 0x0000000084600000| Complete 
|  41|0x0000000084700000, 0x0000000084800000, 0x0000000084800000|100%| E|CS|TAMS 0x0000000084700000, 0x0000000084700000| Complete 
|  42|0x0000000084800000, 0x0000000084900000, 0x0000000084900000|100%| E|CS|TAMS 0x0000000084800000, 0x0000000084800000| Complete 
|  43|0x0000000084900000, 0x0000000084a00000, 0x0000000084a00000|100%| E|CS|TAMS 0x0000000084900000, 0x0000000084900000| Complete 
|  44|0x0000000084a00000, 0x0000000084b00000, 0x0000000084b00000|100%| E|CS|TAMS 0x0000000084a00000, 0x0000000084a00000| Complete 
|  45|0x0000000084b00000, 0x0000000084c00000, 0x0000000084c00000|100%| E|CS|TAMS 0x0000000084b00000, 0x0000000084b00000| Complete 
|  46|0x0000000084c00000, 0x0000000084d00000, 0x0000000084d00000|100%| E|CS|TAMS 0x0000000084c00000, 0x0000000084c00000| Complete 
|  47|0x0000000084d00000, 0x0000000084e00000, 0x0000000084e00000|100%| E|CS|TAMS 0x0000000084d00000, 0x0000000084d00000| Complete 
|  48|0x0000000084e00000, 0x0000000084f00000, 0x0000000084f00000|100%| E|CS|TAMS 0x0000000084e00000, 0x0000000084e00000| Complete 
|  49|0x0000000084f00000, 0x0000000085000000, 0x0000000085000000|100%| E|CS|TAMS 0x0000000084f00000, 0x0000000084f00000| Complete 
|  50|0x0000000085000000, 0x0000000085100000, 0x0000000085100000|100%| E|CS|TAMS 0x0000000085000000, 0x0000000085000000| Complete 
|  51|0x0000000085100000, 0x0000000085200000, 0x0000000085200000|100%| E|CS|TAMS 0x0000000085100000, 0x0000000085100000| Complete 
|  52|0x0000000085200000, 0x0000000085300000, 0x0000000085300000|100%| E|CS|TAMS 0x0000000085200000, 0x0000000085200000| Complete 
|  53|0x0000000085300000, 0x0000000085400000, 0x0000000085400000|100%| E|CS|TAMS 0x0000000085300000, 0x0000000085300000| Complete 
|  54|0x0000000085400000, 0x0000000085500000, 0x0000000085500000|100%| E|CS|TAMS 0x0000000085400000, 0x0000000085400000| Complete 
|  55|0x0000000085500000, 0x0000000085600000, 0x0000000085600000|100%| E|CS|TAMS 0x0000000085500000, 0x0000000085500000| Complete 
|  56|0x0000000085600000, 0x0000000085700000, 0x0000000085700000|100%| E|CS|TAMS 0x0000000085600000, 0x0000000085600000| Complete 
| 118|0x0000000089400000, 0x00000000894fa820, 0x0000000089500000| 97%| S|CS|TAMS 0x0000000089400000, 0x0000000089400000| Complete 
| 126|0x0000000089c00000, 0x0000000089d00000, 0x0000000089d00000|100%| E|CS|TAMS 0x0000000089c00000, 0x0000000089c00000| Complete 
| 127|0x0000000089d00000, 0x0000000089e00000, 0x0000000089e00000|100%| E|CS|TAMS 0x0000000089d00000, 0x0000000089d00000| Complete 

Card table byte_map: [0x0000028395bd0000,0x0000028395fd0000] _byte_map_base: 0x00000283957c1000

Marking Bits (Prev, Next): (CMBitMap*) 0x0000028382ac0810, (CMBitMap*) 0x0000028382ac07d0
 Prev Bits: [0x0000028398360000, 0x000002839a2e8000)
 Next Bits: [0x00000283963d0000, 0x0000028398358000)

Polling page: 0x0000028382260000

Metaspace:

Usage:
  Non-class:     20.55 MB capacity,    20.41 MB (>99%) used,   116.38 KB ( <1%) free+waste,    26.12 KB ( <1%) overhead. 
      Class:      2.36 MB capacity,     2.28 MB ( 97%) used,    64.54 KB (  3%) free+waste,     8.31 KB ( <1%) overhead. 
       Both:     22.90 MB capacity,    22.69 MB (>99%) used,   180.92 KB ( <1%) free+waste,    34.44 KB ( <1%) overhead. 

Virtual space:
  Non-class space:       22.00 MB reserved,      20.75 MB ( 94%) committed 
      Class space:        1.00 GB reserved,       2.38 MB ( <1%) committed 
             Both:        1.02 GB reserved,      23.12 MB (  2%) committed 

Chunk freelists:
   Non-Class:  76.00 KB
       Class:  20.00 KB
        Both:  96.00 KB

MaxMetaspaceSize: 17179869184.00 GB
CompressedClassSpaceSize: 1.00 GB

CodeHeap 'non-profiled nmethods': size=120000Kb used=1422Kb max_used=1422Kb free=118577Kb
 bounds [0x000002838df70000, 0x000002838e1e0000, 0x00000283954a0000]
CodeHeap 'profiled nmethods': size=120000Kb used=6619Kb max_used=6619Kb free=113380Kb
 bounds [0x0000028386a40000, 0x00000283870c0000, 0x000002838df70000]
CodeHeap 'non-nmethods': size=5760Kb used=1359Kb max_used=1428Kb free=4400Kb
 bounds [0x00000283864a0000, 0x0000028386710000, 0x0000028386a40000]
 total_blobs=3984 nmethods=3315 adapters=581
 compilation: enabled
              stopped_count=0, restarted_count=0
 full_count=0

Compilation events (20 events):
Event: 16.981 Thread 0x000002839cd69e80 3309       3       org.graphstream.ui.graphicGraph.stylesheet.parser.StyleSheetParser::style (1846 bytes)
Event: 16.990 Thread 0x000002839cd69e80 nmethod 3309 0x00000283870ab610 code [0x00000283870ac400, 0x00000283870b1598]
Event: 17.003 Thread 0x000002839d58a6a0 nmethod 3307 0x000002838e0c7e90 code [0x000002838e0c80a0, 0x000002838e0c8a18]
Event: 19.113 Thread 0x000002839cd69e80 3310   !   3       java.util.concurrent.DelayQueue::offer (60 bytes)
Event: 19.114 Thread 0x000002839cd69e80 nmethod 3310 0x00000283870b3490 code [0x00000283870b3720, 0x00000283870b4438]
Event: 19.114 Thread 0x000002839cd69e80 3311       3       java.util.PriorityQueue::offer (58 bytes)
Event: 19.114 Thread 0x000002839cd69e80 nmethod 3311 0x00000283870b4a90 code [0x00000283870b4c80, 0x00000283870b5058]
Event: 19.562 Thread 0x000002839cd69e80 3312   !   3       org.graphstream.ui.layout.LayoutRunner::nap (9 bytes)
Event: 19.563 Thread 0x000002839cd69e80 nmethod 3312 0x00000283870b5210 code [0x00000283870b53c0, 0x00000283870b5528]
Event: 21.070 Thread 0x000002839cd69e80 3314       3       java.awt.EventQueue::invokeLater (18 bytes)
Event: 21.071 Thread 0x000002839cd69e80 nmethod 3314 0x00000283870b5610 code [0x00000283870b5840, 0x00000283870b5de8]
Event: 21.213 Thread 0x000002839cd69e80 3315       3       java.util.PriorityQueue::poll (81 bytes)
Event: 21.213 Thread 0x000002839cd69e80 nmethod 3315 0x00000283870b6090 code [0x00000283870b6260, 0x00000283870b6698]
Event: 21.258 Thread 0x000002839d58a6a0 3316   !   4       sun.awt.PostEventQueue::flush (168 bytes)
Event: 21.381 Thread 0x000002839d58a6a0 nmethod 3316 0x000002838e0c9610 code [0x000002838e0c9b20, 0x000002838e0d0df0]
Event: 29.905 Thread 0x000002839d58a6a0 3317  s    4       java.awt.Toolkit::getDefaultToolkit (53 bytes)
Event: 29.906 Thread 0x000002839d58a6a0 nmethod 3317 0x000002838e0d3790 code [0x000002838e0d3920, 0x000002838e0d3ab8]
Event: 31.563 Thread 0x000002839cd69e80 3318       3       org.graphstream.ui.layout.springbox.Energies::getStabilization (75 bytes)
Event: 31.564 Thread 0x000002839cd69e80 nmethod 3318 0x00000283870b6810 code [0x00000283870b6a20, 0x00000283870b6ca8]
Event: 36.239 Thread 0x000002839d58a6a0 3319       4       java.awt.EventQueue::eventToCacheIndex (80 bytes)

GC Heap History (4 events):
Event: 2.022 GC heap before
{Heap before GC invocations=0 (full 0):
 garbage-first heap   total 131072K, used 34816K [0x0000000081e00000, 0x0000000100000000)
  region size 1024K, 23 young (23552K), 0 survivors (0K)
 Metaspace       used 17608K, capacity 17766K, committed 17920K, reserved 1064960K
  class space    used 1862K, capacity 1925K, committed 2048K, reserved 1048576K
}
Event: 2.026 GC heap after
{Heap after GC invocations=1 (full 0):
 garbage-first heap   total 131072K, used 15041K [0x0000000081e00000, 0x0000000100000000)
  region size 1024K, 3 young (3072K), 3 survivors (3072K)
 Metaspace       used 17608K, capacity 17766K, committed 17920K, reserved 1064960K
  class space    used 1862K, capacity 1925K, committed 2048K, reserved 1048576K
}
Event: 4.044 GC heap before
{Heap before GC invocations=1 (full 0):
 garbage-first heap   total 131072K, used 23233K [0x0000000081e00000, 0x0000000100000000)
  region size 1024K, 12 young (12288K), 3 survivors (3072K)
 Metaspace       used 21022K, capacity 21208K, committed 21248K, reserved 1069056K
  class space    used 2240K, capacity 2283K, committed 2304K, reserved 1048576K
}
Event: 4.050 GC heap after
{Heap after GC invocations=2 (full 0):
 garbage-first heap   total 131072K, used 16062K [0x0000000081e00000, 0x0000000100000000)
  region size 1024K, 1 young (1024K), 1 survivors (1024K)
 Metaspace       used 21022K, capacity 21208K, committed 21248K, reserved 1069056K
  class space    used 2240K, capacity 2283K, committed 2304K, reserved 1048576K
}

Deoptimization events (20 events):
Event: 9.147 Thread 0x000002839de18080 Uncommon trap: trap_request=0xffffffde fr.pc=0x000002838e07bee8 relative=0x0000000000000408
Event: 9.147 Thread 0x000002839de18080 Uncommon trap: reason=class_check action=maybe_recompile pc=0x000002838e07bee8 method=java.util.regex.Pattern$Slice.match(Ljava/util/regex/Matcher;ILjava/lang/CharSequence;)Z @ 75 c2
Event: 9.147 Thread 0x000002839de18080 DEOPT PACKING pc=0x000002838e07bee8 sp=0x00000091649feae0
Event: 9.147 Thread 0x000002839de18080 DEOPT UNPACKING pc=0x00000283864ee42f sp=0x00000091649fe9f8 mode 2
Event: 9.148 Thread 0x000002839de18080 Uncommon trap: trap_request=0xffffffde fr.pc=0x000002838e07bee8 relative=0x0000000000000408
Event: 9.148 Thread 0x000002839de18080 Uncommon trap: reason=class_check action=maybe_recompile pc=0x000002838e07bee8 method=java.util.regex.Pattern$Slice.match(Ljava/util/regex/Matcher;ILjava/lang/CharSequence;)Z @ 75 c2
Event: 9.148 Thread 0x000002839de18080 DEOPT PACKING pc=0x000002838e07bee8 sp=0x00000091649feae0
Event: 9.148 Thread 0x000002839de18080 DEOPT UNPACKING pc=0x00000283864ee42f sp=0x00000091649fe9f8 mode 2
Event: 9.148 Thread 0x000002839de18080 Uncommon trap: trap_request=0xffffffde fr.pc=0x000002838e07bee8 relative=0x0000000000000408
Event: 9.148 Thread 0x000002839de18080 Uncommon trap: reason=class_check action=maybe_recompile pc=0x000002838e07bee8 method=java.util.regex.Pattern$Slice.match(Ljava/util/regex/Matcher;ILjava/lang/CharSequence;)Z @ 75 c2
Event: 9.148 Thread 0x000002839de18080 DEOPT PACKING pc=0x000002838e07bee8 sp=0x00000091649feae0
Event: 9.148 Thread 0x000002839de18080 DEOPT UNPACKING pc=0x00000283864ee42f sp=0x00000091649fe9f8 mode 2
Event: 9.148 Thread 0x000002839de18080 Uncommon trap: trap_request=0xffffffde fr.pc=0x000002838e05f758 relative=0x0000000000000298
Event: 9.148 Thread 0x000002839de18080 Uncommon trap: reason=class_check action=maybe_recompile pc=0x000002838e05f758 method=java.util.regex.Pattern$Slice.match(Ljava/util/regex/Matcher;ILjava/lang/CharSequence;)Z @ 75 c2
Event: 9.149 Thread 0x000002839de18080 DEOPT PACKING pc=0x000002838e05f758 sp=0x00000091649fea40
Event: 9.149 Thread 0x000002839de18080 DEOPT UNPACKING pc=0x00000283864ee42f sp=0x00000091649fe9e0 mode 2
Event: 10.178 Thread 0x000002839de18080 DEOPT PACKING pc=0x0000028386f3d88f sp=0x00000091649fd380
Event: 10.178 Thread 0x000002839de18080 DEOPT UNPACKING pc=0x00000283864ee23f sp=0x00000091649fc868 mode 0
Event: 11.252 Thread 0x000002839de18080 DEOPT PACKING pc=0x0000028386c7bdf3 sp=0x00000091649fd6c0
Event: 11.252 Thread 0x000002839de18080 DEOPT UNPACKING pc=0x00000283864ee23f sp=0x00000091649fcba0 mode 0

Classes unloaded (0 events):
No events

Classes redefined (0 events):
No events

Internal exceptions (19 events):
Event: 0.152 Thread 0x0000028382a81f40 Exception <a 'java/lang/NoSuchMethodError'{0x0000000089c63ad8}: 'void java.lang.invoke.DirectMethodHandle$Holder.invokeSpecial(java.lang.Object, java.lang.Object, java.lang.Object)'> (0x0000000089c63ad8) 
thrown [./open/src/hotspot/share/interpreter/linkResolver.cpp, line 782]
Event: 0.175 Thread 0x0000028382a81f40 Exception <a 'java/lang/ClassNotFoundException'{0x0000000089c85108}: sun/awt/resources/spi/awtProvider> (0x0000000089c85108) 
thrown [./open/src/hotspot/share/classfile/systemDictionary.cpp, line 295]
Event: 0.205 Thread 0x0000028382a81f40 Exception <a 'java/io/FileNotFoundException'{0x0000000089ce11c0}> (0x0000000089ce11c0) 
thrown [./open/src/hotspot/share/prims/jni.cpp, line 578]
Event: 0.212 Thread 0x0000028382a81f40 Exception <a 'java/io/FileNotFoundException'{0x0000000089b101a0}> (0x0000000089b101a0) 
thrown [./open/src/hotspot/share/prims/jni.cpp, line 578]
Event: 0.212 Thread 0x0000028382a81f40 Exception <a 'java/lang/NoSuchMethodError'{0x0000000089b114d8}: 'java.lang.Object java.lang.invoke.DirectMethodHandle$Holder.invokeStatic(java.lang.Object)'> (0x0000000089b114d8) 
thrown [./open/src/hotspot/share/interpreter/linkResolver.cpp, line 782]
Event: 0.256 Thread 0x0000028382a81f40 Exception <a 'java/lang/NoSuchMethodError'{0x0000000089b5b018}: 'java.lang.Object java.lang.invoke.DirectMethodHandle$Holder.invokeStaticInit(java.lang.Object)'> (0x0000000089b5b018) 
thrown [./open/src/hotspot/share/interpreter/linkResolver.cpp, line 782]
Event: 0.307 Thread 0x0000028382a81f40 Exception <a 'java/lang/NoSuchMethodError'{0x0000000089a434d0}: 'java.lang.Object java.lang.invoke.DirectMethodHandle$Holder.newInvokeSpecial(java.lang.Object, java.lang.Object, java.lang.Object, java.lang.Object, java.lang.Object)'> (0x0000000089a434d0) 
thrown [./open/src/hotspot/share/interpreter/linkResolver.cpp, line 782]
Event: 0.309 Thread 0x0000028382a81f40 Exception <a 'java/lang/NoSuchMethodError'{0x0000000089a4ef60}: 'java.lang.Object java.lang.invoke.DirectMethodHandle$Holder.invokeStatic(java.lang.Object, int, java.lang.Object, java.lang.Object, java.lang.Object, java.lang.Object)'> (0x0000000089a4ef60) 
thrown [./open/src/hotspot/share/interpreter/linkResolver.cpp, line 782]
Event: 0.312 Thread 0x0000028382a81f40 Exception <a 'java/lang/NoSuchMethodError'{0x0000000089a75208}: 'java.lang.Object java.lang.invoke.DirectMethodHandle$Holder.invokeStatic(java.lang.Object, int, java.lang.Object)'> (0x0000000089a75208) 
thrown [./open/src/hotspot/share/interpreter/linkResolver.cpp, line 782]
Event: 0.330 Thread 0x0000028382a81f40 Exception <a 'java/lang/ClassNotFoundException'{0x000000008992dbb8}: com/sun/swing/internal/plaf/metal/resources/spi/metalProvider> (0x000000008992dbb8) 
thrown [./open/src/hotspot/share/classfile/systemDictionary.cpp, line 295]
Event: 0.331 Thread 0x0000028382a81f40 Exception <a 'java/lang/ClassNotFoundException'{0x0000000089931c40}: com/sun/swing/internal/plaf/basic/resources/spi/basicProvider> (0x0000000089931c40) 
thrown [./open/src/hotspot/share/classfile/systemDictionary.cpp, line 295]
Event: 0.396 Thread 0x0000028382a81f40 Exception <a 'java/lang/NoSuchMethodError'{0x00000000897f26e8}: 'void java.lang.invoke.DirectMethodHandle$Holder.invokeStatic(java.lang.Object, java.lang.Object, java.lang.Object)'> (0x00000000897f26e8) 
thrown [./open/src/hotspot/share/interpreter/linkResolver.cpp, line 782]
Event: 0.397 Thread 0x0000028382a81f40 Exception <a 'java/lang/NoSuchMethodError'{0x00000000897f8e50}: 'void java.lang.invoke.DirectMethodHandle$Holder.invokeStatic(java.lang.Object, java.lang.Object)'> (0x00000000897f8e50) 
thrown [./open/src/hotspot/share/interpreter/linkResolver.cpp, line 782]
Event: 0.405 Thread 0x000002839dda7100 Exception <a 'java/lang/NoSuchMethodError'{0x0000000089685de0}: 'java.lang.Object java.lang.invoke.DirectMethodHandle$Holder.newInvokeSpecial(java.lang.Object, java.lang.Object, java.lang.Object, int, int, int, int, int)'> (0x0000000089685de0) 
thrown [./open/src/hotspot/share/interpreter/linkResolver.cpp, line 782]
Event: 0.679 Thread 0x0000028382a81f40 Exception <a 'java/lang/NoSuchMethodError'{0x0000000089410c98}: 'void java.lang.invoke.DirectMethodHandle$Holder.invokeStaticInit(java.lang.Object)'> (0x0000000089410c98) 
thrown [./open/src/hotspot/share/interpreter/linkResolver.cpp, line 782]
Event: 2.251 Thread 0x00000283a0b5fa60 Implicit null exception at 0x000002838dfb758e to 0x000002838dfb7674
Event: 2.262 Thread 0x000002839de18080 Exception <a 'java/lang/NoSuchMethodError'{0x0000000089d2c3d8}: 'int java.lang.invoke.DirectMethodHandle$Holder.invokeStatic(java.lang.Object)'> (0x0000000089d2c3d8) 
thrown [./open/src/hotspot/share/interpreter/linkResolver.cpp, line 782]
Event: 3.570 Thread 0x000002839de18080 Exception <a 'java/lang/NoSuchMethodError'{0x00000000898541f8}: 'java.lang.Object java.lang.invoke.Invokers$Holder.invokeExact_MT(java.lang.Object, java.lang.Object, java.lang.Object, java.lang.Object, java.lang.Object, java.lang.Object)'> (0x00000000898541f8) 
thrown [./open/src/hotspot/share/interpreter/linkResolver.cpp, line 782]
Event: 4.006 Thread 0x000002839de18080 Exception <a 'java/lang/NoSuchMethodError'{0x00000000896ba7c0}: 'void java.lang.invoke.DirectMethodHandle$Holder.invokeSpecial(java.lang.Object, java.lang.Object, java.lang.Object, java.lang.Object, java.lang.Object)'> (0x00000000896ba7c0) 
thrown [./open/src/hotspot/share/interpreter/linkResolver.cpp, line 782]

Events (20 events):
Event: 6.483 loading class java/awt/GridBagLayoutInfo done
Event: 6.516 loading class javax/swing/plaf/metal/BumpBuffer
Event: 6.516 loading class javax/swing/plaf/metal/BumpBuffer done
Event: 7.954 Executing VM operation: HandshakeAllThreads
Event: 7.954 Executing VM operation: HandshakeAllThreads done
Event: 8.969 Executing VM operation: HandshakeAllThreads
Event: 8.969 Executing VM operation: HandshakeAllThreads done
Event: 9.097 loading class javax/swing/text/GapContent$RemoveUndo
Event: 9.097 loading class javax/swing/text/GapContent$RemoveUndo done
Event: 9.097 loading class javax/swing/text/GapContent$UndoPosRef
Event: 9.097 loading class javax/swing/text/GapContent$UndoPosRef done
Event: 9.975 Executing VM operation: HandshakeAllThreads
Event: 9.975 Executing VM operation: HandshakeAllThreads done
Event: 11.986 Executing VM operation: HandshakeAllThreads
Event: 11.986 Executing VM operation: HandshakeAllThreads done
Event: 14.006 Executing VM operation: HandshakeAllThreads
Event: 14.006 Executing VM operation: HandshakeAllThreads done
Event: 15.011 Executing VM operation: HandshakeAllThreads
Event: 15.011 Executing VM operation: HandshakeAllThreads done
Event: 19.563 Loaded shared library C:\Users\Hiep\.p2\pool\plugins\org.eclipse.justj.openjdk.hotspot.jre.full.win32.x86_64_15.0.2.v20210201-0955\jre\bin\java.dll


Dynamic libraries:
0x00007ff6ec930000 - 0x00007ff6ec93d000 	C:\Users\Hiep\.p2\pool\plugins\org.eclipse.justj.openjdk.hotspot.jre.full.win32.x86_64_15.0.2.v20210201-0955\jre\bin\javaw.exe
0x00007ffb84cd0000 - 0x00007ffb84ec5000 	C:\WINDOWS\SYSTEM32\ntdll.dll
0x00007ffb83f00000 - 0x00007ffb83fbd000 	C:\WINDOWS\System32\KERNEL32.DLL
0x00007ffb82830000 - 0x00007ffb82af8000 	C:\WINDOWS\System32\KERNELBASE.dll
0x00007ffb82650000 - 0x00007ffb82750000 	C:\WINDOWS\System32\ucrtbase.dll
0x00007ffb63510000 - 0x00007ffb63528000 	C:\Users\Hiep\.p2\pool\plugins\org.eclipse.justj.openjdk.hotspot.jre.full.win32.x86_64_15.0.2.v20210201-0955\jre\bin\jli.dll
0x00007ffb65590000 - 0x00007ffb655a9000 	C:\Users\Hiep\.p2\pool\plugins\org.eclipse.justj.openjdk.hotspot.jre.full.win32.x86_64_15.0.2.v20210201-0955\jre\bin\VCRUNTIME140.dll
0x00007ffb84a70000 - 0x00007ffb84c10000 	C:\WINDOWS\System32\USER32.dll
0x00007ffb82d00000 - 0x00007ffb82d22000 	C:\WINDOWS\System32\win32u.dll
0x00007ffb6b080000 - 0x00007ffb6b31a000 	C:\WINDOWS\WinSxS\amd64_microsoft.windows.common-controls_6595b64144ccf1df_6.0.19041.844_none_ca00b6081b84eb1d\COMCTL32.dll
0x00007ffb84520000 - 0x00007ffb845be000 	C:\WINDOWS\System32\msvcrt.dll
0x00007ffb83fc0000 - 0x00007ffb83fea000 	C:\WINDOWS\System32\GDI32.dll
0x00007ffb82510000 - 0x00007ffb8261b000 	C:\WINDOWS\System32\gdi32full.dll
0x00007ffb82c60000 - 0x00007ffb82cfd000 	C:\WINDOWS\System32\msvcp_win.dll
0x00007ffb83410000 - 0x00007ffb83440000 	C:\WINDOWS\System32\IMM32.DLL
0x00007ffb78ef0000 - 0x00007ffb78efc000 	C:\Users\Hiep\.p2\pool\plugins\org.eclipse.justj.openjdk.hotspot.jre.full.win32.x86_64_15.0.2.v20210201-0955\jre\bin\vcruntime140_1.dll
0x00007ffb51620000 - 0x00007ffb516b1000 	C:\Users\Hiep\.p2\pool\plugins\org.eclipse.justj.openjdk.hotspot.jre.full.win32.x86_64_15.0.2.v20210201-0955\jre\bin\msvcp140.dll
0x00007ffb34d70000 - 0x00007ffb358ce000 	C:\Users\Hiep\.p2\pool\plugins\org.eclipse.justj.openjdk.hotspot.jre.full.win32.x86_64_15.0.2.v20210201-0955\jre\bin\server\jvm.dll
0x00007ffb83ff0000 - 0x00007ffb8409c000 	C:\WINDOWS\System32\ADVAPI32.dll
0x00007ffb82e60000 - 0x00007ffb82efb000 	C:\WINDOWS\System32\sechost.dll
0x00007ffb848e0000 - 0x00007ffb84a0b000 	C:\WINDOWS\System32\RPCRT4.dll
0x00007ffb82f90000 - 0x00007ffb82f98000 	C:\WINDOWS\System32\PSAPI.DLL
0x00007ffb670b0000 - 0x00007ffb670b9000 	C:\WINDOWS\SYSTEM32\WSOCK32.dll
0x00007ffb71a30000 - 0x00007ffb71a3a000 	C:\WINDOWS\SYSTEM32\VERSION.dll
0x00007ffb68120000 - 0x00007ffb68147000 	C:\WINDOWS\SYSTEM32\WINMM.dll
0x00007ffb84720000 - 0x00007ffb8478b000 	C:\WINDOWS\System32\WS2_32.dll
0x00007ffb80d30000 - 0x00007ffb80d42000 	C:\WINDOWS\SYSTEM32\kernel.appcore.dll
0x00007ffb78e60000 - 0x00007ffb78e6a000 	C:\Users\Hiep\.p2\pool\plugins\org.eclipse.justj.openjdk.hotspot.jre.full.win32.x86_64_15.0.2.v20210201-0955\jre\bin\jimage.dll
0x00007ffb80a10000 - 0x00007ffb80bf4000 	C:\WINDOWS\SYSTEM32\DBGHELP.DLL
0x00007ffb71a60000 - 0x00007ffb71a8c000 	C:\WINDOWS\SYSTEM32\dbgcore.DLL
0x00007ffb82750000 - 0x00007ffb827d0000 	C:\WINDOWS\System32\bcryptPrimitives.dll
0x00007ffb68f10000 - 0x00007ffb68f35000 	C:\Users\Hiep\.p2\pool\plugins\org.eclipse.justj.openjdk.hotspot.jre.full.win32.x86_64_15.0.2.v20210201-0955\jre\bin\java.dll
0x00007ffb6c1c0000 - 0x00007ffb6c1d8000 	C:\Users\Hiep\.p2\pool\plugins\org.eclipse.justj.openjdk.hotspot.jre.full.win32.x86_64_15.0.2.v20210201-0955\jre\bin\zip.dll
0x00007ffb83450000 - 0x00007ffb83b92000 	C:\WINDOWS\System32\SHELL32.dll
0x00007ffb80260000 - 0x00007ffb809f1000 	C:\WINDOWS\SYSTEM32\windows.storage.dll
0x00007ffb841c0000 - 0x00007ffb84515000 	C:\WINDOWS\System32\combase.dll
0x00007ffb81e80000 - 0x00007ffb81eac000 	C:\WINDOWS\SYSTEM32\Wldp.dll
0x00007ffb84670000 - 0x00007ffb8471e000 	C:\WINDOWS\System32\SHCORE.dll
0x00007ffb84a10000 - 0x00007ffb84a65000 	C:\WINDOWS\System32\shlwapi.dll
0x00007ffb82350000 - 0x00007ffb8236f000 	C:\WINDOWS\SYSTEM32\profapi.dll
0x00007ffb68f60000 - 0x00007ffb68f79000 	C:\Users\Hiep\.p2\pool\plugins\org.eclipse.justj.openjdk.hotspot.jre.full.win32.x86_64_15.0.2.v20210201-0955\jre\bin\net.dll
0x00007ffb76750000 - 0x00007ffb7685b000 	C:\WINDOWS\SYSTEM32\WINHTTP.dll
0x00007ffb81bf0000 - 0x00007ffb81c5a000 	C:\WINDOWS\system32\mswsock.dll
0x00007ffb68c20000 - 0x00007ffb68c32000 	C:\Users\Hiep\.p2\pool\plugins\org.eclipse.justj.openjdk.hotspot.jre.full.win32.x86_64_15.0.2.v20210201-0955\jre\bin\nio.dll
0x00007ffb43260000 - 0x00007ffb433df000 	C:\Users\Hiep\.p2\pool\plugins\org.eclipse.justj.openjdk.hotspot.jre.full.win32.x86_64_15.0.2.v20210201-0955\jre\bin\awt.dll
0x00007ffb83c00000 - 0x00007ffb83ccd000 	C:\WINDOWS\System32\OLEAUT32.dll
0x00007ffb7bbe0000 - 0x00007ffb7bc70000 	C:\WINDOWS\SYSTEM32\apphelp.dll
0x00007ffb7feb0000 - 0x00007ffb7fedf000 	C:\WINDOWS\system32\DWMAPI.DLL
0x00007ffb7bcd0000 - 0x00007ffb7bd6e000 	C:\WINDOWS\system32\uxtheme.dll
0x00007ffb676d0000 - 0x00007ffb677f6000 	C:\WINDOWS\system32\opengl32.dll
0x00007ffb6f090000 - 0x00007ffb6f0bc000 	C:\WINDOWS\SYSTEM32\GLU32.dll
0x00007ffb840a0000 - 0x00007ffb841b5000 	C:\WINDOWS\System32\MSCTF.dll
0x00007ffb82d30000 - 0x00007ffb82e5a000 	C:\WINDOWS\System32\ole32.dll
0x00007ffb63490000 - 0x00007ffb634bd000 	C:\Users\Hiep\.p2\pool\plugins\org.eclipse.justj.openjdk.hotspot.jre.full.win32.x86_64_15.0.2.v20210201-0955\jre\bin\javajpeg.dll
0x00007ffb2a460000 - 0x00007ffb2a510000 	C:\WINDOWS\WinSxS\amd64_microsoft.windows.common-controls_6595b64144ccf1df_5.82.19041.844_none_423537bff6b9828c\comctl32.dll
0x00007ffb475c0000 - 0x00007ffb47645000 	C:\Users\Hiep\.p2\pool\plugins\org.eclipse.justj.openjdk.hotspot.jre.full.win32.x86_64_15.0.2.v20210201-0955\jre\bin\freetype.dll
0x00007ffb44630000 - 0x00007ffb446d9000 	C:\Users\Hiep\.p2\pool\plugins\org.eclipse.justj.openjdk.hotspot.jre.full.win32.x86_64_15.0.2.v20210201-0955\jre\bin\fontmanager.dll
0x00007ffb82410000 - 0x00007ffb8245e000 	C:\WINDOWS\System32\CFGMGR32.dll
0x00007ffb845c0000 - 0x00007ffb84669000 	C:\WINDOWS\System32\clbcatq.dll
0x00007ffb630e0000 - 0x00007ffb630f7000 	C:\WINDOWS\system32\NetworkExplorer.dll
0x00007ffb7c710000 - 0x00007ffb7c807000 	C:\WINDOWS\system32\PROPSYS.dll
0x00007ffb701c0000 - 0x00007ffb701dd000 	C:\WINDOWS\SYSTEM32\MPR.dll
0x00007ffb6c150000 - 0x00007ffb6c15b000 	C:\WINDOWS\System32\drprov.dll
0x00007ffb81200000 - 0x00007ffb8125a000 	C:\WINDOWS\System32\WINSTA.dll
0x00007ffb63100000 - 0x00007ffb63118000 	C:\WINDOWS\System32\ntlanman.dll
0x00007ffb63020000 - 0x00007ffb6303e000 	C:\WINDOWS\System32\davclnt.dll
0x00007ffb65250000 - 0x00007ffb6525d000 	C:\WINDOWS\System32\DAVHLPR.dll
0x00007ffb81640000 - 0x00007ffb81657000 	C:\WINDOWS\System32\wkscli.dll
0x00007ffb66350000 - 0x00007ffb66362000 	C:\WINDOWS\SYSTEM32\cscapi.dll
0x00007ffb819a0000 - 0x00007ffb819ac000 	C:\WINDOWS\System32\netutils.dll
0x00007ffb654c0000 - 0x00007ffb65518000 	C:\Windows\System32\dlnashext.dll
0x00007ffb49830000 - 0x00007ffb49894000 	C:\Windows\System32\PlayToDevice.dll
0x00007ffb7c5f0000 - 0x00007ffb7c610000 	C:\Windows\System32\DevDispItemProvider.dll
0x00007ffb70f80000 - 0x00007ffb71005000 	C:\WINDOWS\System32\MMDevApi.dll
0x00007ffb821c0000 - 0x00007ffb821ec000 	C:\WINDOWS\System32\DEVOBJ.dll
0x00007ffb516c0000 - 0x00007ffb51763000 	C:\WINDOWS\system32\wpdshext.dll
0x00007ffb6a510000 - 0x00007ffb6a6bb000 	C:\WINDOWS\WinSxS\amd64_microsoft.windows.gdiplus_6595b64144ccf1df_1.1.19041.928_none_faefac437613c6cc\gdiplus.dll
0x00007ffb526a0000 - 0x00007ffb52743000 	C:\Windows\System32\PortableDeviceApi.dll
0x00007ffb82fa0000 - 0x00007ffb83409000 	C:\WINDOWS\System32\SETUPAPI.dll
0x00007ffb82620000 - 0x00007ffb82647000 	C:\WINDOWS\System32\bcrypt.dll
0x00007ffb827d0000 - 0x00007ffb82830000 	C:\WINDOWS\System32\WINTRUST.dll
0x00007ffb82b00000 - 0x00007ffb82c5f000 	C:\WINDOWS\System32\CRYPT32.dll
0x00007ffb82000000 - 0x00007ffb82012000 	C:\WINDOWS\System32\MSASN1.dll
0x00007ffb630a0000 - 0x00007ffb630d7000 	C:\Windows\System32\EhStorShell.dll
0x00007ffb6c1e0000 - 0x00007ffb6c206000 	C:\Windows\System32\EhStorAPI.dll
0x00007ffb79b90000 - 0x00007ffb79ba4000 	C:\Windows\System32\WTSAPI32.dll
0x00007ffb71650000 - 0x00007ffb7165d000 	C:\WINDOWS\SYSTEM32\LINKINFO.dll
0x00007ffb775d0000 - 0x00007ffb77784000 	C:\WINDOWS\SYSTEM32\WindowsCodecs.dll
0x00007ffb68de0000 - 0x00007ffb68e1e000 	C:\WINDOWS\system32\dataexchange.dll
0x00007ffb7aa10000 - 0x00007ffb7ac74000 	C:\WINDOWS\system32\d3d11.dll
0x00007ffb7b0e0000 - 0x00007ffb7b2c5000 	C:\WINDOWS\system32\dcomp.dll
0x00007ffb80e70000 - 0x00007ffb80f63000 	C:\WINDOWS\system32\dxgi.dll
0x00007ffb79ed0000 - 0x00007ffb7a0d1000 	C:\WINDOWS\system32\twinapi.appcore.dll
0x00007ffb714c0000 - 0x00007ffb715b9000 	C:\WINDOWS\SYSTEM32\textinputframework.dll
0x00007ffb7b9b0000 - 0x00007ffb7baa2000 	C:\WINDOWS\System32\CoreMessaging.dll
0x00007ffb7b650000 - 0x00007ffb7b9ae000 	C:\WINDOWS\System32\CoreUIComponents.dll
0x00007ffb81150000 - 0x00007ffb81183000 	C:\WINDOWS\SYSTEM32\ntmarta.dll
0x00007ffb7c040000 - 0x00007ffb7c194000 	C:\WINDOWS\SYSTEM32\wintypes.dll
0x00007ffb781d0000 - 0x00007ffb781e0000 	C:\Users\Hiep\.p2\pool\plugins\org.eclipse.justj.openjdk.hotspot.jre.full.win32.x86_64_15.0.2.v20210201-0955\jre\bin\verify.dll

dbghelp: loaded successfully - version: 4.0.5 - missing functions: none
symbol engine: initialized successfully - sym options: 0x614 - pdb path: .;C:\Users\Hiep\.p2\pool\plugins\org.eclipse.justj.openjdk.hotspot.jre.full.win32.x86_64_15.0.2.v20210201-0955\jre\bin;C:\WINDOWS\SYSTEM32;C:\WINDOWS\WinSxS\amd64_microsoft.windows.common-controls_6595b64144ccf1df_6.0.19041.844_none_ca00b6081b84eb1d;C:\Users\Hiep\.p2\pool\plugins\org.eclipse.justj.openjdk.hotspot.jre.full.win32.x86_64_15.0.2.v20210201-0955\jre\bin\server;C:\WINDOWS\WinSxS\amd64_microsoft.windows.common-controls_6595b64144ccf1df_5.82.19041.844_none_423537bff6b9828c;C:\WINDOWS\WinSxS\amd64_microsoft.windows.gdiplus_6595b64144ccf1df_1.1.19041.928_none_faefac437613c6cc

VM Arguments:
jvm_args: -Dfile.encoding=UTF-8 -XX:+ShowCodeDetailsInExceptionMessages 
java_command: project.original_project
java_class_path (initial): D:\TTH\app code\Visual Studio\Java\Java_Eclipse\project_oopt\project\bin;C:\Users\Hiep\.m2\repository\org\graphstream\gs-core\2.0\gs-core-2.0.jar;C:\Users\Hiep\.m2\repository\org\graphstream\pherd\1.0\pherd-1.0.jar;C:\Users\Hiep\.m2\repository\org\graphstream\mbox2\1.0\mbox2-1.0.jar
Launcher Type: SUN_STANDARD

[Global flags]
     intx CICompilerCount                          = 4                                         {product} {ergonomic}
     uint ConcGCThreads                            = 2                                         {product} {ergonomic}
     uint G1ConcRefinementThreads                  = 8                                         {product} {ergonomic}
   size_t G1HeapRegionSize                         = 1048576                                   {product} {ergonomic}
    uintx GCDrainStackTargetSize                   = 64                                        {product} {ergonomic}
   size_t InitialHeapSize                          = 134217728                                 {product} {ergonomic}
   size_t MarkStackSize                            = 4194304                                   {product} {ergonomic}
   size_t MaxHeapSize                              = 2116026368                                {product} {ergonomic}
   size_t MaxNewSize                               = 1268776960                                {product} {ergonomic}
   size_t MinHeapDeltaBytes                        = 1048576                                   {product} {ergonomic}
   size_t MinHeapSize                              = 8388608                                   {product} {ergonomic}
    uintx NonNMethodCodeHeapSize                   = 5839372                                {pd product} {ergonomic}
    uintx NonProfiledCodeHeapSize                  = 122909434                              {pd product} {ergonomic}
    uintx ProfiledCodeHeapSize                     = 122909434                              {pd product} {ergonomic}
    uintx ReservedCodeCacheSize                    = 251658240                              {pd product} {ergonomic}
     bool SegmentedCodeCache                       = true                                      {product} {ergonomic}
     bool ShowCodeDetailsInExceptionMessages       = true                                   {manageable} {command line}
   size_t SoftMaxHeapSize                          = 2116026368                             {manageable} {ergonomic}
     bool UseCompressedClassPointers               = true                                 {lp64_product} {ergonomic}
     bool UseCompressedOops                        = true                                 {lp64_product} {ergonomic}
     bool UseG1GC                                  = true                                      {product} {ergonomic}
     bool UseLargePagesIndividualAllocation        = false                                  {pd product} {ergonomic}

Logging:
Log output configuration:
 #0: stdout all=warning uptime,level,tags
 #1: stderr all=off uptime,level,tags

Environment Variables:
JAVA_HOME=C:\Program Files\Java\jdk-14\bin
PATH=C:/Users/Hiep/.p2/pool/plugins/org.eclipse.justj.openjdk.hotspot.jre.full.win32.x86_64_15.0.2.v20210201-0955/jre/bin/server;C:/Users/Hiep/.p2/pool/plugins/org.eclipse.justj.openjdk.hotspot.jre.full.win32.x86_64_15.0.2.v20210201-0955/jre/bin;C:\Program Files\Common Files\Oracle\Java\javapath;C:\Program Files\AdoptOpenJDK\jdk-11.0.10.9-hotspot;C:\Program Files (x86)\VMware\VMware Workstation\bin\;C:\ProgramData\Anaconda3;C:\ProgramData\Anaconda3\Library\mingw-w64\bin;C:\ProgramData\Anaconda3\Library\usr\bin;C:\ProgramData\Anaconda3\Library\bin;C:\ProgramData\Anaconda3\Scripts;C:\Program Files\Java\jdk-14\bin;C:\Program Files\Calibre2\;C:\Program Files\Microsoft Network Monitor 3\;C:\Program Files\mingw-w64\x86_64-8.1.0-posix-seh-rt_v6-rev0\mingw64\bin;C:\WINDOWS\system32\WindowsPowerShell\v1.0\powershell.exe;D:\Git\cmd;C:\Program Files\AdoptOpenJDK\jdk-11.0.10.9-hotspot\bin;;C:\WINDOWS\system32;C:\WINDOWS;C:\WINDOWS\System32\Wbem;C:\WINDOWS\System32\WindowsPowerShell\v1.0\;C:\WINDOWS\System32\OpenSSH\;C:\Users\Hiep\AppData\Local\Programs\Python\Python38-32\Scripts\;C:\Users\Hiep\AppData\Local\Programs\Python\Python38-32\;C:\Users\Hiep\AppData\Local\Microsoft\WindowsApps;C:\Users\Hiep\AppData\Local\Programs\Microsoft VS Code\bin;C:\Program Files (x86)\CodeBlocks\MinGW\bin;C:\Program Files\JetBrains\PyCharm 2020.2.3\bin;;;C:\Users\Hiep;
USERNAME=Hiep
OS=Windows_NT
PROCESSOR_IDENTIFIER=Intel64 Family 6 Model 142 Stepping 12, GenuineIntel



---------------  S Y S T E M  ---------------

OS:
 Windows 10 , 64 bit Build 19041 (10.0.19041.928)
OS uptime: 2 days 0:28 hours

CPU: total 8 (initial active 8) (4 cores per cpu, 2 threads per core) family 6 model 142 stepping 12 microcode 0xca, cmov, cx8, fxsr, mmx, sse, sse2, sse3, ssse3, sse4.1, sse4.2, popcnt, vzeroupper, avx, avx2, aes, clmul, erms, 3dnowpref, lzcnt, ht, tsc, tscinvbit, bmi1, bmi2, adx, fma, clflush, clflushopt

Memory: 4k page, system-wide physical 8068M (551M free)
TotalPageFile size 21492M (AvailPageFile size 0M)
current process WorkingSet (physical memory assigned to process): 154M, peak: 170M
current process commit charge ("private bytes"): 200M, peak: 275M

vm_info: OpenJDK 64-Bit Server VM (15.0.2+7-27) for windows-amd64 JRE (15.0.2+7-27), built on Dec  7 2020 20:02:38 by "mach5one" with unknown MS VC++:1925

END.
