JvmtiExport can_access_local_variables 0
JvmtiExport can_hotswap_or_post_breakpoint 0
JvmtiExport can_post_on_exceptions 0
# 124 ciObject found
instanceKlass javax/swing/text/GapContent$UndoPosRef
instanceKlass project/original_project$8$1
instanceKlass javax/swing/plaf/metal/BumpBuffer
instanceKlass java/awt/GridBagLayoutInfo
instanceKlass project/original_project$13
instanceKlass project/original_project$12
instanceKlass project/original_project$11
instanceKlass project/original_project$9
instanceKlass project/original_project$8
instanceKlass javax/swing/plaf/basic/BasicSplitPaneDivider$OneTouchActionHandler
instanceKlass javax/swing/plaf/basic/BasicSplitPaneUI$Handler
instanceKlass javax/swing/plaf/basic/BasicSplitPaneUI$BasicHorizontalLayoutManager
instanceKlass javax/swing/plaf/basic/BasicBorders$SplitPaneDividerBorder
instanceKlass javax/swing/plaf/basic/BasicSplitPaneDivider$DividerLayout
instanceKlass javax/swing/plaf/basic/BasicBorders$SplitPaneBorder
instanceKlass javax/swing/plaf/basic/BasicBorders
instanceKlass java/awt/GridBagConstraints
instanceKlass java/awt/GridBagLayout
instanceKlass java/awt/geom/EllipseIterator
instanceKlass sun/font/StandardGlyphVector$GlyphStrike
instanceKlass sun/font/DelegatingShape
instanceKlass java/awt/font/TextLine$TextLineMetrics
instanceKlass java/awt/font/GlyphVector
instanceKlass sun/font/SunLayoutEngine$$Lambda$172+0x0000000100253498
instanceKlass sun/font/SunLayoutEngine$FaceRef
instanceKlass sun/font/GlyphLayout$LayoutEngineKey
instanceKlass sun/font/GlyphLayout$EngineRecord
instanceKlass sun/font/ScriptRunData
instanceKlass sun/font/FontSubstitution
instanceKlass sun/font/GlyphLayout$SDCache$SDKey
instanceKlass sun/font/GlyphLayout$SDCache
instanceKlass sun/font/FontRunIterator
instanceKlass sun/font/ScriptRun
instanceKlass sun/font/TextRecord
instanceKlass sun/font/GlyphLayout$GVData
instanceKlass sun/font/SunLayoutEngine
instanceKlass sun/font/GlyphLayout$LayoutEngineFactory
instanceKlass sun/font/GlyphLayout$LayoutEngine
instanceKlass sun/font/GlyphLayout
instanceKlass sun/font/AttributeValues$1
instanceKlass sun/font/TextLabel
instanceKlass sun/font/Decoration$Label
instanceKlass sun/font/TextSource
instanceKlass sun/font/TextLineComponent
instanceKlass sun/font/TextLabelFactory
instanceKlass sun/font/Decoration
instanceKlass jdk/internal/icu/impl/Trie2$UTrie2Header
instanceKlass jdk/internal/icu/impl/Trie2$1
instanceKlass jdk/internal/icu/impl/Trie2$ValueMapper
instanceKlass jdk/internal/icu/impl/Trie2
instanceKlass jdk/internal/icu/impl/UBiDiProps$IsAcceptable
instanceKlass jdk/internal/icu/impl/ICUBinary$Authenticate
instanceKlass jdk/internal/icu/impl/ICUBinary$1
instanceKlass jdk/internal/icu/impl/ICUBinary
instanceKlass jdk/internal/icu/impl/UBiDiProps
instanceKlass jdk/internal/icu/lang/UCharacter
instanceKlass jdk/internal/icu/text/BidiBase$ImpTabPair
instanceKlass jdk/internal/icu/text/BidiBase
instanceKlass java/text/Bidi
instanceKlass java/awt/font/TextLine$Function
instanceKlass java/awt/font/TextLine
instanceKlass java/awt/font/LineMetrics
instanceKlass sun/font/CoreMetrics
instanceKlass java/awt/font/TextLayout$CaretPolicy
instanceKlass java/awt/font/TextLayout
instanceKlass org/graphstream/ui/view/camera/AreaSkeleton
instanceKlass org/graphstream/ui/swing/util/AttributeUtils$Tuple
instanceKlass org/graphstream/ui/swing/util/CubicCurve
instanceKlass java/awt/geom/CubicIterator
instanceKlass sun/java2d/marlin/ArrayCacheConst
instanceKlass sun/java2d/marlin/DHelpers
instanceKlass sun/java2d/marlin/DDasher$LengthIterator
instanceKlass sun/java2d/marlin/DDasher
instanceKlass sun/java2d/marlin/DStroker
instanceKlass sun/java2d/marlin/Renderer
instanceKlass sun/java2d/marlin/MarlinTileGenerator
instanceKlass sun/java2d/pipe/AATileGenerator
instanceKlass sun/java2d/marlin/DRenderer
instanceKlass sun/java2d/marlin/MarlinRenderer
instanceKlass sun/java2d/marlin/OffHeapArray$$Lambda$171+0x0000000100240cb0
instanceKlass sun/java2d/marlin/OffHeapArray
instanceKlass sun/java2d/marlin/MarlinCache
instanceKlass sun/java2d/marlin/IntArrayCache$Reference
instanceKlass sun/java2d/marlin/DHelpers$IndexStack
instanceKlass sun/java2d/marlin/DTransformingPathConsumer2D$PathClipFilter
instanceKlass sun/java2d/marlin/ByteArrayCache$Reference
instanceKlass sun/java2d/marlin/DoubleArrayCache$Reference
instanceKlass sun/java2d/marlin/DHelpers$PolyStack
instanceKlass sun/java2d/marlin/DTransformingPathConsumer2D$ClosedPathDetector
instanceKlass sun/java2d/marlin/DTransformingPathConsumer2D$PathTracer
instanceKlass sun/java2d/marlin/DTransformingPathConsumer2D$DeltaTransformFilter
instanceKlass sun/java2d/marlin/DTransformingPathConsumer2D$DeltaScaleFilter
instanceKlass sun/java2d/marlin/DTransformingPathConsumer2D$Path2DWrapper
instanceKlass sun/java2d/marlin/DTransformingPathConsumer2D
instanceKlass sun/java2d/marlin/DTransformingPathConsumer2D$CurveClipSplitter
instanceKlass sun/java2d/marlin/DTransformingPathConsumer2D$CurveBasicMonotonizer
instanceKlass sun/java2d/marlin/DMarlinRenderingEngine$NormalizingPathIterator
instanceKlass sun/java2d/marlin/DRendererContext$PathConsumer2DAdapter
instanceKlass sun/java2d/marlin/ByteArrayCache
instanceKlass sun/java2d/marlin/DoubleArrayCache
instanceKlass sun/java2d/marlin/IntArrayCache
instanceKlass sun/java2d/marlin/DPathSimplifier
instanceKlass sun/java2d/marlin/DCollinearSimplifier
instanceKlass sun/java2d/marlin/DPathConsumer2D
instanceKlass sun/java2d/marlin/DCurve
instanceKlass sun/java2d/marlin/IRendererContext
instanceKlass sun/java2d/ReentrantContext
instanceKlass org/graphstream/ui/swing/util/ShapeUtil
instanceKlass org/graphstream/ui/swing/util/FontSlot
instanceKlass org/graphstream/ui/swing/util/FontCache
instanceKlass org/graphstream/ui/swing/renderer/shape/swing/TextBox
instanceKlass org/graphstream/ui/swing/util/EdgePoints
instanceKlass org/graphstream/ui/graphicGraph/StyleGroup$BulkIterator
instanceKlass org/graphstream/ui/swing/renderer/StyleRenderer$$Lambda$170+0x000000010023cb08
instanceKlass org/graphstream/ui/swing/renderer/shape/swing/ShapePaint$ShapeColorPaint
instanceKlass org/graphstream/ui/swing/renderer/shape/swing/ShapePaint
instanceKlass org/graphstream/ui/swing/renderer/shape/swing/ShapeStroke
instanceKlass org/graphstream/ui/swing/renderer/shape/swing/CenteredShapeDecor$$Lambda$169+0x000000010023b830
instanceKlass org/graphstream/ui/swing/renderer/shape/swing/IconAndText
instanceKlass org/graphstream/ui/swing/renderer/shape/swing/FunctionIn
instanceKlass org/graphstream/ui/swing/renderer/shape/swing/ShapeDecor
instanceKlass org/graphstream/ui/swing/renderer/shape/swing/shapePart/Shadowable
instanceKlass org/graphstream/ui/swing/renderer/shape/swing/shapePart/Fillable
instanceKlass org/graphstream/ui/swing/renderer/shape/swing/Area
instanceKlass java/awt/geom/CubicCurve2D
instanceKlass java/awt/geom/Line2D
instanceKlass org/graphstream/ui/swing/renderer/shape/swing/shapePart/ShadowableLine
instanceKlass org/graphstream/ui/swing/renderer/shape/swing/shapePart/Strokable
instanceKlass org/graphstream/ui/swing/renderer/shape/swing/shapePart/FillableLine
instanceKlass org/graphstream/ui/swing/renderer/shape/HasSkel
instanceKlass org/graphstream/ui/swing/renderer/StyleRenderer$$Lambda$168+0x0000000100237170
instanceKlass org/graphstream/ui/swing/renderer/StyleRenderer$$Lambda$167+0x0000000100236f50
instanceKlass java/lang/invoke/LambdaForm$DMH+0x00000001001ce840
instanceKlass org/graphstream/ui/swing/renderer/FunctionInVoid
instanceKlass org/graphstream/ui/view/camera/ConnectorSkeleton
instanceKlass org/graphstream/ui/swing/util/AttributeUtils
instanceKlass org/graphstream/ui/swing/renderer/Skeleton
instanceKlass org/graphstream/ui/view/camera/Skeleton
instanceKlass org/graphstream/ui/swing/renderer/StyleRenderer
instanceKlass org/graphstream/ui/graphicGraph/GraphPosLengthUtils
instanceKlass org/graphstream/ui/layout/springbox/EdgeSpring
instanceKlass org/graphstream/ui/graphicGraph/GraphicEdge$EdgeGroup
instanceKlass org/miv/pherd/ntree/NTree$1
instanceKlass jdk/internal/math/FloatingDecimal$ASCIIToBinaryBuffer
instanceKlass jdk/internal/math/FloatingDecimal$PreparedASCIIToBinaryBuffer
instanceKlass jdk/internal/math/FloatingDecimal$ASCIIToBinaryConverter
instanceKlass jdk/internal/math/FloatingDecimal$BinaryToASCIIBuffer
instanceKlass jdk/internal/math/FloatingDecimal$ExceptionalBinaryToASCIIBuffer
instanceKlass jdk/internal/math/FloatingDecimal$BinaryToASCIIConverter
instanceKlass jdk/internal/math/FloatingDecimal
instanceKlass org/graphstream/util/parser/Token
instanceKlass org/graphstream/ui/graphicGraph/stylesheet/parser/StyleSheetParserTokenManager
instanceKlass org/graphstream/ui/geom/Vector2
instanceKlass org/graphstream/util/parser/SimpleCharStream
instanceKlass org/graphstream/ui/graphicGraph/stylesheet/parser/StyleSheetParser
instanceKlass org/graphstream/ui/graphicGraph/stylesheet/parser/StyleSheetParserConstants
instanceKlass org/graphstream/ui/swing/renderer/SelectionRenderer
instanceKlass org/graphstream/ui/swing/SwingGraphRenderer$$Lambda$166+0x00000001002335b0
instanceKlass org/graphstream/ui/graphicGraph/StyleGroupSet$ZIndex$ZIndexIterator
instanceKlass org/graphstream/ui/swing/SwingGraphRenderer$$Lambda$165+0x0000000100233118
instanceKlass org/graphstream/ui/swing/SwingGraphRenderer$$Lambda$164+0x0000000100232ee8
instanceKlass org/graphstream/ui/swing/util/ColorManager
instanceKlass org/graphstream/ui/swing/renderer/GraphBackgroundRenderer
instanceKlass org/graphstream/ui/graphicGraph/GraphicGraph$$Lambda$163+0x0000000100232898
instanceKlass org/graphstream/ui/graphicGraph/StyleGroupSet$$Lambda$162+0x0000000100232658
instanceKlass org/graphstream/ui/graphicGraph/GraphicGraph$$Lambda$161+0x0000000100232428
instanceKlass project/original_project$6
instanceKlass project/original_project$5
instanceKlass project/original_project$4
instanceKlass project/original_project$3
instanceKlass project/original_project$19
instanceKlass org/miv/pherd/geom/Vector2
instanceKlass org/graphstream/ui/view/util/GraphMetrics
instanceKlass org/graphstream/ui/view/camera/DefaultCamera2D
instanceKlass org/graphstream/ui/swing/renderer/shape/Shape
instanceKlass org/graphstream/ui/swing/BackendJ2D
instanceKlass org/graphstream/ui/swing_viewer/util/DefaultShortcutManager
instanceKlass org/graphstream/ui/swing_viewer/util/DefaultMouseManager
instanceKlass org/graphstream/ui/view/LayerRenderer
instanceKlass java/util/stream/ReduceOps$Box
instanceKlass java/util/stream/ReduceOps$AccumulatingSink
instanceKlass java/util/stream/ReduceOps$ReduceOp
instanceKlass java/util/stream/ReduceOps
instanceKlass java/util/stream/Collectors$$Lambda$160+0x00000001002286a0
instanceKlass java/util/stream/Collectors$$Lambda$159+0x0000000100228460
instanceKlass java/util/function/BinaryOperator
instanceKlass java/util/stream/Collectors$$Lambda$158+0x0000000100228040
instanceKlass java/util/function/BiConsumer
instanceKlass java/util/stream/Collectors$$Lambda$157+0x00000001002179d8
instanceKlass java/util/StringJoiner
instanceKlass java/util/stream/Collectors$CollectorImpl
instanceKlass java/util/stream/Collector
instanceKlass java/util/stream/Collectors
instanceKlass java/lang/Class$$Lambda$156+0x0000000100216288
instanceKlass java/awt/Component$3
instanceKlass org/graphstream/ui/view/util/ShortcutManager
instanceKlass org/graphstream/ui/view/util/MouseManager
instanceKlass org/graphstream/ui/swing/util/Selection
instanceKlass org/graphstream/ui/graphicGraph/GraphicElement$SwingElementRenderer
instanceKlass org/graphstream/ui/view/camera/Camera
instanceKlass org/graphstream/ui/swing/Backend
instanceKlass org/graphstream/ui/view/camera/Backend
instanceKlass org/graphstream/ui/swing/SwingGraphRenderer
instanceKlass org/graphstream/ui/graphicGraph/GraphicGraph$$Lambda$155+0x0000000100224c88
instanceKlass org/graphstream/ui/graphicGraph/StyleGroupSet$$Lambda$154+0x0000000100224a48
instanceKlass java/util/stream/ForEachOps$ForEachOp
instanceKlass java/util/stream/ForEachOps
instanceKlass org/graphstream/ui/graphicGraph/GraphicGraph$$Lambda$153+0x0000000100224818
instanceKlass org/graphstream/ui/graphicGraph/StyleGroupSet$$Lambda$152+0x00000001002245d8
instanceKlass java/util/TreeMap$EntrySpliterator$$Lambda$151+0x0000000100215520
instanceKlass java/lang/invoke/LambdaForm$MH+0x00000001001cf440
instanceKlass java/util/TreeMap$TreeMapSpliterator
instanceKlass org/graphstream/ui/graphicGraph/GraphicGraph$$Lambda$150+0x00000001002243a8
instanceKlass org/miv/pherd/ntree/Cell
instanceKlass org/miv/pherd/ntree/NTree
instanceKlass org/miv/pherd/ntree/BarycenterCellData
instanceKlass org/miv/pherd/ParticleBox
instanceKlass org/miv/pherd/geom/Point2
instanceKlass org/graphstream/ui/layout/springbox/Energies
instanceKlass org/miv/pherd/Particle
instanceKlass org/miv/pherd/ntree/CellData
instanceKlass org/miv/pherd/ntree/CellSpace
instanceKlass org/miv/pherd/ParticleBoxListener
instanceKlass org/graphstream/ui/layout/Layout
instanceKlass org/graphstream/ui/layout/Layouts
instanceKlass org/graphstream/ui/graphicGraph/StyleGroup$BulkElements
instanceKlass org/graphstream/ui/graphicGraph/StyleGroupSet$ShadowSet
instanceKlass org/graphstream/ui/graphicGraph/StyleGroupSet$ZIndex
instanceKlass org/graphstream/ui/graphicGraph/StyleGroupSet$EventSet
instanceKlass org/graphstream/ui/graphicGraph/StyleGroupSet$GraphSet
instanceKlass org/graphstream/ui/graphicGraph/StyleGroupSet$SpriteSet
instanceKlass org/graphstream/ui/graphicGraph/StyleGroupSet$EdgeSet
instanceKlass org/graphstream/ui/graphicGraph/StyleGroupSet$NodeSet
instanceKlass org/graphstream/ui/graphicGraph/StyleGroupSet
instanceKlass org/graphstream/ui/graphicGraph/stylesheet/StyleSheetListener
instanceKlass org/graphstream/ui/graphicGraph/stylesheet/Values
instanceKlass org/graphstream/ui/graphicGraph/stylesheet/Color
instanceKlass sun/net/www/MessageHeader
instanceKlass sun/net/www/protocol/jar/JarFileFactory
instanceKlass sun/net/www/protocol/jar/URLJarFile$URLJarFileCloseController
instanceKlass java/net/URLConnection
instanceKlass java/util/regex/Pattern$$Lambda$149+0x0000000100212b70
instanceKlass java/util/regex/CharPredicates$$Lambda$148+0x00000001002124a0
instanceKlass java/util/regex/CharPredicates$$Lambda$147+0x0000000100212220
instanceKlass java/util/regex/CharPredicates$$Lambda$146+0x0000000100211fa0
instanceKlass org/graphstream/ui/graphicGraph/stylesheet/StyleConstants
instanceKlass org/graphstream/ui/graphicGraph/stylesheet/Selector
instanceKlass org/graphstream/ui/graphicGraph/stylesheet/Rule
instanceKlass org/graphstream/ui/graphicGraph/stylesheet/StyleSheet$NameSpace
instanceKlass org/graphstream/ui/graphicGraph/stylesheet/StyleSheet
instanceKlass org/graphstream/ui/geom/Point2
instanceKlass org/graphstream/ui/graphicGraph/StyleGroupListener
instanceKlass org/graphstream/graph/implementations/AbstractGraph$GraphReplayController$$Lambda$145+0x00000001001fdb40
instanceKlass org/graphstream/graph/implementations/AbstractGraph$GraphReplayController$$Lambda$144+0x00000001001fd910
instanceKlass java/lang/invoke/LambdaForm$DMH+0x00000001001cf040
instanceKlass org/graphstream/graph/implementations/AbstractGraph$GraphReplayController$$Lambda$143+0x00000001001fd2b0
instanceKlass java/util/HashMap$HashMapSpliterator
instanceKlass java/util/Formattable
instanceKlass java/util/Formatter$Conversion
instanceKlass java/util/Formatter$Flags
instanceKlass java/util/Formatter$FormatSpecifier
instanceKlass java/util/Formatter$FixedString
instanceKlass java/util/Formatter$FormatString
instanceKlass java/util/regex/ASCII
instanceKlass java/util/regex/IntHashSet
instanceKlass java/util/regex/Matcher
instanceKlass java/util/regex/MatchResult
instanceKlass java/util/Locale$1
instanceKlass java/util/regex/Pattern$TreeInfo
instanceKlass java/util/regex/Pattern$BmpCharPredicate$$Lambda$142+0x000000010020e628
instanceKlass java/util/regex/Pattern$$Lambda$141+0x000000010020e008
instanceKlass java/util/regex/Pattern$BitClass
instanceKlass java/util/regex/CharPredicates$$Lambda$140+0x000000010020cc20
instanceKlass java/util/regex/CharPredicates
instanceKlass java/util/regex/Pattern$$Lambda$139+0x000000010020bf18
instanceKlass java/util/regex/Pattern$BmpCharPredicate
instanceKlass java/util/regex/Pattern$CharPredicate
instanceKlass java/util/regex/Pattern$Node
instanceKlass java/util/regex/Pattern
instanceKlass java/util/Formatter
instanceKlass java/util/Random
instanceKlass java/lang/Math$RandomNumberGeneratorHolder
instanceKlass java/util/logging/Logger$SystemLoggerHelper$1
instanceKlass java/util/logging/Logger$SystemLoggerHelper
instanceKlass java/util/logging/LogManager$4
instanceKlass jdk/internal/logger/DefaultLoggerFinder$1
instanceKlass jdk/internal/logger/BootstrapLogger$BootstrapExecutors
instanceKlass java/io/FilePermission$1
instanceKlass jdk/internal/access/JavaIOFilePermissionAccess
instanceKlass jdk/internal/logger/LoggerFinderLoader
instanceKlass java/lang/System$LoggerFinder$$Lambda$138+0x00000001002091c8
instanceKlass java/util/stream/Streams
instanceKlass java/util/stream/Streams$AbstractStreamBuilderImpl
instanceKlass java/util/stream/Stream$Builder
instanceKlass java/util/stream/Sink$ChainedReference
instanceKlass java/util/stream/FindOps$FindSink$OfRef$$Lambda$137+0x0000000100207cb8
instanceKlass java/util/stream/FindOps$FindSink$OfRef$$Lambda$136+0x0000000100207a70
instanceKlass java/util/stream/FindOps$FindSink$OfRef$$Lambda$135+0x0000000100207858
instanceKlass java/util/stream/FindOps$FindSink$OfRef$$Lambda$134+0x0000000100207610
instanceKlass java/util/stream/FindOps$FindOp
instanceKlass java/util/stream/TerminalOp
instanceKlass java/util/stream/FindOps$FindSink
instanceKlass java/util/stream/TerminalSink
instanceKlass java/util/stream/Sink
instanceKlass java/util/stream/FindOps
instanceKlass java/util/logging/Level$KnownLevel$$Lambda$133+0x0000000100205b40
instanceKlass java/util/ArrayList$ArrayListSpliterator
instanceKlass java/util/logging/Level$$Lambda$132+0x0000000100204900
instanceKlass java/util/concurrent/ConcurrentHashMap$MapEntry
instanceKlass java/util/Properties$EntrySet
instanceKlass java/util/logging/LogManager$LoggerContext$1
instanceKlass java/util/logging/LogManager$VisitedLoggers
instanceKlass java/util/function/Predicate
instanceKlass java/util/logging/LogManager$2
instanceKlass java/util/logging/LogManager$LoggingProviderAccess
instanceKlass java/util/logging/LogManager$LogNode
instanceKlass java/util/logging/LogManager$LoggerContext
instanceKlass java/util/logging/LogManager$1
instanceKlass java/util/logging/LogManager
instanceKlass java/util/logging/Logger$ConfigurationData
instanceKlass java/util/logging/Logger$LoggerBundle
instanceKlass java/util/logging/Level$KnownLevel$$Lambda$131+0x0000000100200f20
instanceKlass java/util/logging/Level$KnownLevel$$Lambda$130+0x0000000100200ce8
instanceKlass java/util/logging/Level
instanceKlass java/util/logging/Handler
instanceKlass java/util/logging/Logger
instanceKlass org/graphstream/ui/view/GraphRenderer
instanceKlass org/graphstream/stream/ProxyPipe
instanceKlass org/graphstream/ui/view/Viewer
instanceKlass org/graphstream/stream/file/FileSinkImages
instanceKlass org/graphstream/stream/file/FileSink
instanceKlass org/graphstream/stream/file/images/Resolution
instanceKlass project/GraphLinkedList
instanceKlass org/graphstream/graph/implementations/SingleNode$TwoEdges
instanceKlass org/graphstream/graph/implementations/SingleGraph$1
instanceKlass org/graphstream/graph/implementations/AdjacencyListGraph$2
instanceKlass org/graphstream/graph/implementations/AdjacencyListGraph$1
instanceKlass org/graphstream/stream/sync/SinkTime
instanceKlass org/graphstream/stream/sync/SourceTime
instanceKlass org/graphstream/stream/SourceBase
instanceKlass org/graphstream/graph/EdgeFactory
instanceKlass org/graphstream/graph/NodeFactory
instanceKlass org/graphstream/stream/Replayable$Controller
instanceKlass org/graphstream/graph/Edge
instanceKlass org/graphstream/graph/Node
instanceKlass org/graphstream/graph/implementations/AbstractElement
instanceKlass org/graphstream/stream/Replayable
instanceKlass java/awt/LightweightDispatcher$2
instanceKlass java/awt/Window$1DisposeAction
instanceKlass sun/awt/SunToolkit$1
instanceKlass java/awt/KeyboardFocusManager$2
instanceKlass javax/swing/event/UndoableEditListener
instanceKlass sun/swing/text/UndoableEditLockSupport
instanceKlass javax/swing/text/DefaultCaret$1
instanceKlass javax/swing/text/AbstractDocument$UndoRedoDocumentEvent
instanceKlass javax/swing/event/DocumentEvent$ElementChange
instanceKlass javax/swing/event/DocumentEvent$EventType
instanceKlass javax/swing/event/DocumentEvent
instanceKlass javax/swing/undo/AbstractUndoableEdit
instanceKlass javax/swing/undo/UndoableEdit
instanceKlass java/awt/geom/RectIterator
instanceKlass javax/swing/Autoscroller
instanceKlass javax/swing/event/CellEditorListener
instanceKlass javax/swing/event/TableColumnModelListener
instanceKlass javax/swing/RepaintManager$3
instanceKlass java/awt/geom/Path2D$Iterator
instanceKlass java/awt/geom/PathIterator
instanceKlass sun/java2d/pipe/ShapeSpanIterator
instanceKlass sun/awt/geom/PathConsumer2D
instanceKlass sun/java2d/pipe/SpanIterator
instanceKlass sun/awt/ModalExclude
instanceKlass java/awt/WaitDispatchSupport$4
instanceKlass java/awt/WaitDispatchSupport$2
instanceKlass java/awt/WaitDispatchSupport$1
instanceKlass java/awt/WaitDispatchSupport$5
instanceKlass java/awt/WaitDispatchSupport
instanceKlass java/awt/SecondaryLoop
instanceKlass java/awt/Dialog$$Lambda$129+0x00000001001eee98
instanceKlass java/lang/invoke/LambdaForm$DMH+0x00000001001cfc40
instanceKlass java/awt/Dialog$$Lambda$128+0x00000001001eec78
instanceKlass java/lang/invoke/LambdaForm$DMH+0x00000001001cf840
instanceKlass java/awt/ModalEventFilter$1
instanceKlass java/awt/peer/FileDialogPeer
instanceKlass sun/awt/util/IdentityLinkedList$ListItr
instanceKlass java/awt/Dialog$1
instanceKlass sun/awt/util/IdentityLinkedList$Entry
instanceKlass java/util/AbstractList$Itr
instanceKlass java/awt/event/WindowAdapter
instanceKlass javax/swing/SizeRequirements
instanceKlass java/awt/peer/DialogPeer
instanceKlass javax/swing/KeyboardManager$ComponentKeyStrokePair
instanceKlass sun/awt/shell/Win32ShellFolder2$FolderDisposer$1
instanceKlass javax/swing/Timer$1
instanceKlass java/time/Duration
instanceKlass java/time/temporal/TemporalAmount
instanceKlass java/time/temporal/TemporalUnit
instanceKlass java/util/concurrent/TimeUnit$1
instanceKlass javax/swing/TimerQueue$DelayedTimer
instanceKlass java/util/concurrent/Delayed
instanceKlass javax/swing/TimerQueue$$Lambda$127+0x00000001001e28e8
instanceKlass javax/swing/TimerQueue
instanceKlass java/text/AttributedString$AttributedStringIterator
instanceKlass java/text/AttributedCharacterIterator
instanceKlass java/text/AttributedString
instanceKlass sun/awt/im/CompositionAreaHandler
instanceKlass javax/swing/text/JTextComponent$InputMethodRequestsHandler
instanceKlass java/awt/KeyboardFocusManager$3
instanceKlass sun/util/locale/InternalLocaleBuilder$CaseInsensitiveChar
instanceKlass sun/util/locale/InternalLocaleBuilder
instanceKlass sun/util/locale/StringTokenIterator
instanceKlass sun/util/locale/ParseStatus
instanceKlass sun/util/locale/LanguageTag
instanceKlass sun/awt/im/InputMethodAdapter
instanceKlass java/awt/im/spi/InputMethod
instanceKlass java/awt/im/spi/InputMethodContext
instanceKlass java/awt/im/InputMethodRequests
instanceKlass java/awt/im/InputContext
instanceKlass java/awt/LightweightDispatcher$1
instanceKlass java/awt/Container$MouseEventTargetFilter
instanceKlass java/awt/Container$EventTargetFilter
instanceKlass jdk/internal/access/foreign/MemorySegmentProxy
instanceKlass sun/font/SunFontManager$10
instanceKlass sun/font/SunFontManager$9
instanceKlass sun/font/SunFontManager$4
instanceKlass sun/font/SunFontManager$FamilyDescription
instanceKlass sun/java2d/loops/FontInfo
instanceKlass java/awt/PrintGraphics
instanceKlass java/awt/print/PrinterGraphics
instanceKlass sun/java2d/pipe/AlphaPaintPipe$TileContext
instanceKlass java/awt/GradientPaintContext
instanceKlass java/awt/PaintContext
instanceKlass java/awt/GradientPaint
instanceKlass sun/swing/ImageCache$Entry
instanceKlass sun/swing/ImageCache
instanceKlass sun/swing/CachedPainter
instanceKlass javax/swing/plaf/metal/MetalUtils
instanceKlass sun/awt/image/BufImgSurfaceData$ICMColorData
instanceKlass sun/java2d/opengl/OGLGraphicsConfig
instanceKlass sun/awt/SunGraphicsCallback
instanceKlass java/lang/StrictMath
instanceKlass sun/java2d/pipe/hw/AccelSurface
instanceKlass javax/swing/RepaintManager$4
instanceKlass java/awt/KeyboardFocusManager$LightweightFocusRequest
instanceKlass java/awt/DefaultKeyboardFocusManager$TypeAheadMarker
instanceKlass java/awt/KeyboardFocusManager$HeavyweightFocusRequest
instanceKlass java/awt/event/MouseEvent$1
instanceKlass sun/awt/AWTAccessor$MouseEventAccessor
instanceKlass sun/awt/KeyboardFocusManagerPeerImpl$KfmAccessor
instanceKlass java/awt/Cursor$CursorDisposer
instanceKlass sun/awt/GlobalCursorManager$NativeUpdater
instanceKlass sun/awt/GlobalCursorManager
instanceKlass javax/swing/RepaintManager$2$1
instanceKlass java/util/LinkedList$ListItr
instanceKlass java/awt/SplashScreen
instanceKlass javax/swing/plaf/basic/BasicGraphicsUtils
instanceKlass javax/swing/text/Utilities
instanceKlass javax/swing/text/SegmentCache
instanceKlass sun/swing/SwingUtilities2$KeyPair
instanceKlass sun/awt/NullComponentPeer
instanceKlass sun/awt/LightweightPeerHolder
instanceKlass java/awt/peer/LightweightPeer
instanceKlass sun/awt/im/ExecutableInputMethodManager$3
instanceKlass sun/awt/im/InputMethodLocator
instanceKlass sun/awt/windows/WInputMethodDescriptor
instanceKlass java/awt/im/spi/InputMethodDescriptor
instanceKlass sun/awt/im/InputMethodManager
instanceKlass java/lang/invoke/LambdaForm$MH+0x00000001001c9040
instanceKlass java/lang/invoke/LambdaForm$MH+0x00000001001c8c40
instanceKlass java/lang/invoke/LambdaForm$MH+0x00000001001c8840
instanceKlass java/lang/invoke/LambdaForm$MH+0x00000001001c8440
instanceKlass java/lang/invoke/LambdaForm$MH+0x00000001001c8040
instanceKlass java/lang/invoke/LambdaForm$MH+0x00000001000c1c40
instanceKlass java/lang/invoke/LambdaForm$MH+0x00000001000c1840
instanceKlass sun/awt/FontConfiguration$2
instanceKlass sun/awt/NativeLibLoader$1
instanceKlass sun/awt/NativeLibLoader
instanceKlass sun/awt/PlatformFont
instanceKlass java/awt/peer/FontPeer
instanceKlass javax/swing/RepaintManager$2
instanceKlass sun/awt/windows/WComponentPeer$2
instanceKlass java/awt/SystemColor$$Lambda$126+0x00000001001c4670
instanceKlass java/lang/invoke/LambdaForm$DMH+0x00000001000c2440
instanceKlass sun/awt/AWTAccessor$SystemColorAccessor
instanceKlass sun/java2d/StateTracker$2
instanceKlass sun/java2d/StateTracker$1
instanceKlass sun/java2d/StateTracker
instanceKlass sun/java2d/SurfaceDataProxy
instanceKlass sun/awt/image/SurfaceManager$FlushableCacheData
instanceKlass sun/java2d/DefaultDisposerRecord
instanceKlass sun/java2d/loops/GraphicsPrimitiveMgr$PrimitiveSpec
instanceKlass sun/java2d/loops/RenderLoops
instanceKlass sun/java2d/windows/GDIRenderer
instanceKlass sun/java2d/loops/GraphicsPrimitiveMgr$2
instanceKlass sun/java2d/loops/GraphicsPrimitiveMgr$1
instanceKlass sun/java2d/loops/GeneralRenderer
instanceKlass sun/java2d/loops/CustomComponent
instanceKlass sun/java2d/pipe/ValidatePipe
instanceKlass java/awt/BasicStroke
instanceKlass java/awt/Stroke
instanceKlass java/awt/AlphaComposite
instanceKlass sun/awt/ConstrainableGraphics
instanceKlass sun/java2d/loops/CompositeType
instanceKlass sun/java2d/loops/GraphicsPrimitiveMgr
instanceKlass sun/java2d/loops/GraphicsPrimitive
instanceKlass sun/java2d/loops/XORComposite
instanceKlass java/awt/Composite
instanceKlass sun/java2d/pipe/hw/AccelGraphicsConfig
instanceKlass sun/java2d/pipe/hw/BufferedContextProvider
instanceKlass sun/java2d/d3d/D3DScreenUpdateManager$$Lambda$125+0x00000001001bbe00
instanceKlass sun/java2d/d3d/D3DScreenUpdateManager$$Lambda$124+0x00000001001bbbe0
instanceKlass sun/java2d/ScreenUpdateManager
instanceKlass sun/awt/im/InputMethodWindow
instanceKlass javax/swing/plaf/basic/BasicDirectoryModel$DoChangeContents
instanceKlass java/util/AbstractList$SubList$1
instanceKlass javax/swing/plaf/basic/BasicDirectoryModel$FilesLoader$1
instanceKlass sun/awt/shell/ShellFolder$1
instanceKlass sun/awt/ExtendedKeyCodes
instanceKlass sun/awt/RepaintArea
instanceKlass sun/awt/windows/WWindowPeer$GuiDisposedListener
instanceKlass sun/awt/windows/WWindowPeer$ActiveWindowListener
instanceKlass java/awt/peer/CanvasPeer
instanceKlass java/awt/peer/PanelPeer
instanceKlass java/awt/peer/FramePeer
instanceKlass java/awt/peer/WindowPeer
instanceKlass java/awt/peer/ContainerPeer
instanceKlass project/original_project$2
instanceKlass project/original_project$1
instanceKlass java/awt/TrayIcon
instanceKlass java/awt/MenuComponent
instanceKlass javax/swing/plaf/basic/BasicDirectoryModel$FilesLoader
instanceKlass javax/swing/plaf/basic/BasicDirectoryModel$1
instanceKlass sun/awt/shell/Win32ShellFolder2$13
instanceKlass javax/swing/filechooser/WindowsFileSystemView$1
instanceKlass sun/awt/shell/Win32ShellFolder2$11
instanceKlass sun/awt/shell/Win32ShellFolder2$ColumnComparator$1
instanceKlass sun/awt/shell/Win32ShellFolder2$18
instanceKlass sun/awt/shell/Win32ShellFolder2$5
instanceKlass sun/awt/shell/Win32ShellFolder2$8
instanceKlass sun/awt/shell/Win32ShellFolder2$10
instanceKlass sun/awt/shell/Win32ShellFolder2$9
instanceKlass sun/awt/shell/Win32ShellFolder2$ColumnComparator
instanceKlass sun/awt/shell/Win32ShellFolder2$16
instanceKlass sun/awt/shell/Win32ShellFolder2$4
instanceKlass sun/awt/shell/Win32ShellFolder2$2
instanceKlass sun/awt/shell/Win32ShellFolder2$12
instanceKlass sun/awt/shell/Win32ShellFolderManager2$1
instanceKlass sun/font/CMap
instanceKlass sun/font/FontScaler
instanceKlass sun/font/TrueTypeFont$DirectoryEntry
instanceKlass java/nio/DirectByteBuffer$Deallocator
instanceKlass sun/nio/ch/Util$BufferCache
instanceKlass sun/nio/ch/Util
instanceKlass sun/nio/ch/IOStatus
instanceKlass sun/nio/ch/NativeThread
instanceKlass java/nio/channels/spi/AbstractInterruptibleChannel$1
instanceKlass sun/nio/ch/Interruptible
instanceKlass sun/nio/ch/NativeDispatcher
instanceKlass sun/nio/ch/NativeThreadSet
instanceKlass sun/nio/ch/IOUtil
instanceKlass java/nio/file/attribute/FileAttribute
instanceKlass java/nio/channels/spi/AbstractInterruptibleChannel
instanceKlass java/nio/channels/InterruptibleChannel
instanceKlass java/nio/channels/ScatteringByteChannel
instanceKlass java/nio/channels/GatheringByteChannel
instanceKlass java/nio/channels/SeekableByteChannel
instanceKlass java/nio/channels/ByteChannel
instanceKlass java/nio/channels/WritableByteChannel
instanceKlass java/nio/channels/ReadableByteChannel
instanceKlass java/nio/channels/Channel
instanceKlass sun/font/TrueTypeFont$1
instanceKlass sun/font/TrueTypeFont$TTDisposerRecord
instanceKlass sun/font/StrikeCache$DisposableStrike
instanceKlass sun/font/FontStrikeDisposer
instanceKlass sun/java2d/Disposer$PollDisposable
instanceKlass sun/font/FontStrikeDesc
instanceKlass sun/font/FontDesignMetrics$MetricsKey
instanceKlass sun/awt/Win32FontManager$2
instanceKlass java/lang/ProcessEnvironment$CheckedEntry
instanceKlass java/lang/ProcessEnvironment$CheckedEntrySet$1
instanceKlass java/lang/ProcessEnvironment$EntryComparator
instanceKlass java/lang/ProcessEnvironment$NameComparator
instanceKlass sun/font/SunFontManager$3
instanceKlass sun/font/FontFamily
instanceKlass sun/font/CompositeFontDescriptor
instanceKlass sun/font/SunFontManager$FontRegistrationInfo
instanceKlass java/lang/Short$ShortCache
instanceKlass sun/awt/FontDescriptor
instanceKlass sun/awt/FontConfiguration
instanceKlass sun/font/SunFontManager$2
instanceKlass sun/awt/Win32FontManager$1
instanceKlass sun/font/FontManagerFactory$1
instanceKlass sun/font/FontManagerFactory
instanceKlass sun/font/GlyphList
instanceKlass sun/font/StrikeCache$1
instanceKlass sun/font/StrikeCache
instanceKlass sun/font/FontStrike
instanceKlass sun/font/CharToGlyphMapper
instanceKlass java/awt/geom/Path2D
instanceKlass sun/font/StrikeMetrics
instanceKlass sun/font/Font2D
instanceKlass sun/font/FontManagerNativeLibrary$1
instanceKlass sun/font/FontManagerNativeLibrary
instanceKlass sun/font/SunFontManager$1
instanceKlass sun/font/SunFontManager$T1Filter
instanceKlass sun/font/SunFontManager$TTFilter
instanceKlass java/io/FilenameFilter
instanceKlass sun/font/Font2DHandle
instanceKlass sun/font/SunFontManager
instanceKlass sun/font/FontManagerForSGE
instanceKlass sun/font/FontManager
instanceKlass sun/java2d/FontSupport
instanceKlass java/awt/FontMetrics
instanceKlass sun/swing/FilePane$Handler
instanceKlass javax/swing/JList$ListSelectionHandler
instanceKlass javax/swing/plaf/basic/BasicFileChooserUI$Handler
instanceKlass sun/swing/FilePane$DetailsTableRowSorter$1
instanceKlass sun/swing/FilePane$DirectoriesFirstComparatorWrapper
instanceKlass javax/swing/RowSorter$SortKey
instanceKlass sun/swing/FilePane$DetailsTableRowSorter$2
instanceKlass javax/swing/DefaultRowSorter$ModelWrapper
instanceKlass javax/swing/table/TableRowSorter$ComparableComparator
instanceKlass javax/swing/RowSorter
instanceKlass sun/awt/shell/ShellFolderColumnInfo
instanceKlass javax/swing/table/AbstractTableModel
instanceKlass javax/swing/table/TableModel
instanceKlass javax/swing/event/RowSorterListener
instanceKlass javax/swing/event/TableModelListener
instanceKlass sun/swing/FilePane$5
instanceKlass javax/swing/plaf/metal/MetalFileChooserUI$5
instanceKlass javax/swing/plaf/metal/MetalFileChooserUI$ButtonAreaLayout
instanceKlass javax/swing/plaf/metal/MetalFileChooserUI$2
instanceKlass javax/swing/ButtonGroup
instanceKlass sun/awt/shell/Win32ShellFolder2$6
instanceKlass sun/awt/shell/Win32ShellFolder2$1
instanceKlass sun/awt/shell/Win32ShellFolder2$FolderDisposer
instanceKlass sun/awt/shell/Win32ShellFolderManager2$ComInvoker$$Lambda$123+0x000000010018bd00
instanceKlass sun/awt/shell/Win32ShellFolderManager2$ComInvoker$1
instanceKlass java/util/concurrent/FutureTask$WaitNode
instanceKlass java/util/concurrent/FutureTask
instanceKlass java/util/concurrent/RunnableFuture
instanceKlass sun/awt/shell/Win32ShellFolder2$7
instanceKlass java/util/concurrent/Callable
instanceKlass sun/awt/shell/ShellFolder$4
instanceKlass sun/awt/shell/ShellFolder$3
instanceKlass sun/awt/shell/Win32ShellFolderManager2$ComInvoker$$Lambda$122+0x000000010018a250
instanceKlass sun/awt/shell/Win32ShellFolderManager2$ComInvoker$$Lambda$121+0x000000010018a030
instanceKlass java/util/concurrent/Executors$DefaultThreadFactory
instanceKlass java/util/concurrent/Executors
instanceKlass java/util/concurrent/LinkedBlockingQueue$Node
instanceKlass java/util/concurrent/BlockingQueue
instanceKlass java/util/concurrent/ThreadPoolExecutor$AbortPolicy
instanceKlass java/util/concurrent/RejectedExecutionHandler
instanceKlass sun/awt/shell/ShellFolder$Invoker
instanceKlass sun/awt/shell/ShellFolderManager
instanceKlass javax/swing/ActionPropertyChangeListener
instanceKlass javax/swing/plaf/metal/MetalFileChooserUI$IndentIcon
instanceKlass javax/swing/KeyboardManager
instanceKlass javax/swing/plaf/basic/BasicComboBoxUI$DefaultKeySelectionManager
instanceKlass javax/swing/JComboBox$KeySelectionManager
instanceKlass javax/swing/plaf/metal/MetalComboBoxIcon
instanceKlass javax/swing/plaf/basic/BasicComboBoxUI$Handler
instanceKlass javax/swing/plaf/basic/BasicComboBoxUI$PropertyChangeHandler
instanceKlass java/util/concurrent/ForkJoinPool$WorkQueue
instanceKlass java/util/concurrent/ForkJoinPool$1
instanceKlass java/util/concurrent/ForkJoinPool$DefaultForkJoinWorkerThreadFactory
instanceKlass java/util/concurrent/ForkJoinPool$ForkJoinWorkerThreadFactory
instanceKlass java/util/concurrent/ForkJoinTask
instanceKlass java/util/concurrent/Future
instanceKlass javax/swing/text/Segment
instanceKlass java/text/CharacterIterator
instanceKlass java/util/concurrent/AbstractExecutorService
instanceKlass java/util/concurrent/ExecutorService
instanceKlass java/util/concurrent/Executor
instanceKlass javax/swing/plaf/basic/BasicComboBoxEditor
instanceKlass javax/swing/ComboBoxEditor
instanceKlass java/util/concurrent/locks/AbstractQueuedSynchronizer$Node
instanceKlass java/util/concurrent/ForkJoinPool$ManagedBlocker
instanceKlass javax/swing/plaf/metal/MetalScrollPaneUI$1
instanceKlass java/awt/EventQueue$5
instanceKlass java/awt/EventQueue$4
instanceKlass javax/swing/plaf/basic/BasicScrollPaneUI$Handler
instanceKlass sun/awt/dnd/SunDragSourceContextPeer
instanceKlass java/awt/dnd/peer/DragSourceContextPeer
instanceKlass java/awt/ModalEventFilter
instanceKlass java/awt/EventDispatchThread$HierarchyEventFilter
instanceKlass java/awt/EventFilter
instanceKlass java/awt/EventDispatchThread$1
instanceKlass java/awt/Conditional
instanceKlass java/awt/EventQueue$6
instanceKlass sun/awt/EventQueueItem
instanceKlass java/awt/SequencedEvent$2
instanceKlass java/awt/SequencedEvent$1
instanceKlass sun/awt/AWTAccessor$SequencedEventAccessor
instanceKlass java/awt/event/InvocationEvent$1
instanceKlass sun/awt/AWTAccessor$InvocationEventAccessor
instanceKlass java/awt/ActiveEvent
instanceKlass javax/swing/JComponent$$Lambda$120+0x000000010016f058
instanceKlass java/lang/invoke/VarHandle$AccessDescriptor
instanceKlass java/awt/event/ComponentAdapter
instanceKlass javax/swing/plaf/basic/BasicScrollBarUI$ScrollListener
instanceKlass javax/swing/plaf/basic/BasicScrollBarUI$Handler
instanceKlass javax/swing/plaf/basic/BasicScrollBarUI$PropertyChangeHandler
instanceKlass javax/swing/plaf/basic/BasicScrollBarUI$ModelListener
instanceKlass javax/swing/plaf/metal/MetalBumps
instanceKlass javax/swing/JScrollBar$ModelListener
instanceKlass java/awt/Adjustable
instanceKlass javax/swing/ViewportLayout
instanceKlass javax/swing/ScrollPaneLayout
instanceKlass javax/swing/plaf/basic/BasicComboPopup$Handler
instanceKlass javax/swing/plaf/basic/BasicListUI$Handler
instanceKlass jdk/internal/reflect/ClassDefiner$1
instanceKlass jdk/internal/reflect/ClassDefiner
instanceKlass jdk/internal/reflect/MethodAccessorGenerator$1
instanceKlass jdk/internal/reflect/Label$PatchInfo
instanceKlass jdk/internal/reflect/Label
instanceKlass jdk/internal/reflect/UTF8
instanceKlass jdk/internal/reflect/ClassFileAssembler
instanceKlass jdk/internal/reflect/ByteVectorImpl
instanceKlass jdk/internal/reflect/ByteVector
instanceKlass jdk/internal/reflect/ByteVectorFactory
instanceKlass jdk/internal/reflect/AccessorGenerator
instanceKlass jdk/internal/reflect/ClassFileConstants
instanceKlass javax/swing/ListCellRenderer
instanceKlass java/util/BitSet
instanceKlass javax/swing/DefaultListSelectionModel
instanceKlass javax/swing/ListSelectionModel
instanceKlass java/awt/event/MouseMotionAdapter
instanceKlass javax/swing/ToolTipManager$stillInsideTimerAction
instanceKlass javax/swing/ToolTipManager$outsideTimerAction
instanceKlass javax/swing/ToolTipManager$insideTimerAction
instanceKlass javax/swing/plaf/basic/BasicPopupMenuUI$MenuKeyboardHelper
instanceKlass javax/swing/MenuSelectionManager
instanceKlass javax/swing/plaf/basic/BasicPopupMenuUI$MouseGrabber
instanceKlass javax/swing/plaf/basic/BasicPopupMenuUI$BasicMenuKeyListener
instanceKlass javax/swing/event/MenuKeyListener
instanceKlass javax/swing/plaf/basic/BasicPopupMenuUI$BasicPopupMenuListener
instanceKlass javax/swing/event/PopupMenuListener
instanceKlass javax/swing/plaf/basic/BasicLookAndFeel$1
instanceKlass java/awt/Toolkit$SelectiveAWTEventListener
instanceKlass javax/swing/plaf/basic/BasicLookAndFeel$AWTEventHelper
instanceKlass javax/swing/DefaultSingleSelectionModel
instanceKlass javax/swing/SingleSelectionModel
instanceKlass javax/swing/plaf/basic/BasicComboPopup$EmptyListModelClass
instanceKlass javax/swing/plaf/basic/ComboPopup
instanceKlass javax/swing/plaf/basic/BasicComboBoxUI$ComboBoxLayoutManager
instanceKlass javax/swing/AncestorNotifier
instanceKlass javax/swing/JComboBox$1
instanceKlass javax/swing/MutableComboBoxModel
instanceKlass javax/swing/MenuElement
instanceKlass javax/swing/BoxLayout
instanceKlass java/awt/event/FocusAdapter
instanceKlass java/awt/event/KeyAdapter
instanceKlass javax/swing/plaf/metal/MetalFileChooserUI$MetalFileChooserUIAccessor
instanceKlass sun/swing/FilePane$FileChooserUIAccessor
instanceKlass sun/swing/FilePane$3
instanceKlass javax/swing/plaf/metal/MetalIconFactory$FileChooserListViewIcon
instanceKlass javax/swing/plaf/metal/MetalIconFactory$FileChooserDetailViewIcon
instanceKlass javax/swing/plaf/metal/MetalIconFactory
instanceKlass sun/awt/image/GifFrame
instanceKlass java/lang/invoke/LambdaForm$MH+0x00000001000c2840
instanceKlass java/lang/invoke/LambdaForm$DMH+0x00000001000c3440
instanceKlass java/lang/invoke/LambdaForm$DMH+0x00000001000c3040
instanceKlass sun/awt/image/ImageWatched$WeakLink$$Lambda$119+0x000000010014c170
instanceKlass java/lang/invoke/LambdaForm$DMH+0x00000001000c3c40
instanceKlass sun/awt/image/ImageDecoder
instanceKlass sun/awt/image/ImageFetcher$1
instanceKlass sun/awt/image/FetcherInfo
instanceKlass sun/awt/image/ImageConsumerQueue
instanceKlass sun/awt/image/ImageWatched$Link
instanceKlass sun/awt/image/ImageWatched
instanceKlass java/awt/image/ImageConsumer
instanceKlass sun/awt/image/InputStreamImageSource
instanceKlass sun/awt/image/ImageFetchable
instanceKlass java/awt/image/ImageProducer
instanceKlass jdk/internal/jimage/decompressor/ZipDecompressor
instanceKlass jdk/internal/jimage/decompressor/ResourceDecompressor
instanceKlass jdk/internal/jimage/decompressor/ResourceDecompressorFactory
instanceKlass jdk/internal/jimage/decompressor/ResourceDecompressorRepository
instanceKlass jdk/internal/jimage/decompressor/CompressedResourceHeader
instanceKlass jdk/internal/jimage/BasicImageReader$$Lambda$118+0x0000000100148630
instanceKlass jdk/internal/jimage/decompressor/ResourceDecompressor$StringsProvider
instanceKlass java/util/TimSort
instanceKlass jdk/internal/jimage/ImageBufferCache$2
instanceKlass jdk/internal/jimage/ImageBufferCache
instanceKlass sun/swing/SwingUtilities2$$Lambda$117+0x00000001001474a8
instanceKlass javax/swing/AbstractListModel
instanceKlass javax/swing/filechooser/FileView
instanceKlass javax/swing/filechooser/FileFilter
instanceKlass javax/swing/event/ListSelectionListener
instanceKlass javax/swing/filechooser/FileSystemView$$Lambda$116+0x0000000100144258
instanceKlass java/lang/invoke/LambdaForm$DMH+0x00000001000c3840
instanceKlass javax/swing/filechooser/FileSystemView$$Lambda$115+0x0000000100143dc0
instanceKlass java/lang/invoke/LambdaForm$DMH+0x00000001000c4440
instanceKlass javax/swing/filechooser/FileSystemView
instanceKlass javax/swing/JFileChooser$FCHierarchyListener
instanceKlass javax/swing/JFileChooser$WeakPCL
instanceKlass java/beans/VetoableChangeListener
instanceKlass javax/swing/event/AncestorListener
instanceKlass javax/swing/plaf/basic/BasicButtonListener
instanceKlass javax/swing/AbstractButton$Handler
instanceKlass javax/swing/DefaultButtonModel
instanceKlass javax/swing/ButtonModel
instanceKlass javax/swing/JTextField$ScrollRepainter
instanceKlass javax/swing/DefaultBoundedRangeModel
instanceKlass javax/swing/BoundedRangeModel
instanceKlass javax/swing/plaf/synth/SynthUI
instanceKlass javax/swing/plaf/synth/SynthConstants
instanceKlass java/util/Hashtable$Enumerator
instanceKlass javax/swing/text/JTextComponent$DefaultKeymap
instanceKlass javax/swing/text/Keymap
instanceKlass javax/swing/text/PlainView$2
instanceKlass java/awt/Graphics
instanceKlass javax/swing/text/PlainView$1
instanceKlass javax/swing/text/PlainView$FPMethodItem
instanceKlass javax/swing/text/TabExpander
instanceKlass javax/swing/text/StyleContext$KeyEnumeration
instanceKlass javax/swing/text/GapContent$StickyPosition
instanceKlass javax/swing/text/Position
instanceKlass javax/swing/text/AbstractDocument$1
instanceKlass javax/swing/text/AbstractDocument$AbstractElement
instanceKlass javax/swing/tree/TreeNode
instanceKlass javax/swing/text/Element
instanceKlass java/util/LinkedHashMap$LinkedHashIterator
instanceKlass java/util/Collections$3
instanceKlass javax/swing/text/StyleContext$SmallAttributeSet
instanceKlass javax/swing/text/StyleContext$NamedStyle
instanceKlass javax/swing/text/Style
instanceKlass javax/swing/text/SimpleAttributeSet$EmptyAttributeSet
instanceKlass javax/swing/text/SimpleAttributeSet
instanceKlass javax/swing/text/MutableAttributeSet
instanceKlass javax/swing/text/AttributeSet
instanceKlass javax/swing/text/StyleContext$FontKey
instanceKlass javax/swing/text/AttributeSet$ParagraphAttribute
instanceKlass javax/swing/text/AttributeSet$ColorAttribute
instanceKlass javax/swing/text/AttributeSet$FontAttribute
instanceKlass javax/swing/text/AttributeSet$CharacterAttribute
instanceKlass javax/swing/text/StyleConstants
instanceKlass javax/swing/text/StyleContext
instanceKlass javax/swing/text/AbstractDocument$AttributeContext
instanceKlass javax/swing/text/GapVector
instanceKlass javax/swing/text/AbstractDocument$Content
instanceKlass javax/swing/text/AbstractDocument
instanceKlass javax/swing/TransferHandler$TransferSupport
instanceKlass javax/swing/TransferHandler$DropHandler
instanceKlass java/awt/datatransfer/SystemFlavorMap$SoftCache
instanceKlass java/awt/datatransfer/SystemFlavorMap$$Lambda$114+0x00000001001335c8
instanceKlass java/awt/datatransfer/DataFlavor
instanceKlass java/io/Externalizable
instanceKlass sun/awt/datatransfer/DesktopDatatransferServiceImpl
instanceKlass sun/datatransfer/DataFlavorUtil$DefaultDesktopDatatransferService
instanceKlass sun/datatransfer/DesktopDatatransferService
instanceKlass sun/datatransfer/DataFlavorUtil
instanceKlass java/awt/datatransfer/SystemFlavorMap
instanceKlass java/awt/datatransfer/FlavorTable
instanceKlass java/awt/datatransfer/FlavorMap
instanceKlass java/awt/dnd/DropTargetContext$1
instanceKlass sun/awt/AWTAccessor$DropTargetContextAccessor
instanceKlass java/awt/dnd/DropTargetContext
instanceKlass java/awt/dnd/DropTarget
instanceKlass java/awt/dnd/DropTargetListener
instanceKlass javax/swing/ClientPropertyKey$1
instanceKlass sun/awt/AWTAccessor$ClientPropertyKeyAccessor
instanceKlass javax/swing/text/DefaultHighlighter$SafeDamager
instanceKlass javax/swing/text/LayeredHighlighter$LayerPainter
instanceKlass javax/swing/text/Highlighter$HighlightPainter
instanceKlass javax/swing/text/Highlighter$Highlight
instanceKlass javax/swing/text/LayeredHighlighter
instanceKlass javax/swing/text/Highlighter
instanceKlass javax/swing/Timer$DoPostEvent
instanceKlass javax/swing/Timer
instanceKlass javax/swing/text/Document
instanceKlass javax/swing/text/DefaultCaret$Handler
instanceKlass java/awt/datatransfer/ClipboardOwner
instanceKlass javax/swing/text/Caret
instanceKlass javax/swing/plaf/metal/MetalBorders
instanceKlass java/awt/event/MouseAdapter
instanceKlass javax/swing/event/MouseInputListener
instanceKlass javax/swing/plaf/basic/DragRecognitionSupport$BeforeDrag
instanceKlass javax/swing/plaf/basic/BasicTextUI$UpdateHandler
instanceKlass javax/swing/event/DocumentListener
instanceKlass javax/swing/text/View
instanceKlass javax/swing/text/Position$Bias
instanceKlass sun/swing/UIAction
instanceKlass javax/swing/TransferHandler
instanceKlass javax/swing/text/EditorKit
instanceKlass javax/swing/text/ViewFactory
instanceKlass java/awt/AWTEventMulticaster
instanceKlass java/awt/event/HierarchyBoundsListener
instanceKlass java/awt/event/HierarchyListener
instanceKlass java/awt/event/InputMethodListener
instanceKlass java/awt/event/TextListener
instanceKlass java/awt/event/AdjustmentListener
instanceKlass java/awt/event/ItemListener
instanceKlass java/awt/event/WindowStateListener
instanceKlass java/awt/event/WindowFocusListener
instanceKlass java/awt/event/MouseMotionListener
instanceKlass java/awt/event/ContainerListener
instanceKlass java/awt/event/ComponentListener
instanceKlass java/awt/event/MouseListener
instanceKlass java/awt/event/FocusListener
instanceKlass javax/swing/event/ChangeListener
instanceKlass javax/swing/AbstractAction
instanceKlass javax/swing/Action
instanceKlass com/sun/beans/util/Cache$CacheEntry
instanceKlass com/sun/beans/util/Cache
instanceKlass javax/swing/text/JTextComponent$1
instanceKlass sun/swing/SwingAccessor$JTextComponentAccessor
instanceKlass java/awt/GridLayout
instanceKlass javax/swing/plaf/basic/BasicHTML
instanceKlass javax/swing/plaf/metal/DefaultMetalTheme$FontDelegate$1
instanceKlass java/awt/image/MultiResolutionImage
instanceKlass java/awt/MediaEntry
instanceKlass java/awt/MediaTracker
instanceKlass javax/swing/ImageIcon$2
instanceKlass javax/swing/ImageIcon$1
instanceKlass javax/swing/ImageIcon
instanceKlass java/io/RandomAccessFile$1
instanceKlass java/awt/image/BufferedImage$1
instanceKlass sun/awt/image/NativeLibLoader$1
instanceKlass sun/awt/image/NativeLibLoader
instanceKlass java/awt/image/SampleModel
instanceKlass java/awt/image/Raster
instanceKlass java/awt/image/DataBuffer$1
instanceKlass sun/awt/image/SunWritableRaster$DataStealer
instanceKlass java/awt/image/DataBuffer
instanceKlass com/sun/imageio/plugins/jpeg/JPEG$JCS
instanceKlass com/sun/imageio/plugins/jpeg/ImageTypeIterator
instanceKlass com/sun/imageio/plugins/jpeg/ImageTypeProducer
instanceKlass javax/imageio/IIOParam
instanceKlass com/sun/imageio/plugins/jpeg/JPEGImageReader$JPEGReaderDisposerRecord
instanceKlass com/sun/imageio/plugins/jpeg/JPEGImageReader$CallBackLock
instanceKlass javax/imageio/plugins/jpeg/JPEGHuffmanTable
instanceKlass javax/imageio/plugins/jpeg/JPEGQTable
instanceKlass com/sun/imageio/plugins/jpeg/JPEGImageReader$1
instanceKlass javax/imageio/ImageIO$ImageReaderIterator
instanceKlass javax/imageio/spi/FilterIterator
instanceKlass javax/imageio/ImageIO$CanDecodeInputFilter
instanceKlass javax/imageio/spi/ServiceRegistry$Filter
instanceKlass com/sun/imageio/stream/CloseableDisposerRecord
instanceKlass javax/imageio/stream/ImageInputStreamImpl
instanceKlass javax/imageio/ImageIO$CacheInfo
instanceKlass javax/imageio/spi/PartialOrderIterator
instanceKlass javax/imageio/ImageTypeSpecifier
instanceKlass javax/imageio/ImageWriter
instanceKlass javax/imageio/ImageTranscoder
instanceKlass javax/imageio/metadata/IIOMetadataFormat
instanceKlass javax/imageio/ImageReader
instanceKlass javax/imageio/spi/IIORegistry$1
instanceKlass com/sun/imageio/plugins/jpeg/JPEG
instanceKlass javax/imageio/stream/ImageOutputStream
instanceKlass javax/imageio/spi/DigraphNode
instanceKlass javax/imageio/stream/ImageInputStream
instanceKlass javax/imageio/spi/SubRegistry
instanceKlass java/util/Vector$Itr
instanceKlass javax/imageio/spi/IIOServiceProvider
instanceKlass javax/imageio/spi/RegisterableService
instanceKlass javax/imageio/spi/ServiceRegistry
instanceKlass javax/imageio/ImageIO
instanceKlass javax/swing/ActionMap
instanceKlass java/awt/event/KeyEvent$1
instanceKlass sun/awt/AWTAccessor$KeyEventAccessor
instanceKlass jdk/internal/reflect/UnsafeFieldAccessorFactory
instanceKlass java/awt/VKCollection
instanceKlass java/lang/invoke/LambdaForm$MH+0x00000001000c4040
instanceKlass java/util/StringTokenizer
instanceKlass javax/swing/InputMap
instanceKlass javax/swing/LayoutComparator
instanceKlass javax/swing/RepaintManager$PaintManager
instanceKlass javax/swing/JRootPane$RootLayout
instanceKlass javax/swing/ArrayTable
instanceKlass com/sun/java/swing/SwingUtilities3
instanceKlass javax/swing/RepaintManager$ProcessingRunnable
instanceKlass javax/swing/plaf/ComponentUI
instanceKlass sun/util/ResourceBundleEnumeration
instanceKlass javax/swing/UIDefaults$1
instanceKlass javax/swing/UIManager$2
instanceKlass sun/awt/PaintEventDispatcher
instanceKlass javax/swing/RepaintManager$1
instanceKlass sun/swing/SwingAccessor$RepaintManagerAccessor
instanceKlass javax/swing/RepaintManager$DisplayChangedHandler
instanceKlass javax/swing/RepaintManager
instanceKlass javax/swing/plaf/metal/OceanTheme$6
instanceKlass javax/swing/plaf/metal/OceanTheme$5
instanceKlass javax/swing/plaf/metal/OceanTheme$4
instanceKlass javax/swing/plaf/metal/OceanTheme$3
instanceKlass javax/swing/plaf/metal/OceanTheme$2
instanceKlass javax/swing/plaf/metal/OceanTheme$1
instanceKlass javax/swing/plaf/metal/OceanTheme$$Lambda$113+0x0000000100100278
instanceKlass java/util/EventListenerProxy
instanceKlass javax/swing/plaf/metal/MetalLookAndFeel$$Lambda$112+0x00000001000ff7d0
instanceKlass javax/swing/plaf/metal/MetalLookAndFeel$$Lambda$111+0x00000001000ff5b8
instanceKlass javax/swing/plaf/metal/MetalLookAndFeel$$Lambda$110+0x00000001000ff3a0
instanceKlass javax/swing/plaf/metal/MetalLookAndFeel$$Lambda$109+0x00000001000ff188
instanceKlass javax/swing/plaf/metal/MetalLookAndFeel$$Lambda$108+0x00000001000fef70
instanceKlass javax/swing/plaf/metal/MetalLookAndFeel$$Lambda$107+0x00000001000fed58
instanceKlass javax/swing/plaf/metal/MetalLookAndFeel$$Lambda$106+0x00000001000feb40
instanceKlass javax/swing/plaf/metal/MetalLookAndFeel$$Lambda$105+0x00000001000fe928
instanceKlass javax/swing/plaf/metal/MetalLookAndFeel$$Lambda$104+0x00000001000fe710
instanceKlass javax/swing/plaf/metal/MetalLookAndFeel$$Lambda$103+0x00000001000fe4f8
instanceKlass javax/swing/plaf/metal/MetalLookAndFeel$$Lambda$102+0x00000001000fe2e0
instanceKlass javax/swing/plaf/metal/MetalLookAndFeel$$Lambda$101+0x00000001000fe0c8
instanceKlass javax/swing/plaf/metal/MetalLookAndFeel$$Lambda$100+0x00000001000fdeb0
instanceKlass javax/swing/plaf/metal/MetalLookAndFeel$$Lambda$99+0x00000001000fdc98
instanceKlass javax/swing/plaf/metal/MetalLookAndFeel$$Lambda$98+0x00000001000fda80
instanceKlass javax/swing/plaf/metal/MetalLookAndFeel$$Lambda$97+0x00000001000fd868
instanceKlass javax/swing/plaf/metal/MetalLookAndFeel$$Lambda$96+0x00000001000fd650
instanceKlass javax/swing/plaf/metal/MetalLookAndFeel$$Lambda$95+0x00000001000fd438
instanceKlass javax/swing/plaf/metal/MetalLookAndFeel$$Lambda$94+0x00000001000fd220
instanceKlass javax/swing/plaf/metal/MetalLookAndFeel$$Lambda$93+0x00000001000fd008
instanceKlass javax/swing/plaf/metal/MetalLookAndFeel$$Lambda$92+0x00000001000fcdf0
instanceKlass javax/swing/plaf/metal/MetalLookAndFeel$$Lambda$91+0x00000001000fcbd8
instanceKlass javax/swing/plaf/metal/MetalLookAndFeel$$Lambda$90+0x00000001000fc9c0
instanceKlass javax/swing/plaf/metal/MetalLookAndFeel$$Lambda$89+0x00000001000fc7a8
instanceKlass javax/swing/plaf/metal/MetalLookAndFeel$$Lambda$88+0x00000001000fc590
instanceKlass javax/swing/plaf/metal/MetalLookAndFeel$$Lambda$87+0x00000001000fc378
instanceKlass javax/swing/plaf/metal/MetalLookAndFeel$$Lambda$86+0x00000001000fc160
instanceKlass javax/swing/plaf/metal/MetalLookAndFeel$$Lambda$85+0x00000001000fbf48
instanceKlass javax/swing/plaf/metal/MetalLookAndFeel$$Lambda$84+0x00000001000fbd30
instanceKlass javax/swing/plaf/metal/MetalLookAndFeel$$Lambda$83+0x00000001000fbb18
instanceKlass javax/swing/plaf/metal/MetalLookAndFeel$$Lambda$82+0x00000001000fb900
instanceKlass javax/swing/plaf/metal/MetalLookAndFeel$$Lambda$81+0x00000001000fb6e8
instanceKlass javax/swing/plaf/metal/MetalLookAndFeel$$Lambda$80+0x00000001000fb4d0
instanceKlass javax/swing/plaf/metal/MetalLookAndFeel$$Lambda$79+0x00000001000fb2b8
instanceKlass javax/swing/plaf/metal/MetalLookAndFeel$$Lambda$78+0x00000001000fb0a0
instanceKlass javax/swing/plaf/metal/MetalLookAndFeel$$Lambda$77+0x00000001000fae88
instanceKlass javax/swing/plaf/metal/MetalLookAndFeel$$Lambda$76+0x00000001000fac70
instanceKlass javax/swing/plaf/metal/MetalLookAndFeel$$Lambda$75+0x00000001000faa58
instanceKlass javax/swing/plaf/metal/MetalLookAndFeel$$Lambda$74+0x00000001000fa840
instanceKlass javax/swing/plaf/metal/MetalLookAndFeel$$Lambda$73+0x00000001000fa628
instanceKlass javax/swing/plaf/metal/MetalLookAndFeel$$Lambda$72+0x00000001000fa410
instanceKlass javax/swing/plaf/metal/MetalLookAndFeel$$Lambda$71+0x00000001000fa1f8
instanceKlass javax/swing/plaf/metal/MetalLookAndFeel$FontActiveValue
instanceKlass javax/swing/plaf/metal/MetalLookAndFeel$$Lambda$70+0x00000001000f9db0
instanceKlass javax/swing/plaf/metal/MetalLookAndFeel$$Lambda$69+0x00000001000f9b90
instanceKlass javax/swing/plaf/metal/MetalLookAndFeel$$Lambda$68+0x00000001000f9970
instanceKlass javax/swing/plaf/metal/MetalLookAndFeel$$Lambda$67+0x00000001000f9750
instanceKlass javax/swing/plaf/metal/MetalLookAndFeel$$Lambda$66+0x00000001000f9538
instanceKlass javax/swing/plaf/metal/MetalLookAndFeel$$Lambda$65+0x00000001000f9320
instanceKlass javax/swing/plaf/metal/MetalLookAndFeel$$Lambda$64+0x00000001000f9108
instanceKlass javax/swing/plaf/metal/MetalLookAndFeel$$Lambda$63+0x00000001000f8ef0
instanceKlass javax/swing/plaf/metal/MetalLookAndFeel$$Lambda$62+0x00000001000f8cd8
instanceKlass javax/swing/plaf/metal/MetalLookAndFeel$$Lambda$61+0x00000001000f8ab8
instanceKlass javax/swing/plaf/metal/MetalLookAndFeel$$Lambda$60+0x00000001000f88a0
instanceKlass javax/swing/plaf/metal/MetalLookAndFeel$$Lambda$59+0x00000001000f8688
instanceKlass javax/swing/plaf/metal/MetalLookAndFeel$$Lambda$58+0x00000001000f8470
instanceKlass javax/swing/plaf/metal/MetalLookAndFeel$$Lambda$57+0x00000001000f8258
instanceKlass javax/swing/plaf/metal/MetalLookAndFeel$$Lambda$56+0x00000001000f8040
instanceKlass javax/swing/plaf/metal/MetalLookAndFeel$$Lambda$55+0x00000001000f7c58
instanceKlass java/lang/Character$CharacterCache
instanceKlass javax/swing/plaf/basic/BasicLookAndFeel$$Lambda$54+0x00000001000f7650
instanceKlass javax/swing/plaf/basic/BasicLookAndFeel$$Lambda$53+0x00000001000f7438
instanceKlass javax/swing/plaf/basic/BasicLookAndFeel$$Lambda$52+0x00000001000f7220
instanceKlass javax/swing/plaf/basic/BasicLookAndFeel$$Lambda$51+0x00000001000f7008
instanceKlass javax/swing/plaf/basic/BasicLookAndFeel$$Lambda$50+0x00000001000f6df0
instanceKlass javax/swing/plaf/basic/BasicLookAndFeel$$Lambda$49+0x00000001000f6bd8
instanceKlass javax/swing/UIDefaults$LazyInputMap
instanceKlass javax/swing/plaf/basic/BasicLookAndFeel$$Lambda$48+0x00000001000f6798
instanceKlass javax/swing/plaf/basic/BasicLookAndFeel$$Lambda$47+0x00000001000f6580
instanceKlass javax/swing/plaf/basic/BasicLookAndFeel$$Lambda$46+0x00000001000f6368
instanceKlass javax/swing/plaf/basic/BasicLookAndFeel$$Lambda$45+0x00000001000f6150
instanceKlass javax/swing/plaf/basic/BasicLookAndFeel$$Lambda$44+0x00000001000f5f38
instanceKlass javax/swing/plaf/basic/BasicLookAndFeel$$Lambda$43+0x00000001000f5d20
instanceKlass javax/swing/plaf/basic/BasicLookAndFeel$$Lambda$42+0x00000001000f5b08
instanceKlass java/lang/invoke/LambdaForm$DMH+0x00000001000c4c40
instanceKlass javax/swing/plaf/basic/BasicLookAndFeel$$Lambda$41+0x00000001000f56b8
instanceKlass javax/swing/plaf/basic/BasicLookAndFeel$$Lambda$40+0x00000001000f54a0
instanceKlass javax/swing/plaf/basic/BasicLookAndFeel$$Lambda$39+0x00000001000f5288
instanceKlass javax/swing/plaf/basic/BasicLookAndFeel$$Lambda$38+0x00000001000f5070
instanceKlass javax/swing/plaf/basic/BasicLookAndFeel$$Lambda$37+0x00000001000f4e58
instanceKlass javax/swing/plaf/basic/BasicLookAndFeel$$Lambda$36+0x00000001000f4c40
instanceKlass javax/swing/plaf/basic/BasicLookAndFeel$$Lambda$35+0x00000001000f4a28
instanceKlass javax/swing/plaf/basic/BasicLookAndFeel$$Lambda$34+0x00000001000f4810
instanceKlass javax/swing/plaf/basic/BasicLookAndFeel$2
instanceKlass javax/swing/plaf/basic/BasicLookAndFeel$$Lambda$33+0x00000001000f43d0
instanceKlass java/lang/invoke/LambdaForm$MH+0x00000001000c4840
instanceKlass java/lang/invoke/LambdaForm$DMH+0x00000001000c5440
instanceKlass java/lang/invoke/LambdaForm$DMH+0x00000001000c5040
instanceKlass sun/swing/SwingUtilities2$$Lambda$32+0x00000001000f41b0
instanceKlass java/lang/invoke/LambdaForm$DMH+0x00000001000c5c40
instanceKlass javax/swing/plaf/basic/BasicLookAndFeel$$Lambda$31+0x00000001000f3f98
instanceKlass javax/swing/plaf/basic/BasicLookAndFeel$$Lambda$30+0x00000001000f3d80
instanceKlass javax/swing/plaf/basic/BasicLookAndFeel$$Lambda$29+0x00000001000f3b68
instanceKlass java/lang/invoke/LambdaForm$DMH+0x00000001000c5840
instanceKlass javax/swing/plaf/basic/BasicLookAndFeel$$Lambda$28+0x00000001000f3948
instanceKlass javax/swing/border/AbstractBorder
instanceKlass javax/swing/border/Border
instanceKlass javax/swing/plaf/basic/BasicLookAndFeel$$Lambda$27+0x00000001000f2e00
instanceKlass javax/swing/plaf/basic/BasicLookAndFeel$$Lambda$26+0x00000001000f2be8
instanceKlass javax/swing/plaf/basic/BasicLookAndFeel$$Lambda$25+0x00000001000f29d0
instanceKlass javax/swing/plaf/basic/BasicLookAndFeel$$Lambda$24+0x00000001000f27b8
instanceKlass javax/swing/plaf/basic/BasicLookAndFeel$$Lambda$23+0x00000001000f25a0
instanceKlass javax/swing/plaf/basic/BasicLookAndFeel$$Lambda$22+0x00000001000f2388
instanceKlass javax/swing/UIDefaults$ActiveValue
instanceKlass javax/swing/plaf/basic/BasicLookAndFeel$$Lambda$21+0x00000001000f1d70
instanceKlass javax/swing/plaf/basic/BasicLookAndFeel$$Lambda$20+0x00000001000f1b58
instanceKlass javax/swing/plaf/basic/BasicLookAndFeel$$Lambda$19+0x00000001000f1940
instanceKlass javax/swing/plaf/basic/BasicLookAndFeel$$Lambda$18+0x00000001000f1728
instanceKlass javax/swing/plaf/basic/BasicLookAndFeel$$Lambda$17+0x00000001000f1510
instanceKlass javax/swing/UIDefaults$LazyValue
instanceKlass javax/swing/plaf/metal/DefaultMetalTheme$FontDelegate
instanceKlass javax/swing/plaf/UIResource
instanceKlass javax/swing/plaf/metal/MetalTheme
instanceKlass sun/swing/DefaultLookup
instanceKlass javax/swing/LookAndFeel
instanceKlass javax/swing/UIManager$1
instanceKlass javax/swing/UIDefaults$$Lambda$16+0x00000001000ee530
instanceKlass sun/swing/SwingAccessor$UIDefaultsAccessor
instanceKlass javax/swing/UIManager$LAFState
instanceKlass sun/swing/SwingUtilities2$LSBCacheEntry
instanceKlass sun/swing/StringUIClientPropertyKey
instanceKlass javax/swing/UIClientPropertyKey
instanceKlass java/awt/font/FontRenderContext
instanceKlass sun/swing/SwingUtilities2
instanceKlass java/util/IdentityHashMap$IdentityHashMapIterator
instanceKlass java/util/Collections$SynchronizedCollection
instanceKlass java/awt/Toolkit$DesktopPropertyChangeSupport$1
instanceKlass java/util/ComparableTimSort
instanceKlass java/util/Arrays$LegacyMergeSort
instanceKlass sun/awt/SunHints$Value
instanceKlass java/awt/RenderingHints$Key
instanceKlass sun/awt/SunHints
instanceKlass java/awt/RenderingHints
instanceKlass sun/awt/windows/WDesktopProperties$WinPlaySound
instanceKlass java/awt/Color
instanceKlass java/awt/Paint
instanceKlass java/lang/invoke/LambdaForm$MH+0x00000001000c6440
instanceKlass java/util/concurrent/locks/ReentrantReadWriteLock$WriteLock
instanceKlass java/util/concurrent/locks/ReentrantReadWriteLock$ReadLock
instanceKlass java/util/concurrent/locks/ReentrantReadWriteLock
instanceKlass java/util/concurrent/locks/ReadWriteLock
instanceKlass sun/awt/windows/ThemeReader
instanceKlass sun/awt/windows/WDesktopProperties
instanceKlass sun/awt/OSInfo$1
instanceKlass java/lang/invoke/LambdaForm$MH+0x00000001000c6040
instanceKlass java/lang/invoke/LambdaForm$MH+0x00000001000c6c40
instanceKlass java/lang/invoke/LambdaForm$MH+0x00000001000c6840
instanceKlass java/lang/invoke/LambdaForm$MH+0x00000001000c7440
instanceKlass java/lang/invoke/LambdaForm$MH+0x00000001000c7040
instanceKlass java/lang/invoke/LambdaForm$MH+0x00000001000c7c40
instanceKlass sun/awt/OSInfo$WindowsVersion
instanceKlass sun/awt/OSInfo
instanceKlass javax/swing/UIManager$LookAndFeelInfo
instanceKlass javax/swing/UIManager
instanceKlass java/awt/FlowLayout
instanceKlass javax/swing/SwingUtilities
instanceKlass javax/swing/JComponent$2
instanceKlass javax/swing/JComponent$1
instanceKlass sun/swing/SwingAccessor$JComponentAccessor
instanceKlass sun/awt/KeyboardFocusManagerPeerImpl
instanceKlass java/awt/peer/KeyboardFocusManagerPeer
instanceKlass javax/swing/KeyStroke$1
instanceKlass sun/swing/SwingAccessor$KeyStrokeAccessor
instanceKlass sun/swing/SwingAccessor
instanceKlass java/awt/AWTKeyStroke
instanceKlass java/awt/FocusTraversalPolicy
instanceKlass java/awt/DefaultKeyboardFocusManager$2
instanceKlass java/awt/DefaultKeyboardFocusManager$1
instanceKlass sun/awt/AWTAccessor$DefaultKeyboardFocusManagerAccessor
instanceKlass java/awt/KeyboardFocusManager$1
instanceKlass sun/awt/AWTAccessor$KeyboardFocusManagerAccessor
instanceKlass java/awt/KeyboardFocusManager
instanceKlass java/awt/KeyEventPostProcessor
instanceKlass java/awt/KeyEventDispatcher
instanceKlass java/awt/Window$WindowDisposerRecord
instanceKlass java/awt/geom/RectangularShape
instanceKlass java/awt/Shape
instanceKlass java/awt/BorderLayout
instanceKlass java/awt/LayoutManager2
instanceKlass java/awt/GraphicsConfiguration
instanceKlass sun/awt/image/SurfaceManager$ProxiedGraphicsConfig
instanceKlass sun/java2d/pipe/hw/ContextCapabilities
instanceKlass sun/java2d/d3d/D3DGraphicsDevice$1
instanceKlass sun/java2d/d3d/D3DGraphicsDevice$1Result
instanceKlass sun/java2d/d3d/D3DRenderQueue$1
instanceKlass sun/java2d/pipe/RenderBuffer
instanceKlass sun/java2d/pipe/RenderQueue
instanceKlass sun/awt/windows/WToolkit$$Lambda$15+0x00000001000de268
instanceKlass java/lang/Shutdown$Lock
instanceKlass java/lang/Shutdown
instanceKlass java/lang/ApplicationShutdownHooks$1
instanceKlass java/lang/ApplicationShutdownHooks
instanceKlass sun/awt/windows/WToolkit$$Lambda$14+0x00000001000dd828
instanceKlass sun/awt/windows/WToolkit$$Lambda$13+0x00000001000dd608
instanceKlass sun/awt/windows/WToolkit$$Lambda$12+0x00000001000dd3f0
instanceKlass sun/awt/windows/WToolkit$$Lambda$11+0x00000001000dd1d0
instanceKlass sun/awt/windows/WToolkit$$Lambda$10+0x00000001000dcfb8
instanceKlass sun/awt/AWTAutoShutdown$$Lambda$9+0x00000001000dcd98
instanceKlass sun/awt/AWTAutoShutdown
instanceKlass sun/awt/util/ThreadGroupUtils
instanceKlass sun/java2d/Disposer$$Lambda$8+0x00000001000dc760
instanceKlass java/lang/invoke/LambdaForm$DMH+0x00000001000c7840
instanceKlass sun/java2d/Disposer$1
instanceKlass sun/java2d/Disposer
instanceKlass sun/awt/windows/WToolkit$ToolkitDisposer
instanceKlass sun/java2d/DisposerRecord
instanceKlass sun/awt/util/PerformanceLogger$TimeData
instanceKlass sun/awt/util/PerformanceLogger
instanceKlass sun/awt/SunToolkit$ModalityListenerList
instanceKlass sun/awt/ModalityListener
instanceKlass java/beans/PropertyChangeListener
instanceKlass java/beans/ChangeListenerMap
instanceKlass java/beans/PropertyChangeSupport
instanceKlass java/awt/GraphicsDevice
instanceKlass sun/awt/SunDisplayChanger
instanceKlass sun/java2d/SurfaceManagerFactory
instanceKlass sun/java2d/windows/WindowsFlags$1
instanceKlass sun/java2d/windows/WindowsFlags
instanceKlass sun/util/logging/PlatformLogger$ConfigurableBridge$LoggerConfiguration
instanceKlass jdk/internal/logger/BootstrapLogger$RedirectedLoggers
instanceKlass javax/swing/event/EventListenerList
instanceKlass sun/awt/windows/WDesktopPeer
instanceKlass java/awt/peer/DesktopPeer
instanceKlass sun/awt/image/SurfaceManager
instanceKlass sun/awt/image/SurfaceManager$ImageAccessor
instanceKlass java/awt/ImageCapabilities
instanceKlass sun/java2d/DestSurfaceProvider
instanceKlass sun/java2d/loops/RenderCache$Entry
instanceKlass sun/java2d/loops/RenderCache
instanceKlass sun/java2d/pipe/DrawImage
instanceKlass sun/java2d/pipe/GeneralCompositePipe
instanceKlass sun/java2d/pipe/SpanShapeRenderer
instanceKlass sun/java2d/pipe/AlphaPaintPipe
instanceKlass sun/java2d/pipe/AAShapePipe
instanceKlass sun/java2d/pipe/RegionIterator
instanceKlass sun/java2d/pipe/Region
instanceKlass sun/java2d/pipe/SpanClipRenderer
instanceKlass sun/java2d/pipe/PixelToShapeConverter
instanceKlass sun/java2d/pipe/AlphaColorPipe
instanceKlass sun/java2d/pipe/CompositePipe
instanceKlass sun/font/FontUtilities$1
instanceKlass sun/font/FontUtilities
instanceKlass sun/java2d/pipe/GlyphListPipe
instanceKlass sun/java2d/pipe/OutlineTextRenderer
instanceKlass java/util/concurrent/ConcurrentLinkedQueue$Node
instanceKlass sun/java2d/ReentrantContextProvider
instanceKlass sun/java2d/marlin/FloatMath
instanceKlass sun/java2d/marlin/MarlinProperties
instanceKlass sun/java2d/marlin/MarlinConst
instanceKlass sun/java2d/pipe/RenderingEngine
instanceKlass sun/java2d/pipe/LoopPipe
instanceKlass sun/java2d/pipe/LoopBasedPipe
instanceKlass sun/java2d/pipe/ParallelogramPipe
instanceKlass sun/java2d/pipe/NullPipe
instanceKlass sun/java2d/pipe/DrawImagePipe
instanceKlass sun/java2d/pipe/TextPipe
instanceKlass sun/java2d/pipe/ShapeDrawPipe
instanceKlass sun/java2d/pipe/PixelFillPipe
instanceKlass sun/java2d/pipe/PixelDrawPipe
instanceKlass sun/java2d/StateTrackableDelegate$2
instanceKlass sun/java2d/StateTrackableDelegate
instanceKlass java/awt/color/ICC_Profile$1
instanceKlass sun/java2d/cmm/ProfileActivator
instanceKlass sun/java2d/cmm/ProfileDeferralMgr
instanceKlass java/awt/color/ICC_Profile
instanceKlass java/awt/color/ColorSpace
instanceKlass java/awt/image/ColorModel$1
instanceKlass java/awt/image/ColorModel
instanceKlass sun/awt/image/PixelConverter
instanceKlass sun/java2d/loops/SurfaceType
instanceKlass sun/java2d/SurfaceData
instanceKlass sun/java2d/Surface
instanceKlass sun/java2d/StateTrackable
instanceKlass sun/java2d/DisposerTarget
instanceKlass sun/awt/windows/WToolkit$1
instanceKlass sun/awt/DisplayChangedListener
instanceKlass java/awt/GraphicsEnvironment$LocalGE
instanceKlass java/awt/Cursor$1
instanceKlass sun/awt/AWTAccessor$CursorAccessor
instanceKlass java/awt/geom/Point2D
instanceKlass java/awt/Cursor
instanceKlass sun/awt/PostEventQueue
instanceKlass sun/awt/MostRecentKeyValue
instanceKlass java/lang/invoke/LambdaForm$MH+0x00000001000c1440
instanceKlass java/lang/invoke/LambdaForm$MH+0x00000001000c1040
instanceKlass java/lang/invoke/LambdaForm$MH+0x00000001000c0c40
instanceKlass java/lang/invoke/LambdaForm$MH+0x00000001000c0840
instanceKlass java/lang/invoke/LambdaForm$MH+0x00000001000c0440
instanceKlass java/lang/invoke/LambdaForm$MH+0x00000001000c0040
instanceKlass java/awt/Queue
instanceKlass java/awt/EventQueue$3
instanceKlass java/awt/EventQueue$2
instanceKlass sun/awt/AWTAccessor$EventQueueAccessor
instanceKlass java/awt/EventQueue$1
instanceKlass java/awt/EventQueue
instanceKlass sun/awt/AppContext$1
instanceKlass sun/awt/WeakIdentityHashMap
instanceKlass java/util/concurrent/locks/AbstractQueuedSynchronizer$ConditionObject
instanceKlass java/util/concurrent/locks/Condition
instanceKlass sun/awt/KeyboardFocusManagerPeerProvider
instanceKlass sun/awt/InputMethodSupport
instanceKlass sun/awt/ComponentFactory
instanceKlass sun/awt/AppContext$2
instanceKlass sun/awt/AppContext$3
instanceKlass sun/awt/AppContext$6
instanceKlass jdk/internal/access/JavaAWTAccess
instanceKlass sun/awt/AppContext$GetAppContextLock
instanceKlass java/util/Collections$SynchronizedMap
instanceKlass sun/awt/AppContext
instanceKlass java/awt/ComponentOrientation
instanceKlass java/awt/Frame$1
instanceKlass sun/awt/AWTAccessor$FrameAccessor
instanceKlass java/awt/Window$1
instanceKlass sun/awt/AWTAccessor$WindowAccessor
instanceKlass java/lang/invoke/VarForm
instanceKlass java/lang/invoke/VarHandleGuards
instanceKlass jdk/internal/util/Preconditions$1
instanceKlass java/lang/invoke/VarHandle$1
instanceKlass java/lang/ClassValue$Version
instanceKlass java/lang/ClassValue$Identity
instanceKlass java/lang/ClassValue
instanceKlass java/lang/invoke/VarHandles
instanceKlass java/util/concurrent/atomic/AtomicBoolean
instanceKlass java/awt/Container$1
instanceKlass sun/awt/AWTAccessor$ContainerAccessor
instanceKlass java/awt/geom/Dimension2D
instanceKlass java/awt/LightweightDispatcher
instanceKlass java/awt/event/AWTEventListener
instanceKlass java/awt/Component$DummyRequestFocusController
instanceKlass sun/awt/RequestFocusController
instanceKlass java/awt/Component$1
instanceKlass sun/awt/AWTAccessor$ComponentAccessor
instanceKlass java/awt/font/JavaAWTFontAccessImpl
instanceKlass jdk/internal/access/JavaAWTFontAccess
instanceKlass java/text/AttributedCharacterIterator$Attribute
instanceKlass sun/font/AttributeValues
instanceKlass java/awt/geom/AffineTransform
instanceKlass sun/font/FontAccess
instanceKlass java/awt/Font
instanceKlass sun/awt/windows/WObjectPeer
instanceKlass java/awt/dnd/peer/DropTargetPeer
instanceKlass java/awt/peer/ComponentPeer
instanceKlass java/awt/event/InputEvent$1
instanceKlass sun/awt/AWTAccessor$InputEventAccessor
instanceKlass java/awt/event/NativeLibLoader$1
instanceKlass java/awt/event/NativeLibLoader
instanceKlass java/awt/AWTEvent$1
instanceKlass sun/awt/AWTAccessor$AWTEventAccessor
instanceKlass sun/awt/PlatformGraphicsInfo
instanceKlass java/lang/invoke/LambdaForm$MH+0x0000000100062c40
instanceKlass sun/invoke/util/Wrapper$1
instanceKlass java/lang/invoke/InnerClassLambdaMetafactory$1
instanceKlass java/awt/GraphicsEnvironment$$Lambda$7+0x00000001000af4c8
instanceKlass java/lang/invoke/LambdaForm$DMH+0x0000000100062840
instanceKlass java/awt/GraphicsEnvironment
instanceKlass java/awt/Insets
instanceKlass java/lang/invoke/LambdaForm$MH+0x0000000100063440
instanceKlass java/lang/invoke/LambdaForm$MH+0x0000000100063040
instanceKlass java/lang/invoke/LambdaForm$MH+0x0000000100063c40
instanceKlass java/lang/invoke/LambdaForm$MH+0x0000000100063840
instanceKlass java/lang/invoke/LambdaForm$MH+0x0000000100064440
instanceKlass java/lang/invoke/LambdaForm$MH+0x0000000100064040
instanceKlass java/lang/invoke/LambdaForm$MH+0x0000000100064c40
instanceKlass java/lang/invoke/LambdaForm$MH+0x0000000100064840
instanceKlass java/lang/invoke/LambdaForm$MH+0x0000000100065440
instanceKlass java/lang/invoke/LambdaForm$MH+0x0000000100065040
instanceKlass java/util/TreeMap$PrivateEntryIterator
instanceKlass java/util/TreeMap$Entry
instanceKlass java/lang/invoke/LambdaFormEditor$1
instanceKlass java/util/NavigableMap
instanceKlass java/util/SortedMap
instanceKlass java/lang/invoke/LambdaForm$MH+0x0000000100065c40
instanceKlass java/lang/invoke/LambdaForm$MH+0x0000000100065840
instanceKlass java/lang/invoke/MethodHandles$1
instanceKlass java/lang/Long$LongCache
instanceKlass java/lang/invoke/LambdaForm$MH+0x0000000100066440
instanceKlass java/lang/invoke/LambdaForm$MH+0x0000000100066040
instanceKlass java/lang/invoke/LambdaForm$MH+0x0000000100066c40
instanceKlass java/lang/invoke/LambdaForm$MH+0x0000000100066840
instanceKlass java/lang/invoke/LambdaForm$MH+0x0000000100067440
instanceKlass java/lang/invoke/LambdaForm$MH+0x0000000100067040
instanceKlass java/lang/invoke/LambdaForm$MH+0x0000000100067c40
instanceKlass java/lang/invoke/LambdaFormBuffer
instanceKlass java/lang/invoke/LambdaFormEditor$TransformKey
instanceKlass java/lang/invoke/LambdaFormEditor
instanceKlass java/lang/invoke/DirectMethodHandle$1
instanceKlass java/lang/invoke/ClassSpecializer$Factory
instanceKlass java/lang/invoke/ClassSpecializer$SpeciesData
instanceKlass java/lang/invoke/ClassSpecializer$1
instanceKlass java/lang/invoke/ClassSpecializer
instanceKlass java/lang/invoke/DelegatingMethodHandle$Holder
instanceKlass java/awt/Toolkit$1
instanceKlass java/awt/Toolkit$2
instanceKlass jdk/internal/module/SystemModuleFinders$SystemModuleReader$$Lambda$6+0x00000001000a6b78
instanceKlass jdk/internal/module/Checks
instanceKlass java/util/ResourceBundle$ResourceBundleProviderHelper$$Lambda$5+0x00000001000a6758
instanceKlass java/util/ResourceBundle$ResourceBundleProviderHelper$$Lambda$4+0x00000001000a62e8
instanceKlass java/util/Properties$LineReader
instanceKlass java/security/Security$1
instanceKlass java/security/Security
instanceKlass sun/security/util/SecurityProperties
instanceKlass sun/security/util/FilePermCompat
instanceKlass sun/security/util/SecurityConstants
instanceKlass java/util/ResourceBundle$ResourceBundleProviderHelper$$Lambda$3+0x00000001000a42f0
instanceKlass java/util/ResourceBundle$ResourceBundleProviderHelper
instanceKlass java/util/ResourceBundle$3
instanceKlass java/util/LinkedList$Node
instanceKlass java/util/ResourceBundle$CacheKeyReference
instanceKlass java/util/ResourceBundle$CacheKey
instanceKlass java/util/ResourceBundle$$Lambda$2+0x00000001000a25e0
instanceKlass sun/util/locale/LocaleObjectCache
instanceKlass java/util/ResourceBundle$Control
instanceKlass java/util/ResourceBundle$1
instanceKlass jdk/internal/access/JavaUtilResourceBundleAccess
instanceKlass java/util/ResourceBundle
instanceKlass java/awt/Toolkit$4
instanceKlass sun/awt/AWTAccessor
instanceKlass java/awt/Toolkit$3
instanceKlass sun/awt/AWTAccessor$ToolkitAccessor
instanceKlass java/awt/Toolkit
instanceKlass java/awt/Component$AWTTreeLock
instanceKlass jdk/internal/logger/LazyLoggers$LazyLoggerAccessor
instanceKlass jdk/internal/logger/LazyLoggers$LoggerAccessor
instanceKlass jdk/internal/logger/AbstractLoggerWrapper
instanceKlass java/util/ServiceLoader$ProviderImpl
instanceKlass java/util/ServiceLoader$Provider
instanceKlass java/util/ServiceLoader$1
instanceKlass sun/util/logging/internal/LoggingProviderImpl$LogManagerAccess
instanceKlass java/util/concurrent/CopyOnWriteArrayList$COWIterator
instanceKlass jdk/internal/loader/URLClassPath$1
instanceKlass java/lang/CompoundEnumeration
instanceKlass jdk/internal/loader/BuiltinClassLoader$1
instanceKlass java/util/Collections$EmptyEnumeration
instanceKlass java/util/Collections$EmptyIterator
instanceKlass jdk/internal/jimage/ImageLocation
instanceKlass jdk/internal/jimage/decompressor/Decompressor
instanceKlass jdk/internal/jimage/ImageStringsReader
instanceKlass jdk/internal/jimage/ImageStrings
instanceKlass jdk/internal/jimage/ImageHeader
instanceKlass jdk/internal/jimage/NativeImageBuffer$1
instanceKlass jdk/internal/jimage/NativeImageBuffer
instanceKlass jdk/internal/jimage/BasicImageReader$1
instanceKlass jdk/internal/jimage/BasicImageReader
instanceKlass jdk/internal/jimage/ImageReader
instanceKlass jdk/internal/jimage/ImageReaderFactory$1
instanceKlass java/nio/file/Paths
instanceKlass jdk/internal/jimage/ImageReaderFactory
instanceKlass jdk/internal/module/SystemModuleFinders$SystemImage
instanceKlass jdk/internal/module/SystemModuleFinders$SystemModuleReader
instanceKlass java/lang/module/ModuleReader
instanceKlass jdk/internal/loader/BuiltinClassLoader$5
instanceKlass jdk/internal/loader/BuiltinClassLoader$2
instanceKlass jdk/internal/module/Resources
instanceKlass java/util/ServiceLoader$3
instanceKlass java/util/ServiceLoader$2
instanceKlass java/util/ServiceLoader$LazyClassPathLookupIterator
instanceKlass java/lang/ModuleLayer$$Lambda$1+0x0000000100098d60
